<?xml version="1.0" encoding="UTF-8"?>
<testsuite name="com.hrManagement.unit.logica.PerfilEmpleadoLogicaTest" tests="11" skipped="0" failures="0" errors="0" timestamp="2023-09-30T14:13:29" hostname="LAPTOP-MOFDOF3V" time="0.087">
  <properties/>
  <testcase name="testGuardarPerfilEmpleado()" classname="com.hrManagement.unit.logica.PerfilEmpleadoLogicaTest" time="0.009"/>
  <testcase name="testGuardarPerfilEmpleadoWithEmptyCertificaciones()" classname="com.hrManagement.unit.logica.PerfilEmpleadoLogicaTest" time="0.013"/>
  <testcase name="testObtenerPerfilEmpleadoPorIDWithNonexistentID()" classname="com.hrManagement.unit.logica.PerfilEmpleadoLogicaTest" time="0.006"/>
  <testcase name="testGuardarPerfilEmpleadoWithNonexistentEmpleado()" classname="com.hrManagement.unit.logica.PerfilEmpleadoLogicaTest" time="0.005"/>
  <testcase name="testObtenerPerfilEmpleadoPorID()" classname="com.hrManagement.unit.logica.PerfilEmpleadoLogicaTest" time="0.005"/>
  <testcase name="testObtenerTodosLosPerfilesDeEmpleados()" classname="com.hrManagement.unit.logica.PerfilEmpleadoLogicaTest" time="0.004"/>
  <testcase name="testEliminarPerfilEmpleado()" classname="com.hrManagement.unit.logica.PerfilEmpleadoLogicaTest" time="0.004"/>
  <testcase name="testGuardarPerfilEmpleadoWithEmptyExperiencia()" classname="com.hrManagement.unit.logica.PerfilEmpleadoLogicaTest" time="0.004"/>
  <testcase name="testEliminarPerfilEmpleadoWithNonexistentID()" classname="com.hrManagement.unit.logica.PerfilEmpleadoLogicaTest" time="0.007"/>
  <testcase name="testGuardarPerfilEmpleadoWithEmptyHabilidades()" classname="com.hrManagement.unit.logica.PerfilEmpleadoLogicaTest" time="0.003"/>
  <testcase name="testGuardarPerfilEmpleadoWithEmptyNombre()" classname="com.hrManagement.unit.logica.PerfilEmpleadoLogicaTest" time="0.003"/>
  <system-out><![CDATA[2023-09-30 09:13:29.051  INFO 6980 --- [    Test worker] .b.t.c.SpringBootTestContextBootstrapper : Neither @ContextConfiguration nor @ContextHierarchy found for test class [com.hrManagement.unit.logica.PerfilEmpleadoLogicaTest], using SpringBootContextLoader
2023-09-30 09:13:29.052  INFO 6980 --- [    Test worker] o.s.t.c.support.AbstractContextLoader    : Could not detect default resource locations for test class [com.hrManagement.unit.logica.PerfilEmpleadoLogicaTest]: no resource found for suffixes {-context.xml, Context.groovy}.
2023-09-30 09:13:29.052  INFO 6980 --- [    Test worker] t.c.s.AnnotationConfigContextLoaderUtils : Could not detect default configuration classes for test class [com.hrManagement.unit.logica.PerfilEmpleadoLogicaTest]: PerfilEmpleadoLogicaTest does not declare any static, non-private, non-final, nested classes annotated with @Configuration.
2023-09-30 09:13:29.054  INFO 6980 --- [    Test worker] .b.t.c.SpringBootTestContextBootstrapper : Found @SpringBootConfiguration com.hrManagement.HrmanamentApplication for test class com.hrManagement.unit.logica.PerfilEmpleadoLogicaTest
2023-09-30 09:13:29.057  INFO 6980 --- [    Test worker] .b.t.c.SpringBootTestContextBootstrapper : Loaded default TestExecutionListener class names from location [META-INF/spring.factories]: [org.springframework.boot.test.autoconfigure.restdocs.RestDocsTestExecutionListener, org.springframework.boot.test.autoconfigure.web.client.MockRestServiceServerResetTestExecutionListener, org.springframework.boot.test.autoconfigure.web.servlet.MockMvcPrintOnlyOnFailureTestExecutionListener, org.springframework.boot.test.autoconfigure.web.servlet.WebDriverTestExecutionListener, org.springframework.boot.test.autoconfigure.webservices.client.MockWebServiceServerTestExecutionListener, org.springframework.boot.test.mock.mockito.MockitoTestExecutionListener, org.springframework.boot.test.mock.mockito.ResetMocksTestExecutionListener, org.springframework.test.context.web.ServletTestExecutionListener, org.springframework.test.context.support.DirtiesContextBeforeModesTestExecutionListener, org.springframework.test.context.event.ApplicationEventsTestExecutionListener, org.springframework.test.context.support.DependencyInjectionTestExecutionListener, org.springframework.test.context.support.DirtiesContextTestExecutionListener, org.springframework.test.context.transaction.TransactionalTestExecutionListener, org.springframework.test.context.jdbc.SqlScriptsTestExecutionListener, org.springframework.test.context.event.EventPublishingTestExecutionListener]
2023-09-30 09:13:29.058  INFO 6980 --- [    Test worker] .b.t.c.SpringBootTestContextBootstrapper : Using TestExecutionListeners: [org.springframework.test.context.web.ServletTestExecutionListener@659d6f74, org.springframework.test.context.support.DirtiesContextBeforeModesTestExecutionListener@7792e75e, org.springframework.test.context.event.ApplicationEventsTestExecutionListener@3f4520c9, org.springframework.boot.test.mock.mockito.MockitoTestExecutionListener@608df8ac, org.springframework.boot.test.autoconfigure.SpringBootDependencyInjectionTestExecutionListener@6ee5cd06, org.springframework.test.context.support.DirtiesContextTestExecutionListener@ead7f93, org.springframework.test.context.transaction.TransactionalTestExecutionListener@18f845e7, org.springframework.test.context.jdbc.SqlScriptsTestExecutionListener@173f86cc, org.springframework.test.context.event.EventPublishingTestExecutionListener@57f2f4d0, org.springframework.boot.test.autoconfigure.restdocs.RestDocsTestExecutionListener@3246485a, org.springframework.boot.test.autoconfigure.web.client.MockRestServiceServerResetTestExecutionListener@68cbf488, org.springframework.boot.test.autoconfigure.web.servlet.MockMvcPrintOnlyOnFailureTestExecutionListener@32906bb, org.springframework.boot.test.autoconfigure.web.servlet.WebDriverTestExecutionListener@43bd267a, org.springframework.boot.test.autoconfigure.webservices.client.MockWebServiceServerTestExecutionListener@4339a2cf, org.springframework.boot.test.mock.mockito.ResetMocksTestExecutionListener@74e17194]
]]></system-out>
  <system-err><![CDATA[]]></system-err>
</testsuite>
