<?xml version="1.0" encoding="UTF-8"?>
<testsuite name="com.hrManagement.integration.integration.PerfilEmpleadoControllerITest" tests="5" skipped="0" failures="0" errors="0" timestamp="2023-10-28T00:54:53" hostname="LAPTOP-MOFDOF3V" time="0.19">
  <properties/>
  <testcase name="obtenerTodosLosPerfilesDeEmpleadosTest()" classname="com.hrManagement.integration.integration.PerfilEmpleadoControllerITest" time="0.079"/>
  <testcase name="agregarPerfilEmpleadoConEmpleadoNoExisteTest()" classname="com.hrManagement.integration.integration.PerfilEmpleadoControllerITest" time="0.032"/>
  <testcase name="eliminarPerfilEmpleadoTest()" classname="com.hrManagement.integration.integration.PerfilEmpleadoControllerITest" time="0.024"/>
  <testcase name="obtenerDatosEmpleadoPorIDTest()" classname="com.hrManagement.integration.integration.PerfilEmpleadoControllerITest" time="0.025"/>
  <testcase name="obtenerDatosEmpleadoPorIDNoExisteTest()" classname="com.hrManagement.integration.integration.PerfilEmpleadoControllerITest" time="0.021"/>
  <system-out><![CDATA[2023-10-27 19:54:53.583  INFO 35360 --- [    Test worker] .b.t.c.SpringBootTestContextBootstrapper : Neither @ContextConfiguration nor @ContextHierarchy found for test class [com.hrManagement.integration.integration.PerfilEmpleadoControllerITest], using SpringBootContextLoader
2023-10-27 19:54:53.584  INFO 35360 --- [    Test worker] o.s.t.c.support.AbstractContextLoader    : Could not detect default resource locations for test class [com.hrManagement.integration.integration.PerfilEmpleadoControllerITest]: no resource found for suffixes {-context.xml, Context.groovy}.
2023-10-27 19:54:53.585  INFO 35360 --- [    Test worker] t.c.s.AnnotationConfigContextLoaderUtils : Could not detect default configuration classes for test class [com.hrManagement.integration.integration.PerfilEmpleadoControllerITest]: PerfilEmpleadoControllerITest does not declare any static, non-private, non-final, nested classes annotated with @Configuration.
2023-10-27 19:54:53.592  INFO 35360 --- [    Test worker] .b.t.c.SpringBootTestContextBootstrapper : Found @SpringBootConfiguration com.hrManagement.HrmanamentApplication for test class com.hrManagement.integration.integration.PerfilEmpleadoControllerITest
2023-10-27 19:54:53.595  INFO 35360 --- [    Test worker] .b.t.c.SpringBootTestContextBootstrapper : Loaded default TestExecutionListener class names from location [META-INF/spring.factories]: [org.springframework.boot.test.autoconfigure.restdocs.RestDocsTestExecutionListener, org.springframework.boot.test.autoconfigure.web.client.MockRestServiceServerResetTestExecutionListener, org.springframework.boot.test.autoconfigure.web.servlet.MockMvcPrintOnlyOnFailureTestExecutionListener, org.springframework.boot.test.autoconfigure.web.servlet.WebDriverTestExecutionListener, org.springframework.boot.test.autoconfigure.webservices.client.MockWebServiceServerTestExecutionListener, org.springframework.boot.test.mock.mockito.MockitoTestExecutionListener, org.springframework.boot.test.mock.mockito.ResetMocksTestExecutionListener, org.springframework.test.context.web.ServletTestExecutionListener, org.springframework.test.context.support.DirtiesContextBeforeModesTestExecutionListener, org.springframework.test.context.event.ApplicationEventsTestExecutionListener, org.springframework.test.context.support.DependencyInjectionTestExecutionListener, org.springframework.test.context.support.DirtiesContextTestExecutionListener, org.springframework.test.context.transaction.TransactionalTestExecutionListener, org.springframework.test.context.jdbc.SqlScriptsTestExecutionListener, org.springframework.test.context.event.EventPublishingTestExecutionListener]
2023-10-27 19:54:53.598  INFO 35360 --- [    Test worker] .b.t.c.SpringBootTestContextBootstrapper : Using TestExecutionListeners: [org.springframework.test.context.web.ServletTestExecutionListener@41a335c4, org.springframework.test.context.support.DirtiesContextBeforeModesTestExecutionListener@56649c94, org.springframework.test.context.event.ApplicationEventsTestExecutionListener@bb32837, org.springframework.boot.test.mock.mockito.MockitoTestExecutionListener@4ef5987a, org.springframework.boot.test.autoconfigure.SpringBootDependencyInjectionTestExecutionListener@16a08975, org.springframework.test.context.support.DirtiesContextTestExecutionListener@64523709, org.springframework.test.context.transaction.TransactionalTestExecutionListener@76b25924, org.springframework.test.context.jdbc.SqlScriptsTestExecutionListener@146629c0, org.springframework.test.context.event.EventPublishingTestExecutionListener@69ff118, org.springframework.boot.test.autoconfigure.restdocs.RestDocsTestExecutionListener@738074bd, org.springframework.boot.test.autoconfigure.web.client.MockRestServiceServerResetTestExecutionListener@171f7890, org.springframework.boot.test.autoconfigure.web.servlet.MockMvcPrintOnlyOnFailureTestExecutionListener@32926b9a, org.springframework.boot.test.autoconfigure.web.servlet.WebDriverTestExecutionListener@4bfc4be1, org.springframework.boot.test.autoconfigure.webservices.client.MockWebServiceServerTestExecutionListener@3ba9fbbf, org.springframework.boot.test.mock.mockito.ResetMocksTestExecutionListener@571edfa2]
]]></system-out>
  <system-err><![CDATA[]]></system-err>
</testsuite>
