<?xml version="1.0" encoding="UTF-8"?>
<testsuite name="com.hrManagement.integration.integration.EmpleadoControllerITest" tests="4" skipped="0" failures="0" errors="0" timestamp="2023-10-28T00:54:51" hostname="LAPTOP-MOFDOF3V" time="1.933">
  <properties/>
  <testcase name="obtenerEmpleadoTest()" classname="com.hrManagement.integration.integration.EmpleadoControllerITest" time="1.332"/>
  <testcase name="eliminarEmpleadoTest()" classname="com.hrManagement.integration.integration.EmpleadoControllerITest" time="0.081"/>
  <testcase name="actualizarEmpleadoTest()" classname="com.hrManagement.integration.integration.EmpleadoControllerITest" time="0.49"/>
  <testcase name="agregarEmpleadoTest()" classname="com.hrManagement.integration.integration.EmpleadoControllerITest" time="0.021"/>
  <system-out><![CDATA[2023-10-27 19:54:46.699  INFO 35360 --- [    Test worker] .b.t.c.SpringBootTestContextBootstrapper : Neither @ContextConfiguration nor @ContextHierarchy found for test class [com.hrManagement.integration.integration.EmpleadoControllerITest], using SpringBootContextLoader
2023-10-27 19:54:46.702  INFO 35360 --- [    Test worker] o.s.t.c.support.AbstractContextLoader    : Could not detect default resource locations for test class [com.hrManagement.integration.integration.EmpleadoControllerITest]: no resource found for suffixes {-context.xml, Context.groovy}.
2023-10-27 19:54:46.702  INFO 35360 --- [    Test worker] t.c.s.AnnotationConfigContextLoaderUtils : Could not detect default configuration classes for test class [com.hrManagement.integration.integration.EmpleadoControllerITest]: EmpleadoControllerITest does not declare any static, non-private, non-final, nested classes annotated with @Configuration.
2023-10-27 19:54:46.741  INFO 35360 --- [    Test worker] .b.t.c.SpringBootTestContextBootstrapper : Found @SpringBootConfiguration com.hrManagement.HrmanamentApplication for test class com.hrManagement.integration.integration.EmpleadoControllerITest
2023-10-27 19:54:46.743  INFO 35360 --- [    Test worker] .b.t.c.SpringBootTestContextBootstrapper : Loaded default TestExecutionListener class names from location [META-INF/spring.factories]: [org.springframework.boot.test.autoconfigure.restdocs.RestDocsTestExecutionListener, org.springframework.boot.test.autoconfigure.web.client.MockRestServiceServerResetTestExecutionListener, org.springframework.boot.test.autoconfigure.web.servlet.MockMvcPrintOnlyOnFailureTestExecutionListener, org.springframework.boot.test.autoconfigure.web.servlet.WebDriverTestExecutionListener, org.springframework.boot.test.autoconfigure.webservices.client.MockWebServiceServerTestExecutionListener, org.springframework.boot.test.mock.mockito.MockitoTestExecutionListener, org.springframework.boot.test.mock.mockito.ResetMocksTestExecutionListener, org.springframework.test.context.web.ServletTestExecutionListener, org.springframework.test.context.support.DirtiesContextBeforeModesTestExecutionListener, org.springframework.test.context.event.ApplicationEventsTestExecutionListener, org.springframework.test.context.support.DependencyInjectionTestExecutionListener, org.springframework.test.context.support.DirtiesContextTestExecutionListener, org.springframework.test.context.transaction.TransactionalTestExecutionListener, org.springframework.test.context.jdbc.SqlScriptsTestExecutionListener, org.springframework.test.context.event.EventPublishingTestExecutionListener]
2023-10-27 19:54:46.744  INFO 35360 --- [    Test worker] .b.t.c.SpringBootTestContextBootstrapper : Using TestExecutionListeners: [org.springframework.test.context.web.ServletTestExecutionListener@18ca542f, org.springframework.test.context.support.DirtiesContextBeforeModesTestExecutionListener@4a793c64, org.springframework.test.context.event.ApplicationEventsTestExecutionListener@501ed355, org.springframework.boot.test.mock.mockito.MockitoTestExecutionListener@4d7f3cb3, org.springframework.boot.test.autoconfigure.SpringBootDependencyInjectionTestExecutionListener@7de621f, org.springframework.test.context.support.DirtiesContextTestExecutionListener@447e49c, org.springframework.test.context.transaction.TransactionalTestExecutionListener@22651b3a, org.springframework.test.context.jdbc.SqlScriptsTestExecutionListener@16cb3161, org.springframework.test.context.event.EventPublishingTestExecutionListener@62f1773d, org.springframework.boot.test.autoconfigure.restdocs.RestDocsTestExecutionListener@59a91cfb, org.springframework.boot.test.autoconfigure.web.client.MockRestServiceServerResetTestExecutionListener@539f603f, org.springframework.boot.test.autoconfigure.web.servlet.MockMvcPrintOnlyOnFailureTestExecutionListener@1c100314, org.springframework.boot.test.autoconfigure.web.servlet.WebDriverTestExecutionListener@75b1d734, org.springframework.boot.test.autoconfigure.webservices.client.MockWebServiceServerTestExecutionListener@64ee43bd, org.springframework.boot.test.mock.mockito.ResetMocksTestExecutionListener@4c585987]

  .   ____          _            __ _ _
 /\\ / ___'_ __ _ _(_)_ __  __ _ \ \ \ \
( ( )\___ | '_ | '_| | '_ \/ _` | \ \ \ \
 \\/  ___)| |_)| | | | | || (_| |  ) ) ) )
  '  |____| .__|_| |_|_| |_\__, | / / / /
 =========|_|==============|___/=/_/_/_/
 :: Spring Boot ::               (v2.7.15)

2023-10-27 19:54:46.879  INFO 35360 --- [    Test worker] c.h.i.i.EmpleadoControllerITest          : Starting EmpleadoControllerITest using Java 17.0.8 on LAPTOP-MOFDOF3V with PID 35360 (started by Juanes Villa in C:\Users\Juanes Villa\Downloads\HRManage)
2023-10-27 19:54:46.880  INFO 35360 --- [    Test worker] c.h.i.i.EmpleadoControllerITest          : The following 1 profile is active: "test"
2023-10-27 19:54:47.835  INFO 35360 --- [    Test worker] .s.d.r.c.RepositoryConfigurationDelegate : Bootstrapping Spring Data JPA repositories in DEFAULT mode.
2023-10-27 19:54:47.876  INFO 35360 --- [    Test worker] .s.d.r.c.RepositoryConfigurationDelegate : Finished Spring Data repository scanning in 39 ms. Found 2 JPA repository interfaces.
2023-10-27 19:54:48.657  INFO 35360 --- [    Test worker] o.s.b.w.embedded.tomcat.TomcatWebServer  : Tomcat initialized with port(s): 0 (http)
2023-10-27 19:54:48.696  INFO 35360 --- [    Test worker] o.apache.catalina.core.StandardService   : Starting service [Tomcat]
2023-10-27 19:54:48.698  INFO 35360 --- [    Test worker] org.apache.catalina.core.StandardEngine  : Starting Servlet engine: [Apache Tomcat/9.0.79]
2023-10-27 19:54:49.212  INFO 35360 --- [    Test worker] o.a.c.c.C.[Tomcat].[localhost].[/]       : Initializing Spring embedded WebApplicationContext
2023-10-27 19:54:49.212  INFO 35360 --- [    Test worker] w.s.c.ServletWebServerApplicationContext : Root WebApplicationContext: initialization completed in 2327 ms
2023-10-27 19:54:49.734  INFO 35360 --- [    Test worker] o.hibernate.jpa.internal.util.LogHelper  : HHH000204: Processing PersistenceUnitInfo [name: default]
2023-10-27 19:54:49.772  INFO 35360 --- [    Test worker] com.zaxxer.hikari.HikariDataSource       : HikariPool-2 - Starting...
2023-10-27 19:54:49.775  INFO 35360 --- [    Test worker] com.zaxxer.hikari.HikariDataSource       : HikariPool-2 - Start completed.
2023-10-27 19:54:49.776  INFO 35360 --- [    Test worker] org.hibernate.dialect.Dialect            : HHH000400: Using dialect: org.hibernate.dialect.H2Dialect
2023-10-27 19:54:49.871  INFO 35360 --- [    Test worker] o.h.e.t.j.p.i.JtaPlatformInitiator       : HHH000490: Using JtaPlatform implementation: [org.hibernate.engine.transaction.jta.platform.internal.NoJtaPlatform]
2023-10-27 19:54:49.872  INFO 35360 --- [    Test worker] j.LocalContainerEntityManagerFactoryBean : Initialized JPA EntityManagerFactory for persistence unit 'default'
2023-10-27 19:54:50.396  WARN 35360 --- [    Test worker] JpaBaseConfiguration$JpaWebConfiguration : spring.jpa.open-in-view is enabled by default. Therefore, database queries may be performed during view rendering. Explicitly configure spring.jpa.open-in-view to disable this warning
2023-10-27 19:54:51.475  INFO 35360 --- [    Test worker] o.a.c.c.C.[Tomcat].[localhost].[/]       : Initializing Spring TestDispatcherServlet ''
2023-10-27 19:54:51.475  INFO 35360 --- [    Test worker] o.s.t.web.servlet.TestDispatcherServlet  : Initializing Servlet ''
2023-10-27 19:54:51.477  INFO 35360 --- [    Test worker] o.s.t.web.servlet.TestDispatcherServlet  : Completed initialization in 2 ms
2023-10-27 19:54:51.610  INFO 35360 --- [    Test worker] o.s.b.w.embedded.tomcat.TomcatWebServer  : Tomcat started on port(s): 59448 (http) with context path ''
2023-10-27 19:54:51.616  INFO 35360 --- [    Test worker] c.h.i.i.EmpleadoControllerITest          : Started EmpleadoControllerITest in 4.865 seconds (JVM running for 35.253)
]]></system-out>
  <system-err><![CDATA[]]></system-err>
</testsuite>
