<?xml version="1.0" encoding="UTF-8"?>
<testsuite name="com.hrManagement.unit.controller.EmpleadoControllerTest" tests="6" skipped="0" failures="0" errors="0" timestamp="2023-10-27T18:59:34" hostname="LAPTOP-MOFDOF3V" time="0.117">
  <properties/>
  <testcase name="testEliminarEmpleado()" classname="com.hrManagement.unit.controller.EmpleadoControllerTest" time="0.066"/>
  <testcase name="testObtenerTodosLosEmpleados()" classname="com.hrManagement.unit.controller.EmpleadoControllerTest" time="0.011"/>
  <testcase name="testAgregarEmpleado()" classname="com.hrManagement.unit.controller.EmpleadoControllerTest" time="0.007"/>
  <testcase name="testModificarEmpleado()" classname="com.hrManagement.unit.controller.EmpleadoControllerTest" time="0.006"/>
  <testcase name="testObtenerEmpleadosPorCargo()" classname="com.hrManagement.unit.controller.EmpleadoControllerTest" time="0.007"/>
  <testcase name="testObtenerDatosEmpleadoPorID()" classname="com.hrManagement.unit.controller.EmpleadoControllerTest" time="0.009"/>
  <system-out><![CDATA[2023-10-27 13:59:32.497  INFO 32948 --- [    Test worker] .b.t.c.SpringBootTestContextBootstrapper : Neither @ContextConfiguration nor @ContextHierarchy found for test class [com.hrManagement.unit.controller.EmpleadoControllerTest], using SpringBootContextLoader
2023-10-27 13:59:32.498  INFO 32948 --- [    Test worker] o.s.t.c.support.AbstractContextLoader    : Could not detect default resource locations for test class [com.hrManagement.unit.controller.EmpleadoControllerTest]: no resource found for suffixes {-context.xml, Context.groovy}.
2023-10-27 13:59:32.498  INFO 32948 --- [    Test worker] t.c.s.AnnotationConfigContextLoaderUtils : Could not detect default configuration classes for test class [com.hrManagement.unit.controller.EmpleadoControllerTest]: EmpleadoControllerTest does not declare any static, non-private, non-final, nested classes annotated with @Configuration.
2023-10-27 13:59:32.517  INFO 32948 --- [    Test worker] .b.t.c.SpringBootTestContextBootstrapper : Found @SpringBootConfiguration com.hrManagement.HrmanamentApplication for test class com.hrManagement.unit.controller.EmpleadoControllerTest
2023-10-27 13:59:32.521  INFO 32948 --- [    Test worker] .b.t.c.SpringBootTestContextBootstrapper : Loaded default TestExecutionListener class names from location [META-INF/spring.factories]: [org.springframework.boot.test.autoconfigure.restdocs.RestDocsTestExecutionListener, org.springframework.boot.test.autoconfigure.web.client.MockRestServiceServerResetTestExecutionListener, org.springframework.boot.test.autoconfigure.web.servlet.MockMvcPrintOnlyOnFailureTestExecutionListener, org.springframework.boot.test.autoconfigure.web.servlet.WebDriverTestExecutionListener, org.springframework.boot.test.autoconfigure.webservices.client.MockWebServiceServerTestExecutionListener, org.springframework.boot.test.mock.mockito.MockitoTestExecutionListener, org.springframework.boot.test.mock.mockito.ResetMocksTestExecutionListener, org.springframework.test.context.web.ServletTestExecutionListener, org.springframework.test.context.support.DirtiesContextBeforeModesTestExecutionListener, org.springframework.test.context.event.ApplicationEventsTestExecutionListener, org.springframework.test.context.support.DependencyInjectionTestExecutionListener, org.springframework.test.context.support.DirtiesContextTestExecutionListener, org.springframework.test.context.transaction.TransactionalTestExecutionListener, org.springframework.test.context.jdbc.SqlScriptsTestExecutionListener, org.springframework.test.context.event.EventPublishingTestExecutionListener]
2023-10-27 13:59:32.522  INFO 32948 --- [    Test worker] .b.t.c.SpringBootTestContextBootstrapper : Using TestExecutionListeners: [org.springframework.test.context.web.ServletTestExecutionListener@4a620404, org.springframework.test.context.support.DirtiesContextBeforeModesTestExecutionListener@113bb33f, org.springframework.test.context.event.ApplicationEventsTestExecutionListener@1e8cd78a, org.springframework.boot.test.mock.mockito.MockitoTestExecutionListener@4ebd659, org.springframework.boot.test.autoconfigure.SpringBootDependencyInjectionTestExecutionListener@5e73a0e4, org.springframework.test.context.support.DirtiesContextTestExecutionListener@129d425e, org.springframework.test.context.transaction.TransactionalTestExecutionListener@6ad5f700, org.springframework.test.context.jdbc.SqlScriptsTestExecutionListener@3056bd1d, org.springframework.test.context.event.EventPublishingTestExecutionListener@73e15f73, org.springframework.boot.test.autoconfigure.restdocs.RestDocsTestExecutionListener@b966ce3, org.springframework.boot.test.autoconfigure.web.client.MockRestServiceServerResetTestExecutionListener@4e3ee766, org.springframework.boot.test.autoconfigure.web.servlet.MockMvcPrintOnlyOnFailureTestExecutionListener@4b8505e9, org.springframework.boot.test.autoconfigure.web.servlet.WebDriverTestExecutionListener@32e6d12d, org.springframework.boot.test.autoconfigure.webservices.client.MockWebServiceServerTestExecutionListener@a2f52e6, org.springframework.boot.test.mock.mockito.ResetMocksTestExecutionListener@33938112]

  .   ____          _            __ _ _
 /\\ / ___'_ __ _ _(_)_ __  __ _ \ \ \ \
( ( )\___ | '_ | '_| | '_ \/ _` | \ \ \ \
 \\/  ___)| |_)| | | | | || (_| |  ) ) ) )
  '  |____| .__|_| |_|_| |_\__, | / / / /
 =========|_|==============|___/=/_/_/_/
 :: Spring Boot ::               (v2.7.15)

2023-10-27 13:59:32.836  INFO 32948 --- [    Test worker] c.h.u.controller.EmpleadoControllerTest  : Starting EmpleadoControllerTest using Java 17.0.8 on LAPTOP-MOFDOF3V with PID 32948 (started by Juanes Villa in C:\Users\Juanes Villa\Downloads\HRManage)
2023-10-27 13:59:32.836  INFO 32948 --- [    Test worker] c.h.u.controller.EmpleadoControllerTest  : The following 1 profile is active: "test"
2023-10-27 13:59:33.196  INFO 32948 --- [    Test worker] .s.d.r.c.RepositoryConfigurationDelegate : Bootstrapping Spring Data JPA repositories in DEFAULT mode.
2023-10-27 13:59:33.232  INFO 32948 --- [    Test worker] .s.d.r.c.RepositoryConfigurationDelegate : Finished Spring Data repository scanning in 34 ms. Found 2 JPA repository interfaces.
2023-10-27 13:59:33.496  INFO 32948 --- [    Test worker] o.s.b.w.embedded.tomcat.TomcatWebServer  : Tomcat initialized with port(s): 0 (http)
2023-10-27 13:59:33.499  INFO 32948 --- [    Test worker] o.apache.catalina.core.StandardService   : Starting service [Tomcat]
2023-10-27 13:59:33.500  INFO 32948 --- [    Test worker] org.apache.catalina.core.StandardEngine  : Starting Servlet engine: [Apache Tomcat/9.0.79]
2023-10-27 13:59:33.564  INFO 32948 --- [    Test worker] o.a.c.c.C.[Tomcat-1].[localhost].[/]     : Initializing Spring embedded WebApplicationContext
2023-10-27 13:59:33.565  INFO 32948 --- [    Test worker] w.s.c.ServletWebServerApplicationContext : Root WebApplicationContext: initialization completed in 725 ms
2023-10-27 13:59:33.778  INFO 32948 --- [    Test worker] o.hibernate.jpa.internal.util.LogHelper  : HHH000204: Processing PersistenceUnitInfo [name: default]
2023-10-27 13:59:33.791  INFO 32948 --- [    Test worker] com.zaxxer.hikari.HikariDataSource       : HikariPool-3 - Starting...
2023-10-27 13:59:33.794  INFO 32948 --- [    Test worker] com.zaxxer.hikari.HikariDataSource       : HikariPool-3 - Start completed.
2023-10-27 13:59:33.794  INFO 32948 --- [    Test worker] org.hibernate.dialect.Dialect            : HHH000400: Using dialect: org.hibernate.dialect.H2Dialect
2023-10-27 13:59:33.864  INFO 32948 --- [    Test worker] o.h.e.t.j.p.i.JtaPlatformInitiator       : HHH000490: Using JtaPlatform implementation: [org.hibernate.engine.transaction.jta.platform.internal.NoJtaPlatform]
2023-10-27 13:59:33.864  INFO 32948 --- [    Test worker] j.LocalContainerEntityManagerFactoryBean : Initialized JPA EntityManagerFactory for persistence unit 'default'
2023-10-27 13:59:34.118  WARN 32948 --- [    Test worker] JpaBaseConfiguration$JpaWebConfiguration : spring.jpa.open-in-view is enabled by default. Therefore, database queries may be performed during view rendering. Explicitly configure spring.jpa.open-in-view to disable this warning
2023-10-27 13:59:34.731  INFO 32948 --- [    Test worker] o.s.b.w.embedded.tomcat.TomcatWebServer  : Tomcat started on port(s): 50599 (http) with context path ''
2023-10-27 13:59:34.735  INFO 32948 --- [    Test worker] c.h.u.controller.EmpleadoControllerTest  : Started EmpleadoControllerTest in 1.94 seconds (JVM running for 22.363)
]]></system-out>
  <system-err><![CDATA[]]></system-err>
</testsuite>
