<?xml version="1.0" encoding="UTF-8"?>
<testsuite name="com.hrManagement.unit.controller.PerfilEmpleadoControllerTest" tests="9" skipped="0" failures="0" errors="0" timestamp="2023-11-04T23:37:50" hostname="LAPTOP-MOFDOF3V" time="0.113">
  <properties/>
  <testcase name="eliminarPerfilEmpleado_EmpleadoNoExisteException()" classname="com.hrManagement.unit.controller.PerfilEmpleadoControllerTest" time="0.038"/>
  <testcase name="eliminarPerfilEmpleado_Success()" classname="com.hrManagement.unit.controller.PerfilEmpleadoControllerTest" time="0.005"/>
  <testcase name="obtenerDatosEmpleadoPorID_NotFound()" classname="com.hrManagement.unit.controller.PerfilEmpleadoControllerTest" time="0.007"/>
  <testcase name="obtenerDatosEmpleadoPorID_Success()" classname="com.hrManagement.unit.controller.PerfilEmpleadoControllerTest" time="0.007"/>
  <testcase name="eliminarPerfilEmpleado_InternalServerError()" classname="com.hrManagement.unit.controller.PerfilEmpleadoControllerTest" time="0.011"/>
  <testcase name="agregarPerfilEmpleado_EmpleadoNoExisteException()" classname="com.hrManagement.unit.controller.PerfilEmpleadoControllerTest" time="0.007"/>
  <testcase name="obtenerTodosLosPerfilesDeEmpleados_Success()" classname="com.hrManagement.unit.controller.PerfilEmpleadoControllerTest" time="0.007"/>
  <testcase name="agregarPerfilEmpleado_InternalServerError()" classname="com.hrManagement.unit.controller.PerfilEmpleadoControllerTest" time="0.009"/>
  <testcase name="agregarPerfilEmpleado_Success()" classname="com.hrManagement.unit.controller.PerfilEmpleadoControllerTest" time="0.004"/>
  <system-out><![CDATA[2023-11-04 18:37:50.059  INFO 22020 --- [    Test worker] .b.t.c.SpringBootTestContextBootstrapper : Neither @ContextConfiguration nor @ContextHierarchy found for test class [com.hrManagement.unit.controller.PerfilEmpleadoControllerTest], using SpringBootContextLoader
2023-11-04 18:37:50.061  INFO 22020 --- [    Test worker] o.s.t.c.support.AbstractContextLoader    : Could not detect default resource locations for test class [com.hrManagement.unit.controller.PerfilEmpleadoControllerTest]: no resource found for suffixes {-context.xml, Context.groovy}.
2023-11-04 18:37:50.061  INFO 22020 --- [    Test worker] t.c.s.AnnotationConfigContextLoaderUtils : Could not detect default configuration classes for test class [com.hrManagement.unit.controller.PerfilEmpleadoControllerTest]: PerfilEmpleadoControllerTest does not declare any static, non-private, non-final, nested classes annotated with @Configuration.
2023-11-04 18:37:50.063  INFO 22020 --- [    Test worker] .b.t.c.SpringBootTestContextBootstrapper : Found @SpringBootConfiguration com.hrManagement.HrmanamentApplication for test class com.hrManagement.unit.controller.PerfilEmpleadoControllerTest
2023-11-04 18:37:50.065  INFO 22020 --- [    Test worker] .b.t.c.SpringBootTestContextBootstrapper : Loaded default TestExecutionListener class names from location [META-INF/spring.factories]: [org.springframework.boot.test.autoconfigure.restdocs.RestDocsTestExecutionListener, org.springframework.boot.test.autoconfigure.web.client.MockRestServiceServerResetTestExecutionListener, org.springframework.boot.test.autoconfigure.web.servlet.MockMvcPrintOnlyOnFailureTestExecutionListener, org.springframework.boot.test.autoconfigure.web.servlet.WebDriverTestExecutionListener, org.springframework.boot.test.autoconfigure.webservices.client.MockWebServiceServerTestExecutionListener, org.springframework.boot.test.mock.mockito.MockitoTestExecutionListener, org.springframework.boot.test.mock.mockito.ResetMocksTestExecutionListener, org.springframework.test.context.web.ServletTestExecutionListener, org.springframework.test.context.support.DirtiesContextBeforeModesTestExecutionListener, org.springframework.test.context.event.ApplicationEventsTestExecutionListener, org.springframework.test.context.support.DependencyInjectionTestExecutionListener, org.springframework.test.context.support.DirtiesContextTestExecutionListener, org.springframework.test.context.transaction.TransactionalTestExecutionListener, org.springframework.test.context.jdbc.SqlScriptsTestExecutionListener, org.springframework.test.context.event.EventPublishingTestExecutionListener]
2023-11-04 18:37:50.066  INFO 22020 --- [    Test worker] .b.t.c.SpringBootTestContextBootstrapper : Using TestExecutionListeners: [org.springframework.test.context.web.ServletTestExecutionListener@644d7118, org.springframework.test.context.support.DirtiesContextBeforeModesTestExecutionListener@d6d36c7, org.springframework.test.context.event.ApplicationEventsTestExecutionListener@667c820e, org.springframework.boot.test.mock.mockito.MockitoTestExecutionListener@35de8ef5, org.springframework.boot.test.autoconfigure.SpringBootDependencyInjectionTestExecutionListener@3a94fce7, org.springframework.test.context.support.DirtiesContextTestExecutionListener@5eab3e7c, org.springframework.test.context.transaction.TransactionalTestExecutionListener@5cc5ab55, org.springframework.test.context.jdbc.SqlScriptsTestExecutionListener@1dad2f1e, org.springframework.test.context.event.EventPublishingTestExecutionListener@c38b88, org.springframework.boot.test.autoconfigure.restdocs.RestDocsTestExecutionListener@79c1d32, org.springframework.boot.test.autoconfigure.web.client.MockRestServiceServerResetTestExecutionListener@76729197, org.springframework.boot.test.autoconfigure.web.servlet.MockMvcPrintOnlyOnFailureTestExecutionListener@2538598, org.springframework.boot.test.autoconfigure.web.servlet.WebDriverTestExecutionListener@1e50d191, org.springframework.boot.test.autoconfigure.webservices.client.MockWebServiceServerTestExecutionListener@79423ae4, org.springframework.boot.test.mock.mockito.ResetMocksTestExecutionListener@1bdef272]
]]></system-out>
  <system-err><![CDATA[]]></system-err>
</testsuite>
