<?xml version="1.0" encoding="UTF-8"?>
<testsuite name="com.hrManagement.unit.logica.EmpleadoLogicaTest" tests="10" skipped="0" failures="0" errors="0" timestamp="2023-09-30T04:27:11" hostname="DESKTOP-53GP9KA" time="0.064">
  <properties/>
  <testcase name="testObtenerEmpleadoPorIDNotFound()" classname="com.hrManagement.unit.logica.EmpleadoLogicaTest" time="0.008"/>
  <testcase name="testObtenerEmpleadoPorID()" classname="com.hrManagement.unit.logica.EmpleadoLogicaTest" time="0.004"/>
  <testcase name="testEliminarEmpleado()" classname="com.hrManagement.unit.logica.EmpleadoLogicaTest" time="0.007"/>
  <testcase name="testObtenerTodosLosEmpleados()" classname="com.hrManagement.unit.logica.EmpleadoLogicaTest" time="0.004"/>
  <testcase name="testGuardarEmpleadoAlreadyExists()" classname="com.hrManagement.unit.logica.EmpleadoLogicaTest" time="0.007"/>
  <testcase name="testModificarEmpleado()" classname="com.hrManagement.unit.logica.EmpleadoLogicaTest" time="0.006"/>
  <testcase name="testObtenerEmpleadosPorCargo()" classname="com.hrManagement.unit.logica.EmpleadoLogicaTest" time="0.004"/>
  <testcase name="testEliminarEmpleadoNotFound()" classname="com.hrManagement.unit.logica.EmpleadoLogicaTest" time="0.004"/>
  <testcase name="testGuardarEmpleado()" classname="com.hrManagement.unit.logica.EmpleadoLogicaTest" time="0.004"/>
  <testcase name="testModificarEmpleadoNotFound()" classname="com.hrManagement.unit.logica.EmpleadoLogicaTest" time="0.004"/>
  <system-out><![CDATA[2023-09-29 23:27:11.903  INFO 21608 --- [    Test worker] .b.t.c.SpringBootTestContextBootstrapper : Neither @ContextConfiguration nor @ContextHierarchy found for test class [com.hrManagement.unit.logica.EmpleadoLogicaTest], using SpringBootContextLoader
2023-09-29 23:27:11.904  INFO 21608 --- [    Test worker] o.s.t.c.support.AbstractContextLoader    : Could not detect default resource locations for test class [com.hrManagement.unit.logica.EmpleadoLogicaTest]: no resource found for suffixes {-context.xml, Context.groovy}.
2023-09-29 23:27:11.904  INFO 21608 --- [    Test worker] t.c.s.AnnotationConfigContextLoaderUtils : Could not detect default configuration classes for test class [com.hrManagement.unit.logica.EmpleadoLogicaTest]: EmpleadoLogicaTest does not declare any static, non-private, non-final, nested classes annotated with @Configuration.
2023-09-29 23:27:11.912  INFO 21608 --- [    Test worker] .b.t.c.SpringBootTestContextBootstrapper : Found @SpringBootConfiguration com.hrManagement.HrmanamentApplication for test class com.hrManagement.unit.logica.EmpleadoLogicaTest
2023-09-29 23:27:11.914  INFO 21608 --- [    Test worker] .b.t.c.SpringBootTestContextBootstrapper : Loaded default TestExecutionListener class names from location [META-INF/spring.factories]: [org.springframework.boot.test.autoconfigure.restdocs.RestDocsTestExecutionListener, org.springframework.boot.test.autoconfigure.web.client.MockRestServiceServerResetTestExecutionListener, org.springframework.boot.test.autoconfigure.web.servlet.MockMvcPrintOnlyOnFailureTestExecutionListener, org.springframework.boot.test.autoconfigure.web.servlet.WebDriverTestExecutionListener, org.springframework.boot.test.autoconfigure.webservices.client.MockWebServiceServerTestExecutionListener, org.springframework.boot.test.mock.mockito.MockitoTestExecutionListener, org.springframework.boot.test.mock.mockito.ResetMocksTestExecutionListener, org.springframework.test.context.web.ServletTestExecutionListener, org.springframework.test.context.support.DirtiesContextBeforeModesTestExecutionListener, org.springframework.test.context.event.ApplicationEventsTestExecutionListener, org.springframework.test.context.support.DependencyInjectionTestExecutionListener, org.springframework.test.context.support.DirtiesContextTestExecutionListener, org.springframework.test.context.transaction.TransactionalTestExecutionListener, org.springframework.test.context.jdbc.SqlScriptsTestExecutionListener, org.springframework.test.context.event.EventPublishingTestExecutionListener]
2023-09-29 23:27:11.915  INFO 21608 --- [    Test worker] .b.t.c.SpringBootTestContextBootstrapper : Using TestExecutionListeners: [org.springframework.test.context.web.ServletTestExecutionListener@6b7f46f6, org.springframework.test.context.support.DirtiesContextBeforeModesTestExecutionListener@4d7d47f3, org.springframework.test.context.event.ApplicationEventsTestExecutionListener@f6c9514, org.springframework.boot.test.mock.mockito.MockitoTestExecutionListener@30a73214, org.springframework.boot.test.autoconfigure.SpringBootDependencyInjectionTestExecutionListener@21fe8a00, org.springframework.test.context.support.DirtiesContextTestExecutionListener@69b1313, org.springframework.test.context.transaction.TransactionalTestExecutionListener@6d34e2e1, org.springframework.test.context.jdbc.SqlScriptsTestExecutionListener@640a4ac1, org.springframework.test.context.event.EventPublishingTestExecutionListener@317162ca, org.springframework.boot.test.autoconfigure.restdocs.RestDocsTestExecutionListener@6facfc7c, org.springframework.boot.test.autoconfigure.web.client.MockRestServiceServerResetTestExecutionListener@25453882, org.springframework.boot.test.autoconfigure.web.servlet.MockMvcPrintOnlyOnFailureTestExecutionListener@132f32a9, org.springframework.boot.test.autoconfigure.web.servlet.WebDriverTestExecutionListener@29727534, org.springframework.boot.test.autoconfigure.webservices.client.MockWebServiceServerTestExecutionListener@2135337a, org.springframework.boot.test.mock.mockito.ResetMocksTestExecutionListener@2d388ef6]
]]></system-out>
  <system-err><![CDATA[]]></system-err>
</testsuite>
