<?xml version="1.0" encoding="UTF-8"?>
<testsuite name="com.hrManagement.unit.logica.EmpleadoLogicaTest" tests="10" skipped="0" failures="0" errors="0" timestamp="2023-10-26T01:53:07" hostname="DESKTOP-OJ4FGVN" time="0.109">
  <properties/>
  <testcase name="testObtenerEmpleadoPorIDNotFound()" classname="com.hrManagement.unit.logica.EmpleadoLogicaTest" time="0.012"/>
  <testcase name="testObtenerEmpleadoPorID()" classname="com.hrManagement.unit.logica.EmpleadoLogicaTest" time="0.006"/>
  <testcase name="testEliminarEmpleado()" classname="com.hrManagement.unit.logica.EmpleadoLogicaTest" time="0.013"/>
  <testcase name="testObtenerTodosLosEmpleados()" classname="com.hrManagement.unit.logica.EmpleadoLogicaTest" time="0.007"/>
  <testcase name="testGuardarEmpleadoAlreadyExists()" classname="com.hrManagement.unit.logica.EmpleadoLogicaTest" time="0.008"/>
  <testcase name="testModificarEmpleado()" classname="com.hrManagement.unit.logica.EmpleadoLogicaTest" time="0.015"/>
  <testcase name="testObtenerEmpleadosPorCargo()" classname="com.hrManagement.unit.logica.EmpleadoLogicaTest" time="0.009"/>
  <testcase name="testEliminarEmpleadoNotFound()" classname="com.hrManagement.unit.logica.EmpleadoLogicaTest" time="0.009"/>
  <testcase name="testGuardarEmpleado()" classname="com.hrManagement.unit.logica.EmpleadoLogicaTest" time="0.006"/>
  <testcase name="testModificarEmpleadoNotFound()" classname="com.hrManagement.unit.logica.EmpleadoLogicaTest" time="0.005"/>
  <system-out><![CDATA[2023-10-25 20:53:07.231  INFO 1628 --- [    Test worker] .b.t.c.SpringBootTestContextBootstrapper : Neither @ContextConfiguration nor @ContextHierarchy found for test class [com.hrManagement.unit.logica.EmpleadoLogicaTest], using SpringBootContextLoader
2023-10-25 20:53:07.233  INFO 1628 --- [    Test worker] o.s.t.c.support.AbstractContextLoader    : Could not detect default resource locations for test class [com.hrManagement.unit.logica.EmpleadoLogicaTest]: no resource found for suffixes {-context.xml, Context.groovy}.
2023-10-25 20:53:07.234  INFO 1628 --- [    Test worker] t.c.s.AnnotationConfigContextLoaderUtils : Could not detect default configuration classes for test class [com.hrManagement.unit.logica.EmpleadoLogicaTest]: EmpleadoLogicaTest does not declare any static, non-private, non-final, nested classes annotated with @Configuration.
2023-10-25 20:53:07.251  INFO 1628 --- [    Test worker] .b.t.c.SpringBootTestContextBootstrapper : Found @SpringBootConfiguration com.hrManagement.HrmanamentApplication for test class com.hrManagement.unit.logica.EmpleadoLogicaTest
2023-10-25 20:53:07.254  INFO 1628 --- [    Test worker] .b.t.c.SpringBootTestContextBootstrapper : Loaded default TestExecutionListener class names from location [META-INF/spring.factories]: [org.springframework.boot.test.autoconfigure.restdocs.RestDocsTestExecutionListener, org.springframework.boot.test.autoconfigure.web.client.MockRestServiceServerResetTestExecutionListener, org.springframework.boot.test.autoconfigure.web.servlet.MockMvcPrintOnlyOnFailureTestExecutionListener, org.springframework.boot.test.autoconfigure.web.servlet.WebDriverTestExecutionListener, org.springframework.boot.test.autoconfigure.webservices.client.MockWebServiceServerTestExecutionListener, org.springframework.boot.test.mock.mockito.MockitoTestExecutionListener, org.springframework.boot.test.mock.mockito.ResetMocksTestExecutionListener, org.springframework.test.context.web.ServletTestExecutionListener, org.springframework.test.context.support.DirtiesContextBeforeModesTestExecutionListener, org.springframework.test.context.event.ApplicationEventsTestExecutionListener, org.springframework.test.context.support.DependencyInjectionTestExecutionListener, org.springframework.test.context.support.DirtiesContextTestExecutionListener, org.springframework.test.context.transaction.TransactionalTestExecutionListener, org.springframework.test.context.jdbc.SqlScriptsTestExecutionListener, org.springframework.test.context.event.EventPublishingTestExecutionListener]
2023-10-25 20:53:07.256  INFO 1628 --- [    Test worker] .b.t.c.SpringBootTestContextBootstrapper : Using TestExecutionListeners: [org.springframework.test.context.web.ServletTestExecutionListener@12312ff5, org.springframework.test.context.support.DirtiesContextBeforeModesTestExecutionListener@a43815, org.springframework.test.context.event.ApplicationEventsTestExecutionListener@100c22a2, org.springframework.boot.test.mock.mockito.MockitoTestExecutionListener@1309cca9, org.springframework.boot.test.autoconfigure.SpringBootDependencyInjectionTestExecutionListener@8dc07ba, org.springframework.test.context.support.DirtiesContextTestExecutionListener@2999e224, org.springframework.test.context.transaction.TransactionalTestExecutionListener@5871dc87, org.springframework.test.context.jdbc.SqlScriptsTestExecutionListener@5403fa4, org.springframework.test.context.event.EventPublishingTestExecutionListener@6dc90961, org.springframework.boot.test.autoconfigure.restdocs.RestDocsTestExecutionListener@b274e3e, org.springframework.boot.test.autoconfigure.web.client.MockRestServiceServerResetTestExecutionListener@5d643e39, org.springframework.boot.test.autoconfigure.web.servlet.MockMvcPrintOnlyOnFailureTestExecutionListener@59dd872e, org.springframework.boot.test.autoconfigure.web.servlet.WebDriverTestExecutionListener@7c7a1f75, org.springframework.boot.test.autoconfigure.webservices.client.MockWebServiceServerTestExecutionListener@4d1de87a, org.springframework.boot.test.mock.mockito.ResetMocksTestExecutionListener@31749216]
]]></system-out>
  <system-err><![CDATA[]]></system-err>
</testsuite>
