<?xml version="1.0" encoding="UTF-8"?>
<testsuite name="com.hrManagement.unit.controller.EmpleadoControllerTest" tests="6" skipped="0" failures="0" errors="0" timestamp="2023-11-09T23:49:44" hostname="LAPTOP-MOFDOF3V" time="0.102">
  <properties/>
  <testcase name="testEliminarEmpleado()" classname="com.hrManagement.unit.controller.EmpleadoControllerTest" time="0.058"/>
  <testcase name="testObtenerTodosLosEmpleados()" classname="com.hrManagement.unit.controller.EmpleadoControllerTest" time="0.007"/>
  <testcase name="testAgregarEmpleado()" classname="com.hrManagement.unit.controller.EmpleadoControllerTest" time="0.007"/>
  <testcase name="testModificarEmpleado()" classname="com.hrManagement.unit.controller.EmpleadoControllerTest" time="0.005"/>
  <testcase name="testObtenerEmpleadosPorCargo()" classname="com.hrManagement.unit.controller.EmpleadoControllerTest" time="0.007"/>
  <testcase name="testObtenerDatosEmpleadoPorID()" classname="com.hrManagement.unit.controller.EmpleadoControllerTest" time="0.007"/>
  <system-out><![CDATA[2023-11-09 18:49:42.138  INFO 10432 --- [    Test worker] .b.t.c.SpringBootTestContextBootstrapper : Neither @ContextConfiguration nor @ContextHierarchy found for test class [com.hrManagement.unit.controller.EmpleadoControllerTest], using SpringBootContextLoader
2023-11-09 18:49:42.139  INFO 10432 --- [    Test worker] o.s.t.c.support.AbstractContextLoader    : Could not detect default resource locations for test class [com.hrManagement.unit.controller.EmpleadoControllerTest]: no resource found for suffixes {-context.xml, Context.groovy}.
2023-11-09 18:49:42.140  INFO 10432 --- [    Test worker] t.c.s.AnnotationConfigContextLoaderUtils : Could not detect default configuration classes for test class [com.hrManagement.unit.controller.EmpleadoControllerTest]: EmpleadoControllerTest does not declare any static, non-private, non-final, nested classes annotated with @Configuration.
2023-11-09 18:49:42.151  INFO 10432 --- [    Test worker] .b.t.c.SpringBootTestContextBootstrapper : Found @SpringBootConfiguration com.hrManagement.HrmanamentApplication for test class com.hrManagement.unit.controller.EmpleadoControllerTest
2023-11-09 18:49:42.152  INFO 10432 --- [    Test worker] .b.t.c.SpringBootTestContextBootstrapper : Loaded default TestExecutionListener class names from location [META-INF/spring.factories]: [org.springframework.boot.test.autoconfigure.restdocs.RestDocsTestExecutionListener, org.springframework.boot.test.autoconfigure.web.client.MockRestServiceServerResetTestExecutionListener, org.springframework.boot.test.autoconfigure.web.servlet.MockMvcPrintOnlyOnFailureTestExecutionListener, org.springframework.boot.test.autoconfigure.web.servlet.WebDriverTestExecutionListener, org.springframework.boot.test.autoconfigure.webservices.client.MockWebServiceServerTestExecutionListener, org.springframework.boot.test.mock.mockito.MockitoTestExecutionListener, org.springframework.boot.test.mock.mockito.ResetMocksTestExecutionListener, org.springframework.test.context.web.ServletTestExecutionListener, org.springframework.test.context.support.DirtiesContextBeforeModesTestExecutionListener, org.springframework.test.context.event.ApplicationEventsTestExecutionListener, org.springframework.test.context.support.DependencyInjectionTestExecutionListener, org.springframework.test.context.support.DirtiesContextTestExecutionListener, org.springframework.test.context.transaction.TransactionalTestExecutionListener, org.springframework.test.context.jdbc.SqlScriptsTestExecutionListener, org.springframework.test.context.event.EventPublishingTestExecutionListener]
2023-11-09 18:49:42.153  INFO 10432 --- [    Test worker] .b.t.c.SpringBootTestContextBootstrapper : Using TestExecutionListeners: [org.springframework.test.context.web.ServletTestExecutionListener@28bbadf0, org.springframework.test.context.support.DirtiesContextBeforeModesTestExecutionListener@62e9c551, org.springframework.test.context.event.ApplicationEventsTestExecutionListener@5aa87486, org.springframework.boot.test.mock.mockito.MockitoTestExecutionListener@2d517e29, org.springframework.boot.test.autoconfigure.SpringBootDependencyInjectionTestExecutionListener@58f0825e, org.springframework.test.context.support.DirtiesContextTestExecutionListener@749f075c, org.springframework.test.context.transaction.TransactionalTestExecutionListener@6d8a510d, org.springframework.test.context.jdbc.SqlScriptsTestExecutionListener@4b8cdaa3, org.springframework.test.context.event.EventPublishingTestExecutionListener@17b243fe, org.springframework.boot.test.autoconfigure.restdocs.RestDocsTestExecutionListener@1b1b13b3, org.springframework.boot.test.autoconfigure.web.client.MockRestServiceServerResetTestExecutionListener@24a63be4, org.springframework.boot.test.autoconfigure.web.servlet.MockMvcPrintOnlyOnFailureTestExecutionListener@9d2a411, org.springframework.boot.test.autoconfigure.web.servlet.WebDriverTestExecutionListener@c7abb66, org.springframework.boot.test.autoconfigure.webservices.client.MockWebServiceServerTestExecutionListener@4fbfb7d1, org.springframework.boot.test.mock.mockito.ResetMocksTestExecutionListener@5ad3dcd9]

  .   ____          _            __ _ _
 /\\ / ___'_ __ _ _(_)_ __  __ _ \ \ \ \
( ( )\___ | '_ | '_| | '_ \/ _` | \ \ \ \
 \\/  ___)| |_)| | | | | || (_| |  ) ) ) )
  '  |____| .__|_| |_|_| |_\__, | / / / /
 =========|_|==============|___/=/_/_/_/
 :: Spring Boot ::               (v2.7.15)

2023-11-09 18:49:42.434  INFO 10432 --- [    Test worker] c.h.u.controller.EmpleadoControllerTest  : Starting EmpleadoControllerTest using Java 17.0.8 on LAPTOP-MOFDOF3V with PID 10432 (started by Juanes Villa in C:\Users\Juanes Villa\Downloads\HRManage)
2023-11-09 18:49:42.435  INFO 10432 --- [    Test worker] c.h.u.controller.EmpleadoControllerTest  : The following 1 profile is active: "test"
2023-11-09 18:49:42.749  INFO 10432 --- [    Test worker] .s.d.r.c.RepositoryConfigurationDelegate : Bootstrapping Spring Data JPA repositories in DEFAULT mode.
2023-11-09 18:49:42.769  INFO 10432 --- [    Test worker] .s.d.r.c.RepositoryConfigurationDelegate : Finished Spring Data repository scanning in 19 ms. Found 2 JPA repository interfaces.
2023-11-09 18:49:43.011  INFO 10432 --- [    Test worker] o.s.b.w.embedded.tomcat.TomcatWebServer  : Tomcat initialized with port(s): 0 (http)
2023-11-09 18:49:43.014  INFO 10432 --- [    Test worker] o.apache.catalina.core.StandardService   : Starting service [Tomcat]
2023-11-09 18:49:43.015  INFO 10432 --- [    Test worker] org.apache.catalina.core.StandardEngine  : Starting Servlet engine: [Apache Tomcat/9.0.79]
2023-11-09 18:49:43.083  INFO 10432 --- [    Test worker] o.a.c.c.C.[Tomcat-1].[localhost].[/]     : Initializing Spring embedded WebApplicationContext
2023-11-09 18:49:43.083  INFO 10432 --- [    Test worker] w.s.c.ServletWebServerApplicationContext : Root WebApplicationContext: initialization completed in 646 ms
2023-11-09 18:49:43.361  INFO 10432 --- [    Test worker] o.hibernate.jpa.internal.util.LogHelper  : HHH000204: Processing PersistenceUnitInfo [name: default]
2023-11-09 18:49:43.375  INFO 10432 --- [    Test worker] com.zaxxer.hikari.HikariDataSource       : HikariPool-3 - Starting...
2023-11-09 18:49:43.377  INFO 10432 --- [    Test worker] com.zaxxer.hikari.HikariDataSource       : HikariPool-3 - Start completed.
2023-11-09 18:49:43.377  INFO 10432 --- [    Test worker] org.hibernate.dialect.Dialect            : HHH000400: Using dialect: org.hibernate.dialect.H2Dialect
2023-11-09 18:49:43.536  INFO 10432 --- [    Test worker] o.h.e.t.j.p.i.JtaPlatformInitiator       : HHH000490: Using JtaPlatform implementation: [org.hibernate.engine.transaction.jta.platform.internal.NoJtaPlatform]
2023-11-09 18:49:43.537  INFO 10432 --- [    Test worker] j.LocalContainerEntityManagerFactoryBean : Initialized JPA EntityManagerFactory for persistence unit 'default'
2023-11-09 18:49:43.834  INFO 10432 --- [    Test worker] o.s.s.web.DefaultSecurityFilterChain     : Will secure any request with [org.springframework.security.web.session.DisableEncodeUrlFilter@5001d219, org.springframework.security.web.context.request.async.WebAsyncManagerIntegrationFilter@5649bcb6, org.springframework.security.web.context.SecurityContextPersistenceFilter@7b5be876, org.springframework.security.web.header.HeaderWriterFilter@2b2bc71a, org.springframework.security.web.authentication.logout.LogoutFilter@13a51131, org.springframework.security.web.savedrequest.RequestCacheAwareFilter@7c559005, org.springframework.security.web.servletapi.SecurityContextHolderAwareRequestFilter@9b38b82, org.springframework.security.web.authentication.AnonymousAuthenticationFilter@75a7da4b, org.springframework.security.web.session.SessionManagementFilter@7c184191, org.springframework.security.web.access.ExceptionTranslationFilter@51fade76, org.springframework.security.web.access.intercept.FilterSecurityInterceptor@1096b94d]
2023-11-09 18:49:43.973  WARN 10432 --- [    Test worker] JpaBaseConfiguration$JpaWebConfiguration : spring.jpa.open-in-view is enabled by default. Therefore, database queries may be performed during view rendering. Explicitly configure spring.jpa.open-in-view to disable this warning
2023-11-09 18:49:44.585  INFO 10432 --- [    Test worker] o.s.b.w.embedded.tomcat.TomcatWebServer  : Tomcat started on port(s): 62044 (http) with context path ''
2023-11-09 18:49:44.590  INFO 10432 --- [    Test worker] c.h.u.controller.EmpleadoControllerTest  : Started EmpleadoControllerTest in 2.199 seconds (JVM running for 23.807)
]]></system-out>
  <system-err><![CDATA[]]></system-err>
</testsuite>
