<?xml version="1.0" encoding="UTF-8"?>
<testsuite name="com.hrManagement.integration.EmpleadoControllerITest" tests="4" skipped="0" failures="0" errors="0" timestamp="2023-11-04T18:55:05" hostname="LAPTOP-MOFDOF3V" time="1.579">
  <properties/>
  <testcase name="obtenerEmpleadoTest()" classname="com.hrManagement.integration.EmpleadoControllerITest" time="1.264"/>
  <testcase name="eliminarEmpleadoTest()" classname="com.hrManagement.integration.EmpleadoControllerITest" time="0.041"/>
  <testcase name="actualizarEmpleadoTest()" classname="com.hrManagement.integration.EmpleadoControllerITest" time="0.246"/>
  <testcase name="agregarEmpleadoTest()" classname="com.hrManagement.integration.EmpleadoControllerITest" time="0.02"/>
  <system-out><![CDATA[13:54:50.230 [Test worker] DEBUG org.springframework.test.context.BootstrapUtils - Instantiating CacheAwareContextLoaderDelegate from class [org.springframework.test.context.cache.DefaultCacheAwareContextLoaderDelegate]
13:54:50.358 [Test worker] DEBUG org.springframework.test.context.BootstrapUtils - Instantiating BootstrapContext using constructor [public org.springframework.test.context.support.DefaultBootstrapContext(java.lang.Class,org.springframework.test.context.CacheAwareContextLoaderDelegate)]
13:54:50.509 [Test worker] DEBUG org.springframework.test.context.BootstrapUtils - Instantiating TestContextBootstrapper for test class [com.hrManagement.integration.EmpleadoControllerITest] from class [org.springframework.boot.test.context.SpringBootTestContextBootstrapper]
13:54:50.549 [Test worker] INFO org.springframework.boot.test.context.SpringBootTestContextBootstrapper - Neither @ContextConfiguration nor @ContextHierarchy found for test class [com.hrManagement.integration.EmpleadoControllerITest], using SpringBootContextLoader
13:54:50.567 [Test worker] DEBUG org.springframework.test.context.support.AbstractContextLoader - Did not detect default resource location for test class [com.hrManagement.integration.EmpleadoControllerITest]: class path resource [com/hrManagement/integration/EmpleadoControllerITest-context.xml] does not exist
13:54:50.569 [Test worker] DEBUG org.springframework.test.context.support.AbstractContextLoader - Did not detect default resource location for test class [com.hrManagement.integration.EmpleadoControllerITest]: class path resource [com/hrManagement/integration/EmpleadoControllerITestContext.groovy] does not exist
13:54:50.569 [Test worker] INFO org.springframework.test.context.support.AbstractContextLoader - Could not detect default resource locations for test class [com.hrManagement.integration.EmpleadoControllerITest]: no resource found for suffixes {-context.xml, Context.groovy}.
13:54:50.571 [Test worker] INFO org.springframework.test.context.support.AnnotationConfigContextLoaderUtils - Could not detect default configuration classes for test class [com.hrManagement.integration.EmpleadoControllerITest]: EmpleadoControllerITest does not declare any static, non-private, non-final, nested classes annotated with @Configuration.
13:54:51.018 [Test worker] DEBUG org.springframework.context.annotation.ClassPathScanningCandidateComponentProvider - Identified candidate component class: file [C:\Users\Juanes Villa\Downloads\HRManage\build\classes\java\main\com\hrManagement\HrmanamentApplication.class]
13:54:51.021 [Test worker] INFO org.springframework.boot.test.context.SpringBootTestContextBootstrapper - Found @SpringBootConfiguration com.hrManagement.HrmanamentApplication for test class com.hrManagement.integration.EmpleadoControllerITest
13:54:51.504 [Test worker] DEBUG org.springframework.boot.test.context.SpringBootTestContextBootstrapper - @TestExecutionListeners is not present for class [com.hrManagement.integration.EmpleadoControllerITest]: using defaults.
13:54:51.506 [Test worker] INFO org.springframework.boot.test.context.SpringBootTestContextBootstrapper - Loaded default TestExecutionListener class names from location [META-INF/spring.factories]: [org.springframework.boot.test.autoconfigure.restdocs.RestDocsTestExecutionListener, org.springframework.boot.test.autoconfigure.web.client.MockRestServiceServerResetTestExecutionListener, org.springframework.boot.test.autoconfigure.web.servlet.MockMvcPrintOnlyOnFailureTestExecutionListener, org.springframework.boot.test.autoconfigure.web.servlet.WebDriverTestExecutionListener, org.springframework.boot.test.autoconfigure.webservices.client.MockWebServiceServerTestExecutionListener, org.springframework.boot.test.mock.mockito.MockitoTestExecutionListener, org.springframework.boot.test.mock.mockito.ResetMocksTestExecutionListener, org.springframework.test.context.web.ServletTestExecutionListener, org.springframework.test.context.support.DirtiesContextBeforeModesTestExecutionListener, org.springframework.test.context.event.ApplicationEventsTestExecutionListener, org.springframework.test.context.support.DependencyInjectionTestExecutionListener, org.springframework.test.context.support.DirtiesContextTestExecutionListener, org.springframework.test.context.transaction.TransactionalTestExecutionListener, org.springframework.test.context.jdbc.SqlScriptsTestExecutionListener, org.springframework.test.context.event.EventPublishingTestExecutionListener]
13:54:51.716 [Test worker] INFO org.springframework.boot.test.context.SpringBootTestContextBootstrapper - Using TestExecutionListeners: [org.springframework.test.context.web.ServletTestExecutionListener@52226e57, org.springframework.test.context.support.DirtiesContextBeforeModesTestExecutionListener@1200458e, org.springframework.test.context.event.ApplicationEventsTestExecutionListener@5fcd1c5f, org.springframework.boot.test.mock.mockito.MockitoTestExecutionListener@3cc30dee, org.springframework.boot.test.autoconfigure.SpringBootDependencyInjectionTestExecutionListener@7d528cf7, org.springframework.test.context.support.DirtiesContextTestExecutionListener@6dee8ae6, org.springframework.test.context.transaction.TransactionalTestExecutionListener@5af64ce0, org.springframework.test.context.jdbc.SqlScriptsTestExecutionListener@7e7e962d, org.springframework.test.context.event.EventPublishingTestExecutionListener@17229821, org.springframework.boot.test.autoconfigure.restdocs.RestDocsTestExecutionListener@e829999, org.springframework.boot.test.autoconfigure.web.client.MockRestServiceServerResetTestExecutionListener@66fb45e5, org.springframework.boot.test.autoconfigure.web.servlet.MockMvcPrintOnlyOnFailureTestExecutionListener@6cbe68e9, org.springframework.boot.test.autoconfigure.web.servlet.WebDriverTestExecutionListener@6f5e16cf, org.springframework.boot.test.autoconfigure.webservices.client.MockWebServiceServerTestExecutionListener@750a04ec, org.springframework.boot.test.mock.mockito.ResetMocksTestExecutionListener@49e2b3c5]
13:54:51.728 [Test worker] DEBUG org.springframework.test.context.support.AbstractDirtiesContextTestExecutionListener - Before test class: context [DefaultTestContext@68b734a8 testClass = EmpleadoControllerITest, testInstance = [null], testMethod = [null], testException = [null], mergedContextConfiguration = [WebMergedContextConfiguration@1a464fa3 testClass = EmpleadoControllerITest, locations = '{}', classes = '{class com.hrManagement.HrmanamentApplication}', contextInitializerClasses = '[]', activeProfiles = '{test}', propertySourceLocations = '{}', propertySourceProperties = '{org.springframework.boot.test.context.SpringBootTestContextBootstrapper=true, server.port=0}', contextCustomizers = set[org.springframework.boot.test.autoconfigure.actuate.metrics.MetricsExportContextCustomizerFactory$DisableMetricExportContextCustomizer@1cec219f, org.springframework.boot.test.autoconfigure.properties.PropertyMappingContextCustomizer@4b3fa0b3, org.springframework.boot.test.autoconfigure.web.servlet.WebDriverContextCustomizerFactory$Customizer@20de05e5, [ImportsContextCustomizer@4215e133 key = [org.springframework.boot.test.autoconfigure.web.servlet.MockMvcAutoConfiguration, org.springframework.boot.test.autoconfigure.web.servlet.MockMvcWebClientAutoConfiguration, org.springframework.boot.test.autoconfigure.web.servlet.MockMvcWebDriverAutoConfiguration, org.springframework.boot.autoconfigure.security.oauth2.client.servlet.OAuth2ClientAutoConfiguration, org.springframework.boot.autoconfigure.security.oauth2.resource.servlet.OAuth2ResourceServerAutoConfiguration, org.springframework.boot.autoconfigure.security.servlet.SecurityAutoConfiguration, org.springframework.boot.autoconfigure.security.servlet.SecurityFilterAutoConfiguration, org.springframework.boot.autoconfigure.security.servlet.UserDetailsServiceAutoConfiguration, org.springframework.boot.test.autoconfigure.web.servlet.MockMvcSecurityConfiguration, org.springframework.boot.test.autoconfigure.web.reactive.WebTestClientAutoConfiguration]], org.springframework.boot.test.context.filter.ExcludeFilterContextCustomizer@435e60ff, org.springframework.boot.test.json.DuplicateJsonObjectContextCustomizerFactory$DuplicateJsonObjectContextCustomizer@4715ae33, org.springframework.boot.test.mock.mockito.MockitoContextCustomizer@0, org.springframework.boot.test.web.client.TestRestTemplateContextCustomizer@4195105b, org.springframework.boot.test.context.SpringBootTestArgs@1, org.springframework.boot.test.context.SpringBootTestWebEnvironment@24be2d9c], resourceBasePath = 'src/main/webapp', contextLoader = 'org.springframework.boot.test.context.SpringBootContextLoader', parent = [null]], attributes = map['org.springframework.test.context.web.ServletTestExecutionListener.activateListener' -> false]], class annotated with @DirtiesContext [false] with mode [null].
13:54:51.800 [Test worker] DEBUG org.springframework.test.context.support.DependencyInjectionTestExecutionListener - Performing dependency injection for test context [[DefaultTestContext@68b734a8 testClass = EmpleadoControllerITest, testInstance = com.hrManagement.integration.EmpleadoControllerITest@413bef78, testMethod = [null], testException = [null], mergedContextConfiguration = [WebMergedContextConfiguration@1a464fa3 testClass = EmpleadoControllerITest, locations = '{}', classes = '{class com.hrManagement.HrmanamentApplication}', contextInitializerClasses = '[]', activeProfiles = '{test}', propertySourceLocations = '{}', propertySourceProperties = '{org.springframework.boot.test.context.SpringBootTestContextBootstrapper=true, server.port=0}', contextCustomizers = set[org.springframework.boot.test.autoconfigure.actuate.metrics.MetricsExportContextCustomizerFactory$DisableMetricExportContextCustomizer@1cec219f, org.springframework.boot.test.autoconfigure.properties.PropertyMappingContextCustomizer@4b3fa0b3, org.springframework.boot.test.autoconfigure.web.servlet.WebDriverContextCustomizerFactory$Customizer@20de05e5, [ImportsContextCustomizer@4215e133 key = [org.springframework.boot.test.autoconfigure.web.servlet.MockMvcAutoConfiguration, org.springframework.boot.test.autoconfigure.web.servlet.MockMvcWebClientAutoConfiguration, org.springframework.boot.test.autoconfigure.web.servlet.MockMvcWebDriverAutoConfiguration, org.springframework.boot.autoconfigure.security.oauth2.client.servlet.OAuth2ClientAutoConfiguration, org.springframework.boot.autoconfigure.security.oauth2.resource.servlet.OAuth2ResourceServerAutoConfiguration, org.springframework.boot.autoconfigure.security.servlet.SecurityAutoConfiguration, org.springframework.boot.autoconfigure.security.servlet.SecurityFilterAutoConfiguration, org.springframework.boot.autoconfigure.security.servlet.UserDetailsServiceAutoConfiguration, org.springframework.boot.test.autoconfigure.web.servlet.MockMvcSecurityConfiguration, org.springframework.boot.test.autoconfigure.web.reactive.WebTestClientAutoConfiguration]], org.springframework.boot.test.context.filter.ExcludeFilterContextCustomizer@435e60ff, org.springframework.boot.test.json.DuplicateJsonObjectContextCustomizerFactory$DuplicateJsonObjectContextCustomizer@4715ae33, org.springframework.boot.test.mock.mockito.MockitoContextCustomizer@0, org.springframework.boot.test.web.client.TestRestTemplateContextCustomizer@4195105b, org.springframework.boot.test.context.SpringBootTestArgs@1, org.springframework.boot.test.context.SpringBootTestWebEnvironment@24be2d9c], resourceBasePath = 'src/main/webapp', contextLoader = 'org.springframework.boot.test.context.SpringBootContextLoader', parent = [null]], attributes = map['org.springframework.test.context.web.ServletTestExecutionListener.activateListener' -> false, 'org.springframework.test.context.event.ApplicationEventsTestExecutionListener.recordApplicationEvents' -> false]]].

  .   ____          _            __ _ _
 /\\ / ___'_ __ _ _(_)_ __  __ _ \ \ \ \
( ( )\___ | '_ | '_| | '_ \/ _` | \ \ \ \
 \\/  ___)| |_)| | | | | || (_| |  ) ) ) )
  '  |____| .__|_| |_|_| |_\__, | / / / /
 =========|_|==============|___/=/_/_/_/
 :: Spring Boot ::               (v2.7.15)

2023-11-04 13:54:53.047  INFO 8432 --- [    Test worker] c.h.integration.EmpleadoControllerITest  : Starting EmpleadoControllerITest using Java 17.0.8 on LAPTOP-MOFDOF3V with PID 8432 (started by Juanes Villa in C:\Users\Juanes Villa\Downloads\HRManage)
2023-11-04 13:54:53.053  INFO 8432 --- [    Test worker] c.h.integration.EmpleadoControllerITest  : The following 1 profile is active: "test"
2023-11-04 13:54:55.765  INFO 8432 --- [    Test worker] .s.d.r.c.RepositoryConfigurationDelegate : Bootstrapping Spring Data JPA repositories in DEFAULT mode.
2023-11-04 13:54:55.861  INFO 8432 --- [    Test worker] .s.d.r.c.RepositoryConfigurationDelegate : Finished Spring Data repository scanning in 83 ms. Found 2 JPA repository interfaces.
2023-11-04 13:54:57.519  INFO 8432 --- [    Test worker] o.s.b.w.embedded.tomcat.TomcatWebServer  : Tomcat initialized with port(s): 0 (http)
2023-11-04 13:54:57.550  INFO 8432 --- [    Test worker] o.apache.catalina.core.StandardService   : Starting service [Tomcat]
2023-11-04 13:54:57.551  INFO 8432 --- [    Test worker] org.apache.catalina.core.StandardEngine  : Starting Servlet engine: [Apache Tomcat/9.0.79]
2023-11-04 13:54:57.869  INFO 8432 --- [    Test worker] o.a.c.c.C.[Tomcat].[localhost].[/]       : Initializing Spring embedded WebApplicationContext
2023-11-04 13:54:57.869  INFO 8432 --- [    Test worker] w.s.c.ServletWebServerApplicationContext : Root WebApplicationContext: initialization completed in 4679 ms
2023-11-04 13:54:58.681  INFO 8432 --- [    Test worker] o.hibernate.jpa.internal.util.LogHelper  : HHH000204: Processing PersistenceUnitInfo [name: default]
2023-11-04 13:54:58.923  INFO 8432 --- [    Test worker] org.hibernate.Version                    : HHH000412: Hibernate ORM core version 5.6.15.Final
2023-11-04 13:54:59.527  INFO 8432 --- [    Test worker] o.hibernate.annotations.common.Version   : HCANN000001: Hibernate Commons Annotations {5.1.2.Final}
2023-11-04 13:54:59.983  INFO 8432 --- [    Test worker] com.zaxxer.hikari.HikariDataSource       : HikariPool-1 - Starting...
2023-11-04 13:55:00.878  INFO 8432 --- [    Test worker] com.zaxxer.hikari.HikariDataSource       : HikariPool-1 - Start completed.
2023-11-04 13:55:00.950  INFO 8432 --- [    Test worker] org.hibernate.dialect.Dialect            : HHH000400: Using dialect: org.hibernate.dialect.H2Dialect
2023-11-04 13:55:02.379  INFO 8432 --- [    Test worker] o.h.e.t.j.p.i.JtaPlatformInitiator       : HHH000490: Using JtaPlatform implementation: [org.hibernate.engine.transaction.jta.platform.internal.NoJtaPlatform]
2023-11-04 13:55:02.406  INFO 8432 --- [    Test worker] j.LocalContainerEntityManagerFactoryBean : Initialized JPA EntityManagerFactory for persistence unit 'default'
2023-11-04 13:55:03.748  INFO 8432 --- [    Test worker] o.s.s.web.DefaultSecurityFilterChain     : Will secure any request with [org.springframework.security.web.session.DisableEncodeUrlFilter@45d46151, org.springframework.security.web.context.request.async.WebAsyncManagerIntegrationFilter@7fec168e, org.springframework.security.web.context.SecurityContextPersistenceFilter@4629b29, org.springframework.security.web.header.HeaderWriterFilter@b8ef941, org.springframework.security.web.authentication.logout.LogoutFilter@1c5a561e, org.springframework.security.web.savedrequest.RequestCacheAwareFilter@307e9f30, org.springframework.security.web.servletapi.SecurityContextHolderAwareRequestFilter@20d5f1c5, org.springframework.security.web.authentication.AnonymousAuthenticationFilter@798f8f25, org.springframework.security.web.session.SessionManagementFilter@2f6b3859, org.springframework.security.web.access.ExceptionTranslationFilter@47f8088, org.springframework.security.web.access.intercept.FilterSecurityInterceptor@2e37e758]
2023-11-04 13:55:04.145  WARN 8432 --- [    Test worker] JpaBaseConfiguration$JpaWebConfiguration : spring.jpa.open-in-view is enabled by default. Therefore, database queries may be performed during view rendering. Explicitly configure spring.jpa.open-in-view to disable this warning
2023-11-04 13:55:05.632  INFO 8432 --- [    Test worker] o.a.c.c.C.[Tomcat].[localhost].[/]       : Initializing Spring TestDispatcherServlet ''
2023-11-04 13:55:05.632  INFO 8432 --- [    Test worker] o.s.t.web.servlet.TestDispatcherServlet  : Initializing Servlet ''
2023-11-04 13:55:05.635  INFO 8432 --- [    Test worker] o.s.t.web.servlet.TestDispatcherServlet  : Completed initialization in 2 ms
2023-11-04 13:55:05.740  INFO 8432 --- [    Test worker] o.s.b.w.embedded.tomcat.TomcatWebServer  : Tomcat started on port(s): 63107 (http) with context path ''
2023-11-04 13:55:05.760  INFO 8432 --- [    Test worker] c.h.integration.EmpleadoControllerITest  : Started EmpleadoControllerITest in 13.821 seconds (JVM running for 19.043)
]]></system-out>
  <system-err><![CDATA[]]></system-err>
</testsuite>
