<?xml version="1.0" encoding="UTF-8"?>
<testsuite name="com.hrManagement.unit.controller.PerfilEmpleadoControllerTest" tests="9" skipped="0" failures="0" errors="0" timestamp="2023-09-30T14:13:28" hostname="LAPTOP-MOFDOF3V" time="0.101">
  <properties/>
  <testcase name="eliminarPerfilEmpleado_EmpleadoNoExisteException()" classname="com.hrManagement.unit.controller.PerfilEmpleadoControllerTest" time="0.025"/>
  <testcase name="eliminarPerfilEmpleado_Success()" classname="com.hrManagement.unit.controller.PerfilEmpleadoControllerTest" time="0.005"/>
  <testcase name="obtenerDatosEmpleadoPorID_NotFound()" classname="com.hrManagement.unit.controller.PerfilEmpleadoControllerTest" time="0.01"/>
  <testcase name="obtenerDatosEmpleadoPorID_Success()" classname="com.hrManagement.unit.controller.PerfilEmpleadoControllerTest" time="0.008"/>
  <testcase name="eliminarPerfilEmpleado_InternalServerError()" classname="com.hrManagement.unit.controller.PerfilEmpleadoControllerTest" time="0.005"/>
  <testcase name="agregarPerfilEmpleado_EmpleadoNoExisteException()" classname="com.hrManagement.unit.controller.PerfilEmpleadoControllerTest" time="0.008"/>
  <testcase name="obtenerTodosLosPerfilesDeEmpleados_Success()" classname="com.hrManagement.unit.controller.PerfilEmpleadoControllerTest" time="0.01"/>
  <testcase name="agregarPerfilEmpleado_InternalServerError()" classname="com.hrManagement.unit.controller.PerfilEmpleadoControllerTest" time="0.007"/>
  <testcase name="agregarPerfilEmpleado_Success()" classname="com.hrManagement.unit.controller.PerfilEmpleadoControllerTest" time="0.006"/>
  <system-out><![CDATA[2023-09-30 09:13:28.729  INFO 6980 --- [    Test worker] .b.t.c.SpringBootTestContextBootstrapper : Neither @ContextConfiguration nor @ContextHierarchy found for test class [com.hrManagement.unit.controller.PerfilEmpleadoControllerTest], using SpringBootContextLoader
2023-09-30 09:13:28.731  INFO 6980 --- [    Test worker] o.s.t.c.support.AbstractContextLoader    : Could not detect default resource locations for test class [com.hrManagement.unit.controller.PerfilEmpleadoControllerTest]: no resource found for suffixes {-context.xml, Context.groovy}.
2023-09-30 09:13:28.732  INFO 6980 --- [    Test worker] t.c.s.AnnotationConfigContextLoaderUtils : Could not detect default configuration classes for test class [com.hrManagement.unit.controller.PerfilEmpleadoControllerTest]: PerfilEmpleadoControllerTest does not declare any static, non-private, non-final, nested classes annotated with @Configuration.
2023-09-30 09:13:28.736  INFO 6980 --- [    Test worker] .b.t.c.SpringBootTestContextBootstrapper : Found @SpringBootConfiguration com.hrManagement.HrmanamentApplication for test class com.hrManagement.unit.controller.PerfilEmpleadoControllerTest
2023-09-30 09:13:28.738  INFO 6980 --- [    Test worker] .b.t.c.SpringBootTestContextBootstrapper : Loaded default TestExecutionListener class names from location [META-INF/spring.factories]: [org.springframework.boot.test.autoconfigure.restdocs.RestDocsTestExecutionListener, org.springframework.boot.test.autoconfigure.web.client.MockRestServiceServerResetTestExecutionListener, org.springframework.boot.test.autoconfigure.web.servlet.MockMvcPrintOnlyOnFailureTestExecutionListener, org.springframework.boot.test.autoconfigure.web.servlet.WebDriverTestExecutionListener, org.springframework.boot.test.autoconfigure.webservices.client.MockWebServiceServerTestExecutionListener, org.springframework.boot.test.mock.mockito.MockitoTestExecutionListener, org.springframework.boot.test.mock.mockito.ResetMocksTestExecutionListener, org.springframework.test.context.web.ServletTestExecutionListener, org.springframework.test.context.support.DirtiesContextBeforeModesTestExecutionListener, org.springframework.test.context.event.ApplicationEventsTestExecutionListener, org.springframework.test.context.support.DependencyInjectionTestExecutionListener, org.springframework.test.context.support.DirtiesContextTestExecutionListener, org.springframework.test.context.transaction.TransactionalTestExecutionListener, org.springframework.test.context.jdbc.SqlScriptsTestExecutionListener, org.springframework.test.context.event.EventPublishingTestExecutionListener]
2023-09-30 09:13:28.739  INFO 6980 --- [    Test worker] .b.t.c.SpringBootTestContextBootstrapper : Using TestExecutionListeners: [org.springframework.test.context.web.ServletTestExecutionListener@6561e48, org.springframework.test.context.support.DirtiesContextBeforeModesTestExecutionListener@5b7437a8, org.springframework.test.context.event.ApplicationEventsTestExecutionListener@78d9f50f, org.springframework.boot.test.mock.mockito.MockitoTestExecutionListener@4604aa42, org.springframework.boot.test.autoconfigure.SpringBootDependencyInjectionTestExecutionListener@70164894, org.springframework.test.context.support.DirtiesContextTestExecutionListener@a25f849, org.springframework.test.context.transaction.TransactionalTestExecutionListener@3d63158f, org.springframework.test.context.jdbc.SqlScriptsTestExecutionListener@5ed6eedb, org.springframework.test.context.event.EventPublishingTestExecutionListener@1c465f7d, org.springframework.boot.test.autoconfigure.restdocs.RestDocsTestExecutionListener@39041b0c, org.springframework.boot.test.autoconfigure.web.client.MockRestServiceServerResetTestExecutionListener@1c6ebece, org.springframework.boot.test.autoconfigure.web.servlet.MockMvcPrintOnlyOnFailureTestExecutionListener@75273bae, org.springframework.boot.test.autoconfigure.web.servlet.WebDriverTestExecutionListener@5b343fc0, org.springframework.boot.test.autoconfigure.webservices.client.MockWebServiceServerTestExecutionListener@42f183d1, org.springframework.boot.test.mock.mockito.ResetMocksTestExecutionListener@2b80cd8f]
]]></system-out>
  <system-err><![CDATA[]]></system-err>
</testsuite>
