<?xml version="1.0" encoding="UTF-8"?>
<testsuite name="com.hrManagement.unit.controller.EmpleadoControllerTest" tests="6" skipped="0" failures="0" errors="0" timestamp="2023-09-30T14:13:28" hostname="LAPTOP-MOFDOF3V" time="0.079">
  <properties/>
  <testcase name="testEliminarEmpleado()" classname="com.hrManagement.unit.controller.EmpleadoControllerTest" time="0.047"/>
  <testcase name="testObtenerTodosLosEmpleados()" classname="com.hrManagement.unit.controller.EmpleadoControllerTest" time="0.007"/>
  <testcase name="testAgregarEmpleado()" classname="com.hrManagement.unit.controller.EmpleadoControllerTest" time="0.006"/>
  <testcase name="testModificarEmpleado()" classname="com.hrManagement.unit.controller.EmpleadoControllerTest" time="0.003"/>
  <testcase name="testObtenerEmpleadosPorCargo()" classname="com.hrManagement.unit.controller.EmpleadoControllerTest" time="0.005"/>
  <testcase name="testObtenerDatosEmpleadoPorID()" classname="com.hrManagement.unit.controller.EmpleadoControllerTest" time="0.005"/>
  <system-out><![CDATA[2023-09-30 09:13:26.074  INFO 6980 --- [    Test worker] .b.t.c.SpringBootTestContextBootstrapper : Neither @ContextConfiguration nor @ContextHierarchy found for test class [com.hrManagement.unit.controller.EmpleadoControllerTest], using SpringBootContextLoader
2023-09-30 09:13:26.075  INFO 6980 --- [    Test worker] o.s.t.c.support.AbstractContextLoader    : Could not detect default resource locations for test class [com.hrManagement.unit.controller.EmpleadoControllerTest]: no resource found for suffixes {-context.xml, Context.groovy}.
2023-09-30 09:13:26.076  INFO 6980 --- [    Test worker] t.c.s.AnnotationConfigContextLoaderUtils : Could not detect default configuration classes for test class [com.hrManagement.unit.controller.EmpleadoControllerTest]: EmpleadoControllerTest does not declare any static, non-private, non-final, nested classes annotated with @Configuration.
2023-09-30 09:13:26.095  INFO 6980 --- [    Test worker] .b.t.c.SpringBootTestContextBootstrapper : Found @SpringBootConfiguration com.hrManagement.HrmanamentApplication for test class com.hrManagement.unit.controller.EmpleadoControllerTest
2023-09-30 09:13:26.098  INFO 6980 --- [    Test worker] .b.t.c.SpringBootTestContextBootstrapper : Loaded default TestExecutionListener class names from location [META-INF/spring.factories]: [org.springframework.boot.test.autoconfigure.restdocs.RestDocsTestExecutionListener, org.springframework.boot.test.autoconfigure.web.client.MockRestServiceServerResetTestExecutionListener, org.springframework.boot.test.autoconfigure.web.servlet.MockMvcPrintOnlyOnFailureTestExecutionListener, org.springframework.boot.test.autoconfigure.web.servlet.WebDriverTestExecutionListener, org.springframework.boot.test.autoconfigure.webservices.client.MockWebServiceServerTestExecutionListener, org.springframework.boot.test.mock.mockito.MockitoTestExecutionListener, org.springframework.boot.test.mock.mockito.ResetMocksTestExecutionListener, org.springframework.test.context.web.ServletTestExecutionListener, org.springframework.test.context.support.DirtiesContextBeforeModesTestExecutionListener, org.springframework.test.context.event.ApplicationEventsTestExecutionListener, org.springframework.test.context.support.DependencyInjectionTestExecutionListener, org.springframework.test.context.support.DirtiesContextTestExecutionListener, org.springframework.test.context.transaction.TransactionalTestExecutionListener, org.springframework.test.context.jdbc.SqlScriptsTestExecutionListener, org.springframework.test.context.event.EventPublishingTestExecutionListener]
2023-09-30 09:13:26.100  INFO 6980 --- [    Test worker] .b.t.c.SpringBootTestContextBootstrapper : Using TestExecutionListeners: [org.springframework.test.context.web.ServletTestExecutionListener@7f6ca769, org.springframework.test.context.support.DirtiesContextBeforeModesTestExecutionListener@2420c8fc, org.springframework.test.context.event.ApplicationEventsTestExecutionListener@3b68430d, org.springframework.boot.test.mock.mockito.MockitoTestExecutionListener@12f81d09, org.springframework.boot.test.autoconfigure.SpringBootDependencyInjectionTestExecutionListener@835a7d0, org.springframework.test.context.support.DirtiesContextTestExecutionListener@2af0f902, org.springframework.test.context.transaction.TransactionalTestExecutionListener@5379a77a, org.springframework.test.context.jdbc.SqlScriptsTestExecutionListener@1bbf849, org.springframework.test.context.event.EventPublishingTestExecutionListener@2495d489, org.springframework.boot.test.autoconfigure.restdocs.RestDocsTestExecutionListener@90001f0, org.springframework.boot.test.autoconfigure.web.client.MockRestServiceServerResetTestExecutionListener@175c25dd, org.springframework.boot.test.autoconfigure.web.servlet.MockMvcPrintOnlyOnFailureTestExecutionListener@49fbfecf, org.springframework.boot.test.autoconfigure.web.servlet.WebDriverTestExecutionListener@43405ae5, org.springframework.boot.test.autoconfigure.webservices.client.MockWebServiceServerTestExecutionListener@4ac6ccfc, org.springframework.boot.test.mock.mockito.ResetMocksTestExecutionListener@3cc27ab4]

  .   ____          _            __ _ _
 /\\ / ___'_ __ _ _(_)_ __  __ _ \ \ \ \
( ( )\___ | '_ | '_| | '_ \/ _` | \ \ \ \
 \\/  ___)| |_)| | | | | || (_| |  ) ) ) )
  '  |____| .__|_| |_|_| |_\__, | / / / /
 =========|_|==============|___/=/_/_/_/
 :: Spring Boot ::               (v2.7.15)

2023-09-30 09:13:26.378  INFO 6980 --- [    Test worker] c.h.u.controller.EmpleadoControllerTest  : Starting EmpleadoControllerTest using Java 17.0.8 on LAPTOP-MOFDOF3V with PID 6980 (started by Juanes Villa in C:\Users\Juanes Villa\Downloads\HRManage)
2023-09-30 09:13:26.379  INFO 6980 --- [    Test worker] c.h.u.controller.EmpleadoControllerTest  : The following 1 profile is active: "test"
2023-09-30 09:13:26.739  INFO 6980 --- [    Test worker] .s.d.r.c.RepositoryConfigurationDelegate : Bootstrapping Spring Data JPA repositories in DEFAULT mode.
2023-09-30 09:13:26.755  INFO 6980 --- [    Test worker] .s.d.r.c.RepositoryConfigurationDelegate : Finished Spring Data repository scanning in 15 ms. Found 2 JPA repository interfaces.
2023-09-30 09:13:27.243  INFO 6980 --- [    Test worker] o.s.b.w.embedded.tomcat.TomcatWebServer  : Tomcat initialized with port(s): 0 (http)
2023-09-30 09:13:27.268  INFO 6980 --- [    Test worker] o.apache.catalina.core.StandardService   : Starting service [Tomcat]
2023-09-30 09:13:27.269  INFO 6980 --- [    Test worker] org.apache.catalina.core.StandardEngine  : Starting Servlet engine: [Apache Tomcat/9.0.79]
2023-09-30 09:13:27.501  INFO 6980 --- [    Test worker] o.a.c.c.C.[Tomcat].[localhost].[/]       : Initializing Spring embedded WebApplicationContext
2023-09-30 09:13:27.501  INFO 6980 --- [    Test worker] w.s.c.ServletWebServerApplicationContext : Root WebApplicationContext: initialization completed in 1118 ms
2023-09-30 09:13:27.759  INFO 6980 --- [    Test worker] o.hibernate.jpa.internal.util.LogHelper  : HHH000204: Processing PersistenceUnitInfo [name: default]
2023-09-30 09:13:27.768  INFO 6980 --- [    Test worker] com.zaxxer.hikari.HikariDataSource       : HikariPool-2 - Starting...
2023-09-30 09:13:27.771  INFO 6980 --- [    Test worker] com.zaxxer.hikari.HikariDataSource       : HikariPool-2 - Start completed.
2023-09-30 09:13:27.772  INFO 6980 --- [    Test worker] org.hibernate.dialect.Dialect            : HHH000400: Using dialect: org.hibernate.dialect.H2Dialect
2023-09-30 09:13:27.834  INFO 6980 --- [    Test worker] o.h.e.t.j.p.i.JtaPlatformInitiator       : HHH000490: Using JtaPlatform implementation: [org.hibernate.engine.transaction.jta.platform.internal.NoJtaPlatform]
2023-09-30 09:13:27.835  INFO 6980 --- [    Test worker] j.LocalContainerEntityManagerFactoryBean : Initialized JPA EntityManagerFactory for persistence unit 'default'
2023-09-30 09:13:28.056  WARN 6980 --- [    Test worker] JpaBaseConfiguration$JpaWebConfiguration : spring.jpa.open-in-view is enabled by default. Therefore, database queries may be performed during view rendering. Explicitly configure spring.jpa.open-in-view to disable this warning
2023-09-30 09:13:28.638  INFO 6980 --- [    Test worker] o.s.b.w.embedded.tomcat.TomcatWebServer  : Tomcat started on port(s): 65159 (http) with context path ''
2023-09-30 09:13:28.642  INFO 6980 --- [    Test worker] c.h.u.controller.EmpleadoControllerTest  : Started EmpleadoControllerTest in 2.32 seconds (JVM running for 13.806)
]]></system-out>
  <system-err><![CDATA[]]></system-err>
</testsuite>
