<?xml version="1.0" encoding="UTF-8"?>
<testsuite name="com.hrManagement.unit.controller.EmpleadoControllerTest" tests="6" skipped="0" failures="0" errors="0" timestamp="2023-11-04T23:37:49" hostname="LAPTOP-MOFDOF3V" time="0.149">
  <properties/>
  <testcase name="testEliminarEmpleado()" classname="com.hrManagement.unit.controller.EmpleadoControllerTest" time="0.1"/>
  <testcase name="testObtenerTodosLosEmpleados()" classname="com.hrManagement.unit.controller.EmpleadoControllerTest" time="0.007"/>
  <testcase name="testAgregarEmpleado()" classname="com.hrManagement.unit.controller.EmpleadoControllerTest" time="0.012"/>
  <testcase name="testModificarEmpleado()" classname="com.hrManagement.unit.controller.EmpleadoControllerTest" time="0.006"/>
  <testcase name="testObtenerEmpleadosPorCargo()" classname="com.hrManagement.unit.controller.EmpleadoControllerTest" time="0.011"/>
  <testcase name="testObtenerDatosEmpleadoPorID()" classname="com.hrManagement.unit.controller.EmpleadoControllerTest" time="0.005"/>
  <system-out><![CDATA[2023-11-04 18:37:45.523  INFO 22020 --- [    Test worker] .b.t.c.SpringBootTestContextBootstrapper : Neither @ContextConfiguration nor @ContextHierarchy found for test class [com.hrManagement.unit.controller.EmpleadoControllerTest], using SpringBootContextLoader
2023-11-04 18:37:45.526  INFO 22020 --- [    Test worker] o.s.t.c.support.AbstractContextLoader    : Could not detect default resource locations for test class [com.hrManagement.unit.controller.EmpleadoControllerTest]: no resource found for suffixes {-context.xml, Context.groovy}.
2023-11-04 18:37:45.526  INFO 22020 --- [    Test worker] t.c.s.AnnotationConfigContextLoaderUtils : Could not detect default configuration classes for test class [com.hrManagement.unit.controller.EmpleadoControllerTest]: EmpleadoControllerTest does not declare any static, non-private, non-final, nested classes annotated with @Configuration.
2023-11-04 18:37:45.546  INFO 22020 --- [    Test worker] .b.t.c.SpringBootTestContextBootstrapper : Found @SpringBootConfiguration com.hrManagement.HrmanamentApplication for test class com.hrManagement.unit.controller.EmpleadoControllerTest
2023-11-04 18:37:45.548  INFO 22020 --- [    Test worker] .b.t.c.SpringBootTestContextBootstrapper : Loaded default TestExecutionListener class names from location [META-INF/spring.factories]: [org.springframework.boot.test.autoconfigure.restdocs.RestDocsTestExecutionListener, org.springframework.boot.test.autoconfigure.web.client.MockRestServiceServerResetTestExecutionListener, org.springframework.boot.test.autoconfigure.web.servlet.MockMvcPrintOnlyOnFailureTestExecutionListener, org.springframework.boot.test.autoconfigure.web.servlet.WebDriverTestExecutionListener, org.springframework.boot.test.autoconfigure.webservices.client.MockWebServiceServerTestExecutionListener, org.springframework.boot.test.mock.mockito.MockitoTestExecutionListener, org.springframework.boot.test.mock.mockito.ResetMocksTestExecutionListener, org.springframework.test.context.web.ServletTestExecutionListener, org.springframework.test.context.support.DirtiesContextBeforeModesTestExecutionListener, org.springframework.test.context.event.ApplicationEventsTestExecutionListener, org.springframework.test.context.support.DependencyInjectionTestExecutionListener, org.springframework.test.context.support.DirtiesContextTestExecutionListener, org.springframework.test.context.transaction.TransactionalTestExecutionListener, org.springframework.test.context.jdbc.SqlScriptsTestExecutionListener, org.springframework.test.context.event.EventPublishingTestExecutionListener]
2023-11-04 18:37:45.549  INFO 22020 --- [    Test worker] .b.t.c.SpringBootTestContextBootstrapper : Using TestExecutionListeners: [org.springframework.test.context.web.ServletTestExecutionListener@22eb7121, org.springframework.test.context.support.DirtiesContextBeforeModesTestExecutionListener@3666841e, org.springframework.test.context.event.ApplicationEventsTestExecutionListener@33934e30, org.springframework.boot.test.mock.mockito.MockitoTestExecutionListener@3a0e98b2, org.springframework.boot.test.autoconfigure.SpringBootDependencyInjectionTestExecutionListener@431584ab, org.springframework.test.context.support.DirtiesContextTestExecutionListener@41d1bea3, org.springframework.test.context.transaction.TransactionalTestExecutionListener@689a8a67, org.springframework.test.context.jdbc.SqlScriptsTestExecutionListener@261f44ce, org.springframework.test.context.event.EventPublishingTestExecutionListener@49c0ac7a, org.springframework.boot.test.autoconfigure.restdocs.RestDocsTestExecutionListener@5a83747, org.springframework.boot.test.autoconfigure.web.client.MockRestServiceServerResetTestExecutionListener@39dd5c27, org.springframework.boot.test.autoconfigure.web.servlet.MockMvcPrintOnlyOnFailureTestExecutionListener@653856e6, org.springframework.boot.test.autoconfigure.web.servlet.WebDriverTestExecutionListener@29579547, org.springframework.boot.test.autoconfigure.webservices.client.MockWebServiceServerTestExecutionListener@6d818d25, org.springframework.boot.test.mock.mockito.ResetMocksTestExecutionListener@3e6ec8d6]

  .   ____          _            __ _ _
 /\\ / ___'_ __ _ _(_)_ __  __ _ \ \ \ \
( ( )\___ | '_ | '_| | '_ \/ _` | \ \ \ \
 \\/  ___)| |_)| | | | | || (_| |  ) ) ) )
  '  |____| .__|_| |_|_| |_\__, | / / / /
 =========|_|==============|___/=/_/_/_/
 :: Spring Boot ::               (v2.7.15)

2023-11-04 18:37:46.157  INFO 22020 --- [    Test worker] c.h.u.controller.EmpleadoControllerTest  : Starting EmpleadoControllerTest using Java 17.0.8 on LAPTOP-MOFDOF3V with PID 22020 (started by Juanes Villa in C:\Users\Juanes Villa\Downloads\HRManage)
2023-11-04 18:37:46.159  INFO 22020 --- [    Test worker] c.h.u.controller.EmpleadoControllerTest  : The following 1 profile is active: "test"
2023-11-04 18:37:46.627  INFO 22020 --- [    Test worker] .s.d.r.c.RepositoryConfigurationDelegate : Bootstrapping Spring Data JPA repositories in DEFAULT mode.
2023-11-04 18:37:46.661  INFO 22020 --- [    Test worker] .s.d.r.c.RepositoryConfigurationDelegate : Finished Spring Data repository scanning in 33 ms. Found 2 JPA repository interfaces.
2023-11-04 18:37:47.032  INFO 22020 --- [    Test worker] o.s.b.w.embedded.tomcat.TomcatWebServer  : Tomcat initialized with port(s): 0 (http)
2023-11-04 18:37:47.034  INFO 22020 --- [    Test worker] o.apache.catalina.core.StandardService   : Starting service [Tomcat]
2023-11-04 18:37:47.035  INFO 22020 --- [    Test worker] org.apache.catalina.core.StandardEngine  : Starting Servlet engine: [Apache Tomcat/9.0.79]
2023-11-04 18:37:47.120  INFO 22020 --- [    Test worker] o.a.c.c.C.[Tomcat-1].[localhost].[/]     : Initializing Spring embedded WebApplicationContext
2023-11-04 18:37:47.120  INFO 22020 --- [    Test worker] w.s.c.ServletWebServerApplicationContext : Root WebApplicationContext: initialization completed in 952 ms
2023-11-04 18:37:47.471  INFO 22020 --- [    Test worker] o.hibernate.jpa.internal.util.LogHelper  : HHH000204: Processing PersistenceUnitInfo [name: default]
2023-11-04 18:37:47.484  INFO 22020 --- [    Test worker] com.zaxxer.hikari.HikariDataSource       : HikariPool-3 - Starting...
2023-11-04 18:37:47.486  INFO 22020 --- [    Test worker] com.zaxxer.hikari.HikariDataSource       : HikariPool-3 - Start completed.
2023-11-04 18:37:47.487  INFO 22020 --- [    Test worker] org.hibernate.dialect.Dialect            : HHH000400: Using dialect: org.hibernate.dialect.H2Dialect
2023-11-04 18:37:47.578  INFO 22020 --- [    Test worker] o.h.e.t.j.p.i.JtaPlatformInitiator       : HHH000490: Using JtaPlatform implementation: [org.hibernate.engine.transaction.jta.platform.internal.NoJtaPlatform]
2023-11-04 18:37:47.579  INFO 22020 --- [    Test worker] j.LocalContainerEntityManagerFactoryBean : Initialized JPA EntityManagerFactory for persistence unit 'default'
2023-11-04 18:37:48.099  INFO 22020 --- [    Test worker] o.s.s.web.DefaultSecurityFilterChain     : Will secure any request with [org.springframework.security.web.session.DisableEncodeUrlFilter@406684fa, org.springframework.security.web.context.request.async.WebAsyncManagerIntegrationFilter@767c5a37, org.springframework.security.web.context.SecurityContextPersistenceFilter@7976ce46, org.springframework.security.web.header.HeaderWriterFilter@32fc3125, org.springframework.security.web.authentication.logout.LogoutFilter@3bb7f2e8, org.springframework.security.web.savedrequest.RequestCacheAwareFilter@2da6d5eb, org.springframework.security.web.servletapi.SecurityContextHolderAwareRequestFilter@7e80bc63, org.springframework.security.web.authentication.AnonymousAuthenticationFilter@21a33970, org.springframework.security.web.session.SessionManagementFilter@732f3b2f, org.springframework.security.web.access.ExceptionTranslationFilter@74c40813, org.springframework.security.web.access.intercept.FilterSecurityInterceptor@4b4786cb]
2023-11-04 18:37:48.361  WARN 22020 --- [    Test worker] JpaBaseConfiguration$JpaWebConfiguration : spring.jpa.open-in-view is enabled by default. Therefore, database queries may be performed during view rendering. Explicitly configure spring.jpa.open-in-view to disable this warning
2023-11-04 18:37:49.896  INFO 22020 --- [    Test worker] o.s.b.w.embedded.tomcat.TomcatWebServer  : Tomcat started on port(s): 56733 (http) with context path ''
2023-11-04 18:37:49.902  INFO 22020 --- [    Test worker] c.h.u.controller.EmpleadoControllerTest  : Started EmpleadoControllerTest in 3.827 seconds (JVM running for 31.335)
]]></system-out>
  <system-err><![CDATA[]]></system-err>
</testsuite>
