<?xml version="1.0" encoding="UTF-8"?>
<testsuite name="com.hrManagement.HrmanamentApplicationTests" tests="1" skipped="0" failures="0" errors="0" timestamp="2023-11-04T23:37:39" hostname="LAPTOP-MOFDOF3V" time="0.551">
  <properties/>
  <testcase name="contextLoads()" classname="com.hrManagement.HrmanamentApplicationTests" time="0.551"/>
  <system-out><![CDATA[18:37:22.058 [Test worker] DEBUG org.springframework.test.context.BootstrapUtils - Instantiating CacheAwareContextLoaderDelegate from class [org.springframework.test.context.cache.DefaultCacheAwareContextLoaderDelegate]
18:37:22.163 [Test worker] DEBUG org.springframework.test.context.BootstrapUtils - Instantiating BootstrapContext using constructor [public org.springframework.test.context.support.DefaultBootstrapContext(java.lang.Class,org.springframework.test.context.CacheAwareContextLoaderDelegate)]
18:37:22.421 [Test worker] DEBUG org.springframework.test.context.BootstrapUtils - Instantiating TestContextBootstrapper for test class [com.hrManagement.HrmanamentApplicationTests] from class [org.springframework.boot.test.context.SpringBootTestContextBootstrapper]
18:37:22.478 [Test worker] INFO org.springframework.boot.test.context.SpringBootTestContextBootstrapper - Neither @ContextConfiguration nor @ContextHierarchy found for test class [com.hrManagement.HrmanamentApplicationTests], using SpringBootContextLoader
18:37:22.494 [Test worker] DEBUG org.springframework.test.context.support.AbstractContextLoader - Did not detect default resource location for test class [com.hrManagement.HrmanamentApplicationTests]: class path resource [com/hrManagement/HrmanamentApplicationTests-context.xml] does not exist
18:37:22.495 [Test worker] DEBUG org.springframework.test.context.support.AbstractContextLoader - Did not detect default resource location for test class [com.hrManagement.HrmanamentApplicationTests]: class path resource [com/hrManagement/HrmanamentApplicationTestsContext.groovy] does not exist
18:37:22.495 [Test worker] INFO org.springframework.test.context.support.AbstractContextLoader - Could not detect default resource locations for test class [com.hrManagement.HrmanamentApplicationTests]: no resource found for suffixes {-context.xml, Context.groovy}.
18:37:22.497 [Test worker] INFO org.springframework.test.context.support.AnnotationConfigContextLoaderUtils - Could not detect default configuration classes for test class [com.hrManagement.HrmanamentApplicationTests]: HrmanamentApplicationTests does not declare any static, non-private, non-final, nested classes annotated with @Configuration.
18:37:22.917 [Test worker] DEBUG org.springframework.context.annotation.ClassPathScanningCandidateComponentProvider - Identified candidate component class: file [C:\Users\Juanes Villa\Downloads\HRManage\build\classes\java\main\com\hrManagement\HrmanamentApplication.class]
18:37:22.926 [Test worker] INFO org.springframework.boot.test.context.SpringBootTestContextBootstrapper - Found @SpringBootConfiguration com.hrManagement.HrmanamentApplication for test class com.hrManagement.HrmanamentApplicationTests
18:37:23.345 [Test worker] DEBUG org.springframework.boot.test.context.SpringBootTestContextBootstrapper - @TestExecutionListeners is not present for class [com.hrManagement.HrmanamentApplicationTests]: using defaults.
18:37:23.347 [Test worker] INFO org.springframework.boot.test.context.SpringBootTestContextBootstrapper - Loaded default TestExecutionListener class names from location [META-INF/spring.factories]: [org.springframework.boot.test.autoconfigure.restdocs.RestDocsTestExecutionListener, org.springframework.boot.test.autoconfigure.web.client.MockRestServiceServerResetTestExecutionListener, org.springframework.boot.test.autoconfigure.web.servlet.MockMvcPrintOnlyOnFailureTestExecutionListener, org.springframework.boot.test.autoconfigure.web.servlet.WebDriverTestExecutionListener, org.springframework.boot.test.autoconfigure.webservices.client.MockWebServiceServerTestExecutionListener, org.springframework.boot.test.mock.mockito.MockitoTestExecutionListener, org.springframework.boot.test.mock.mockito.ResetMocksTestExecutionListener, org.springframework.test.context.web.ServletTestExecutionListener, org.springframework.test.context.support.DirtiesContextBeforeModesTestExecutionListener, org.springframework.test.context.event.ApplicationEventsTestExecutionListener, org.springframework.test.context.support.DependencyInjectionTestExecutionListener, org.springframework.test.context.support.DirtiesContextTestExecutionListener, org.springframework.test.context.transaction.TransactionalTestExecutionListener, org.springframework.test.context.jdbc.SqlScriptsTestExecutionListener, org.springframework.test.context.event.EventPublishingTestExecutionListener]
18:37:23.428 [Test worker] INFO org.springframework.boot.test.context.SpringBootTestContextBootstrapper - Using TestExecutionListeners: [org.springframework.test.context.web.ServletTestExecutionListener@ab24484, org.springframework.test.context.support.DirtiesContextBeforeModesTestExecutionListener@54e43bfe, org.springframework.test.context.event.ApplicationEventsTestExecutionListener@106b014e, org.springframework.boot.test.mock.mockito.MockitoTestExecutionListener@64387c17, org.springframework.boot.test.autoconfigure.SpringBootDependencyInjectionTestExecutionListener@7c369270, org.springframework.test.context.support.DirtiesContextTestExecutionListener@9f86dc3, org.springframework.test.context.transaction.TransactionalTestExecutionListener@41d16cc3, org.springframework.test.context.jdbc.SqlScriptsTestExecutionListener@662e682a, org.springframework.test.context.event.EventPublishingTestExecutionListener@2e43c38d, org.springframework.boot.test.autoconfigure.restdocs.RestDocsTestExecutionListener@649f25f3, org.springframework.boot.test.autoconfigure.web.client.MockRestServiceServerResetTestExecutionListener@2e62ead7, org.springframework.boot.test.autoconfigure.web.servlet.MockMvcPrintOnlyOnFailureTestExecutionListener@3b98b809, org.springframework.boot.test.autoconfigure.web.servlet.WebDriverTestExecutionListener@bf75b5c, org.springframework.boot.test.autoconfigure.webservices.client.MockWebServiceServerTestExecutionListener@16da476c, org.springframework.boot.test.mock.mockito.ResetMocksTestExecutionListener@2fd72332]
18:37:23.444 [Test worker] DEBUG org.springframework.test.context.support.AbstractDirtiesContextTestExecutionListener - Before test class: context [DefaultTestContext@2753316c testClass = HrmanamentApplicationTests, testInstance = [null], testMethod = [null], testException = [null], mergedContextConfiguration = [WebMergedContextConfiguration@59edb4f5 testClass = HrmanamentApplicationTests, locations = '{}', classes = '{class com.hrManagement.HrmanamentApplication}', contextInitializerClasses = '[]', activeProfiles = '{test}', propertySourceLocations = '{}', propertySourceProperties = '{org.springframework.boot.test.context.SpringBootTestContextBootstrapper=true}', contextCustomizers = set[org.springframework.boot.test.autoconfigure.actuate.metrics.MetricsExportContextCustomizerFactory$DisableMetricExportContextCustomizer@20de05e5, org.springframework.boot.test.autoconfigure.properties.PropertyMappingContextCustomizer@0, org.springframework.boot.test.autoconfigure.web.servlet.WebDriverContextCustomizerFactory$Customizer@690bc15e, org.springframework.boot.test.context.filter.ExcludeFilterContextCustomizer@3db972d2, org.springframework.boot.test.json.DuplicateJsonObjectContextCustomizerFactory$DuplicateJsonObjectContextCustomizer@5c7668ba, org.springframework.boot.test.mock.mockito.MockitoContextCustomizer@0, org.springframework.boot.test.web.client.TestRestTemplateContextCustomizer@67f3d192, org.springframework.boot.test.context.SpringBootTestArgs@1, org.springframework.boot.test.context.SpringBootTestWebEnvironment@514eedd8], resourceBasePath = 'src/main/webapp', contextLoader = 'org.springframework.boot.test.context.SpringBootContextLoader', parent = [null]], attributes = map['org.springframework.test.context.web.ServletTestExecutionListener.activateListener' -> true]], class annotated with @DirtiesContext [false] with mode [null].

  .   ____          _            __ _ _
 /\\ / ___'_ __ _ _(_)_ __  __ _ \ \ \ \
( ( )\___ | '_ | '_| | '_ \/ _` | \ \ \ \
 \\/  ___)| |_)| | | | | || (_| |  ) ) ) )
  '  |____| .__|_| |_|_| |_\__, | / / / /
 =========|_|==============|___/=/_/_/_/
 :: Spring Boot ::               (v2.7.15)

2023-11-04 18:37:24.633  INFO 22020 --- [    Test worker] c.h.HrmanamentApplicationTests           : Starting HrmanamentApplicationTests using Java 17.0.8 on LAPTOP-MOFDOF3V with PID 22020 (started by Juanes Villa in C:\Users\Juanes Villa\Downloads\HRManage)
2023-11-04 18:37:24.636  INFO 22020 --- [    Test worker] c.h.HrmanamentApplicationTests           : The following 1 profile is active: "test"
2023-11-04 18:37:27.348  INFO 22020 --- [    Test worker] .s.d.r.c.RepositoryConfigurationDelegate : Bootstrapping Spring Data JPA repositories in DEFAULT mode.
2023-11-04 18:37:27.511  INFO 22020 --- [    Test worker] .s.d.r.c.RepositoryConfigurationDelegate : Finished Spring Data repository scanning in 140 ms. Found 2 JPA repository interfaces.
2023-11-04 18:37:29.435  INFO 22020 --- [    Test worker] o.hibernate.jpa.internal.util.LogHelper  : HHH000204: Processing PersistenceUnitInfo [name: default]
2023-11-04 18:37:29.693  INFO 22020 --- [    Test worker] org.hibernate.Version                    : HHH000412: Hibernate ORM core version 5.6.15.Final
2023-11-04 18:37:30.499  INFO 22020 --- [    Test worker] o.hibernate.annotations.common.Version   : HCANN000001: Hibernate Commons Annotations {5.1.2.Final}
2023-11-04 18:37:30.959  INFO 22020 --- [    Test worker] com.zaxxer.hikari.HikariDataSource       : HikariPool-1 - Starting...
2023-11-04 18:37:31.959  INFO 22020 --- [    Test worker] com.zaxxer.hikari.HikariDataSource       : HikariPool-1 - Start completed.
2023-11-04 18:37:32.042  INFO 22020 --- [    Test worker] org.hibernate.dialect.Dialect            : HHH000400: Using dialect: org.hibernate.dialect.H2Dialect
2023-11-04 18:37:34.077  INFO 22020 --- [    Test worker] o.h.e.t.j.p.i.JtaPlatformInitiator       : HHH000490: Using JtaPlatform implementation: [org.hibernate.engine.transaction.jta.platform.internal.NoJtaPlatform]
2023-11-04 18:37:34.114  INFO 22020 --- [    Test worker] j.LocalContainerEntityManagerFactoryBean : Initialized JPA EntityManagerFactory for persistence unit 'default'
2023-11-04 18:37:36.196  INFO 22020 --- [    Test worker] o.s.s.web.DefaultSecurityFilterChain     : Will secure any request with [org.springframework.security.web.session.DisableEncodeUrlFilter@3e2c2452, org.springframework.security.web.context.request.async.WebAsyncManagerIntegrationFilter@6038186d, org.springframework.security.web.context.SecurityContextPersistenceFilter@1668ba45, org.springframework.security.web.header.HeaderWriterFilter@258184e7, org.springframework.security.web.authentication.logout.LogoutFilter@3650cc1a, org.springframework.security.web.savedrequest.RequestCacheAwareFilter@d426231, org.springframework.security.web.servletapi.SecurityContextHolderAwareRequestFilter@5e2b5b4e, org.springframework.security.web.authentication.AnonymousAuthenticationFilter@7f2ab742, org.springframework.security.web.session.SessionManagementFilter@55bf52b9, org.springframework.security.web.access.ExceptionTranslationFilter@338e421f, org.springframework.security.web.access.intercept.FilterSecurityInterceptor@2ca95820]
2023-11-04 18:37:37.178  WARN 22020 --- [    Test worker] JpaBaseConfiguration$JpaWebConfiguration : spring.jpa.open-in-view is enabled by default. Therefore, database queries may be performed during view rendering. Explicitly configure spring.jpa.open-in-view to disable this warning
2023-11-04 18:37:39.305  INFO 22020 --- [    Test worker] c.h.HrmanamentApplicationTests           : Started HrmanamentApplicationTests in 15.724 seconds (JVM running for 20.74)
]]></system-out>
  <system-err><![CDATA[]]></system-err>
</testsuite>
