<?xml version="1.0" encoding="UTF-8"?>
<testsuite name="com.hrManagement.unit.controller.PerfilEmpleadoControllerTest" tests="9" skipped="0" failures="0" errors="0" timestamp="2023-11-09T23:49:44" hostname="LAPTOP-MOFDOF3V" time="0.1">
  <properties/>
  <testcase name="eliminarPerfilEmpleado_EmpleadoNoExisteException()" classname="com.hrManagement.unit.controller.PerfilEmpleadoControllerTest" time="0.026"/>
  <testcase name="eliminarPerfilEmpleado_Success()" classname="com.hrManagement.unit.controller.PerfilEmpleadoControllerTest" time="0.008"/>
  <testcase name="obtenerDatosEmpleadoPorID_NotFound()" classname="com.hrManagement.unit.controller.PerfilEmpleadoControllerTest" time="0.005"/>
  <testcase name="obtenerDatosEmpleadoPorID_Success()" classname="com.hrManagement.unit.controller.PerfilEmpleadoControllerTest" time="0.006"/>
  <testcase name="eliminarPerfilEmpleado_InternalServerError()" classname="com.hrManagement.unit.controller.PerfilEmpleadoControllerTest" time="0.005"/>
  <testcase name="agregarPerfilEmpleado_EmpleadoNoExisteException()" classname="com.hrManagement.unit.controller.PerfilEmpleadoControllerTest" time="0.007"/>
  <testcase name="obtenerTodosLosPerfilesDeEmpleados_Success()" classname="com.hrManagement.unit.controller.PerfilEmpleadoControllerTest" time="0.007"/>
  <testcase name="agregarPerfilEmpleado_InternalServerError()" classname="com.hrManagement.unit.controller.PerfilEmpleadoControllerTest" time="0.007"/>
  <testcase name="agregarPerfilEmpleado_Success()" classname="com.hrManagement.unit.controller.PerfilEmpleadoControllerTest" time="0.011"/>
  <system-out><![CDATA[2023-11-09 18:49:44.702  INFO 10432 --- [    Test worker] .b.t.c.SpringBootTestContextBootstrapper : Neither @ContextConfiguration nor @ContextHierarchy found for test class [com.hrManagement.unit.controller.PerfilEmpleadoControllerTest], using SpringBootContextLoader
2023-11-09 18:49:44.703  INFO 10432 --- [    Test worker] o.s.t.c.support.AbstractContextLoader    : Could not detect default resource locations for test class [com.hrManagement.unit.controller.PerfilEmpleadoControllerTest]: no resource found for suffixes {-context.xml, Context.groovy}.
2023-11-09 18:49:44.703  INFO 10432 --- [    Test worker] t.c.s.AnnotationConfigContextLoaderUtils : Could not detect default configuration classes for test class [com.hrManagement.unit.controller.PerfilEmpleadoControllerTest]: PerfilEmpleadoControllerTest does not declare any static, non-private, non-final, nested classes annotated with @Configuration.
2023-11-09 18:49:44.706  INFO 10432 --- [    Test worker] .b.t.c.SpringBootTestContextBootstrapper : Found @SpringBootConfiguration com.hrManagement.HrmanamentApplication for test class com.hrManagement.unit.controller.PerfilEmpleadoControllerTest
2023-11-09 18:49:44.710  INFO 10432 --- [    Test worker] .b.t.c.SpringBootTestContextBootstrapper : Loaded default TestExecutionListener class names from location [META-INF/spring.factories]: [org.springframework.boot.test.autoconfigure.restdocs.RestDocsTestExecutionListener, org.springframework.boot.test.autoconfigure.web.client.MockRestServiceServerResetTestExecutionListener, org.springframework.boot.test.autoconfigure.web.servlet.MockMvcPrintOnlyOnFailureTestExecutionListener, org.springframework.boot.test.autoconfigure.web.servlet.WebDriverTestExecutionListener, org.springframework.boot.test.autoconfigure.webservices.client.MockWebServiceServerTestExecutionListener, org.springframework.boot.test.mock.mockito.MockitoTestExecutionListener, org.springframework.boot.test.mock.mockito.ResetMocksTestExecutionListener, org.springframework.test.context.web.ServletTestExecutionListener, org.springframework.test.context.support.DirtiesContextBeforeModesTestExecutionListener, org.springframework.test.context.event.ApplicationEventsTestExecutionListener, org.springframework.test.context.support.DependencyInjectionTestExecutionListener, org.springframework.test.context.support.DirtiesContextTestExecutionListener, org.springframework.test.context.transaction.TransactionalTestExecutionListener, org.springframework.test.context.jdbc.SqlScriptsTestExecutionListener, org.springframework.test.context.event.EventPublishingTestExecutionListener]
2023-11-09 18:49:44.711  INFO 10432 --- [    Test worker] .b.t.c.SpringBootTestContextBootstrapper : Using TestExecutionListeners: [org.springframework.test.context.web.ServletTestExecutionListener@4fd44b7c, org.springframework.test.context.support.DirtiesContextBeforeModesTestExecutionListener@71e8a99b, org.springframework.test.context.event.ApplicationEventsTestExecutionListener@71186a38, org.springframework.boot.test.mock.mockito.MockitoTestExecutionListener@34964c73, org.springframework.boot.test.autoconfigure.SpringBootDependencyInjectionTestExecutionListener@59747e36, org.springframework.test.context.support.DirtiesContextTestExecutionListener@6d64b0f2, org.springframework.test.context.transaction.TransactionalTestExecutionListener@5f9f5ecc, org.springframework.test.context.jdbc.SqlScriptsTestExecutionListener@596c6498, org.springframework.test.context.event.EventPublishingTestExecutionListener@2393344d, org.springframework.boot.test.autoconfigure.restdocs.RestDocsTestExecutionListener@6b38e3ed, org.springframework.boot.test.autoconfigure.web.client.MockRestServiceServerResetTestExecutionListener@4e74a978, org.springframework.boot.test.autoconfigure.web.servlet.MockMvcPrintOnlyOnFailureTestExecutionListener@74865c8a, org.springframework.boot.test.autoconfigure.web.servlet.WebDriverTestExecutionListener@4e8d3f0b, org.springframework.boot.test.autoconfigure.webservices.client.MockWebServiceServerTestExecutionListener@62869abc, org.springframework.boot.test.mock.mockito.ResetMocksTestExecutionListener@9d2c0fd]
]]></system-out>
  <system-err><![CDATA[]]></system-err>
</testsuite>
