<?xml version="1.0" encoding="UTF-8"?>
<testsuite name="com.hrManagement.unit.logica.PerfilEmpleadoLogicaTest" tests="11" skipped="0" failures="0" errors="0" timestamp="2023-09-30T04:27:11" hostname="DESKTOP-53GP9KA" time="0.051">
  <properties/>
  <testcase name="testGuardarPerfilEmpleado()" classname="com.hrManagement.unit.logica.PerfilEmpleadoLogicaTest" time="0.005"/>
  <testcase name="testGuardarPerfilEmpleadoWithEmptyCertificaciones()" classname="com.hrManagement.unit.logica.PerfilEmpleadoLogicaTest" time="0.005"/>
  <testcase name="testObtenerPerfilEmpleadoPorIDWithNonexistentID()" classname="com.hrManagement.unit.logica.PerfilEmpleadoLogicaTest" time="0.003"/>
  <testcase name="testGuardarPerfilEmpleadoWithNonexistentEmpleado()" classname="com.hrManagement.unit.logica.PerfilEmpleadoLogicaTest" time="0.004"/>
  <testcase name="testObtenerPerfilEmpleadoPorID()" classname="com.hrManagement.unit.logica.PerfilEmpleadoLogicaTest" time="0.004"/>
  <testcase name="testObtenerTodosLosPerfilesDeEmpleados()" classname="com.hrManagement.unit.logica.PerfilEmpleadoLogicaTest" time="0.003"/>
  <testcase name="testEliminarPerfilEmpleado()" classname="com.hrManagement.unit.logica.PerfilEmpleadoLogicaTest" time="0.004"/>
  <testcase name="testGuardarPerfilEmpleadoWithEmptyExperiencia()" classname="com.hrManagement.unit.logica.PerfilEmpleadoLogicaTest" time="0.003"/>
  <testcase name="testEliminarPerfilEmpleadoWithNonexistentID()" classname="com.hrManagement.unit.logica.PerfilEmpleadoLogicaTest" time="0.004"/>
  <testcase name="testGuardarPerfilEmpleadoWithEmptyHabilidades()" classname="com.hrManagement.unit.logica.PerfilEmpleadoLogicaTest" time="0.003"/>
  <testcase name="testGuardarPerfilEmpleadoWithEmptyNombre()" classname="com.hrManagement.unit.logica.PerfilEmpleadoLogicaTest" time="0.003"/>
  <system-out><![CDATA[2023-09-29 23:27:11.986  INFO 21608 --- [    Test worker] .b.t.c.SpringBootTestContextBootstrapper : Neither @ContextConfiguration nor @ContextHierarchy found for test class [com.hrManagement.unit.logica.PerfilEmpleadoLogicaTest], using SpringBootContextLoader
2023-09-29 23:27:11.987  INFO 21608 --- [    Test worker] o.s.t.c.support.AbstractContextLoader    : Could not detect default resource locations for test class [com.hrManagement.unit.logica.PerfilEmpleadoLogicaTest]: no resource found for suffixes {-context.xml, Context.groovy}.
2023-09-29 23:27:11.987  INFO 21608 --- [    Test worker] t.c.s.AnnotationConfigContextLoaderUtils : Could not detect default configuration classes for test class [com.hrManagement.unit.logica.PerfilEmpleadoLogicaTest]: PerfilEmpleadoLogicaTest does not declare any static, non-private, non-final, nested classes annotated with @Configuration.
2023-09-29 23:27:11.990  INFO 21608 --- [    Test worker] .b.t.c.SpringBootTestContextBootstrapper : Found @SpringBootConfiguration com.hrManagement.HrmanamentApplication for test class com.hrManagement.unit.logica.PerfilEmpleadoLogicaTest
2023-09-29 23:27:11.992  INFO 21608 --- [    Test worker] .b.t.c.SpringBootTestContextBootstrapper : Loaded default TestExecutionListener class names from location [META-INF/spring.factories]: [org.springframework.boot.test.autoconfigure.restdocs.RestDocsTestExecutionListener, org.springframework.boot.test.autoconfigure.web.client.MockRestServiceServerResetTestExecutionListener, org.springframework.boot.test.autoconfigure.web.servlet.MockMvcPrintOnlyOnFailureTestExecutionListener, org.springframework.boot.test.autoconfigure.web.servlet.WebDriverTestExecutionListener, org.springframework.boot.test.autoconfigure.webservices.client.MockWebServiceServerTestExecutionListener, org.springframework.boot.test.mock.mockito.MockitoTestExecutionListener, org.springframework.boot.test.mock.mockito.ResetMocksTestExecutionListener, org.springframework.test.context.web.ServletTestExecutionListener, org.springframework.test.context.support.DirtiesContextBeforeModesTestExecutionListener, org.springframework.test.context.event.ApplicationEventsTestExecutionListener, org.springframework.test.context.support.DependencyInjectionTestExecutionListener, org.springframework.test.context.support.DirtiesContextTestExecutionListener, org.springframework.test.context.transaction.TransactionalTestExecutionListener, org.springframework.test.context.jdbc.SqlScriptsTestExecutionListener, org.springframework.test.context.event.EventPublishingTestExecutionListener]
2023-09-29 23:27:11.992  INFO 21608 --- [    Test worker] .b.t.c.SpringBootTestContextBootstrapper : Using TestExecutionListeners: [org.springframework.test.context.web.ServletTestExecutionListener@1ec94ffd, org.springframework.test.context.support.DirtiesContextBeforeModesTestExecutionListener@60c044a3, org.springframework.test.context.event.ApplicationEventsTestExecutionListener@760d4b8, org.springframework.boot.test.mock.mockito.MockitoTestExecutionListener@1c96d596, org.springframework.boot.test.autoconfigure.SpringBootDependencyInjectionTestExecutionListener@4874d75e, org.springframework.test.context.support.DirtiesContextTestExecutionListener@2af377af, org.springframework.test.context.transaction.TransactionalTestExecutionListener@2b37b35d, org.springframework.test.context.jdbc.SqlScriptsTestExecutionListener@127f9c8, org.springframework.test.context.event.EventPublishingTestExecutionListener@6f870095, org.springframework.boot.test.autoconfigure.restdocs.RestDocsTestExecutionListener@5ef85cc5, org.springframework.boot.test.autoconfigure.web.client.MockRestServiceServerResetTestExecutionListener@4843b11c, org.springframework.boot.test.autoconfigure.web.servlet.MockMvcPrintOnlyOnFailureTestExecutionListener@7614f865, org.springframework.boot.test.autoconfigure.web.servlet.WebDriverTestExecutionListener@2140dd9a, org.springframework.boot.test.autoconfigure.webservices.client.MockWebServiceServerTestExecutionListener@3d42a303, org.springframework.boot.test.mock.mockito.ResetMocksTestExecutionListener@685c2ee6]
]]></system-out>
  <system-err><![CDATA[]]></system-err>
</testsuite>
