<?xml version="1.0" encoding="UTF-8"?>
<testsuite name="com.hrManagement.unit.controller.EmpleadoControllerTest" tests="6" skipped="0" failures="0" errors="0" timestamp="2023-09-30T04:27:11" hostname="DESKTOP-53GP9KA" time="0.131">
  <properties/>
  <testcase name="testEliminarEmpleado()" classname="com.hrManagement.unit.controller.EmpleadoControllerTest" time="0.088"/>
  <testcase name="testObtenerTodosLosEmpleados()" classname="com.hrManagement.unit.controller.EmpleadoControllerTest" time="0.005"/>
  <testcase name="testAgregarEmpleado()" classname="com.hrManagement.unit.controller.EmpleadoControllerTest" time="0.008"/>
  <testcase name="testModificarEmpleado()" classname="com.hrManagement.unit.controller.EmpleadoControllerTest" time="0.005"/>
  <testcase name="testObtenerEmpleadosPorCargo()" classname="com.hrManagement.unit.controller.EmpleadoControllerTest" time="0.007"/>
  <testcase name="testObtenerDatosEmpleadoPorID()" classname="com.hrManagement.unit.controller.EmpleadoControllerTest" time="0.008"/>
  <system-out><![CDATA[2023-09-29 23:27:08.612  INFO 21608 --- [    Test worker] .b.t.c.SpringBootTestContextBootstrapper : Neither @ContextConfiguration nor @ContextHierarchy found for test class [com.hrManagement.unit.controller.EmpleadoControllerTest], using SpringBootContextLoader
2023-09-29 23:27:08.613  INFO 21608 --- [    Test worker] o.s.t.c.support.AbstractContextLoader    : Could not detect default resource locations for test class [com.hrManagement.unit.controller.EmpleadoControllerTest]: no resource found for suffixes {-context.xml, Context.groovy}.
2023-09-29 23:27:08.613  INFO 21608 --- [    Test worker] t.c.s.AnnotationConfigContextLoaderUtils : Could not detect default configuration classes for test class [com.hrManagement.unit.controller.EmpleadoControllerTest]: EmpleadoControllerTest does not declare any static, non-private, non-final, nested classes annotated with @Configuration.
2023-09-29 23:27:08.624  INFO 21608 --- [    Test worker] .b.t.c.SpringBootTestContextBootstrapper : Found @SpringBootConfiguration com.hrManagement.HrmanamentApplication for test class com.hrManagement.unit.controller.EmpleadoControllerTest
2023-09-29 23:27:08.626  INFO 21608 --- [    Test worker] .b.t.c.SpringBootTestContextBootstrapper : Loaded default TestExecutionListener class names from location [META-INF/spring.factories]: [org.springframework.boot.test.autoconfigure.restdocs.RestDocsTestExecutionListener, org.springframework.boot.test.autoconfigure.web.client.MockRestServiceServerResetTestExecutionListener, org.springframework.boot.test.autoconfigure.web.servlet.MockMvcPrintOnlyOnFailureTestExecutionListener, org.springframework.boot.test.autoconfigure.web.servlet.WebDriverTestExecutionListener, org.springframework.boot.test.autoconfigure.webservices.client.MockWebServiceServerTestExecutionListener, org.springframework.boot.test.mock.mockito.MockitoTestExecutionListener, org.springframework.boot.test.mock.mockito.ResetMocksTestExecutionListener, org.springframework.test.context.web.ServletTestExecutionListener, org.springframework.test.context.support.DirtiesContextBeforeModesTestExecutionListener, org.springframework.test.context.event.ApplicationEventsTestExecutionListener, org.springframework.test.context.support.DependencyInjectionTestExecutionListener, org.springframework.test.context.support.DirtiesContextTestExecutionListener, org.springframework.test.context.transaction.TransactionalTestExecutionListener, org.springframework.test.context.jdbc.SqlScriptsTestExecutionListener, org.springframework.test.context.event.EventPublishingTestExecutionListener]
2023-09-29 23:27:08.627  INFO 21608 --- [    Test worker] .b.t.c.SpringBootTestContextBootstrapper : Using TestExecutionListeners: [org.springframework.test.context.web.ServletTestExecutionListener@79432d0a, org.springframework.test.context.support.DirtiesContextBeforeModesTestExecutionListener@55726832, org.springframework.test.context.event.ApplicationEventsTestExecutionListener@4458ecb8, org.springframework.boot.test.mock.mockito.MockitoTestExecutionListener@44efba4, org.springframework.boot.test.autoconfigure.SpringBootDependencyInjectionTestExecutionListener@6485ad5a, org.springframework.test.context.support.DirtiesContextTestExecutionListener@22f07a00, org.springframework.test.context.transaction.TransactionalTestExecutionListener@21ce7fca, org.springframework.test.context.jdbc.SqlScriptsTestExecutionListener@522e238c, org.springframework.test.context.event.EventPublishingTestExecutionListener@1b08abee, org.springframework.boot.test.autoconfigure.restdocs.RestDocsTestExecutionListener@3a09f2f5, org.springframework.boot.test.autoconfigure.web.client.MockRestServiceServerResetTestExecutionListener@68ebea51, org.springframework.boot.test.autoconfigure.web.servlet.MockMvcPrintOnlyOnFailureTestExecutionListener@4b7a8683, org.springframework.boot.test.autoconfigure.web.servlet.WebDriverTestExecutionListener@157303d9, org.springframework.boot.test.autoconfigure.webservices.client.MockWebServiceServerTestExecutionListener@6098c5d8, org.springframework.boot.test.mock.mockito.ResetMocksTestExecutionListener@579612f8]

  .   ____          _            __ _ _
 /\\ / ___'_ __ _ _(_)_ __  __ _ \ \ \ \
( ( )\___ | '_ | '_| | '_ \/ _` | \ \ \ \
 \\/  ___)| |_)| | | | | || (_| |  ) ) ) )
  '  |____| .__|_| |_|_| |_\__, | / / / /
 =========|_|==============|___/=/_/_/_/
 :: Spring Boot ::               (v2.7.15)

2023-09-29 23:27:09.021  INFO 21608 --- [    Test worker] c.h.u.controller.EmpleadoControllerTest  : Starting EmpleadoControllerTest using Java 17.0.8 on DESKTOP-53GP9KA with PID 21608 (started by ElAgreste in C:\Users\ElAgreste\IdeaProjects\HRManage)
2023-09-29 23:27:09.021  INFO 21608 --- [    Test worker] c.h.u.controller.EmpleadoControllerTest  : The following 1 profile is active: "test"
2023-09-29 23:27:09.417  INFO 21608 --- [    Test worker] .s.d.r.c.RepositoryConfigurationDelegate : Bootstrapping Spring Data JPA repositories in DEFAULT mode.
2023-09-29 23:27:09.442  INFO 21608 --- [    Test worker] .s.d.r.c.RepositoryConfigurationDelegate : Finished Spring Data repository scanning in 24 ms. Found 2 JPA repository interfaces.
2023-09-29 23:27:10.005  INFO 21608 --- [    Test worker] o.s.b.w.embedded.tomcat.TomcatWebServer  : Tomcat initialized with port(s): 0 (http)
2023-09-29 23:27:10.034  INFO 21608 --- [    Test worker] o.apache.catalina.core.StandardService   : Starting service [Tomcat]
2023-09-29 23:27:10.035  INFO 21608 --- [    Test worker] org.apache.catalina.core.StandardEngine  : Starting Servlet engine: [Apache Tomcat/9.0.79]
2023-09-29 23:27:10.274  INFO 21608 --- [    Test worker] o.a.c.c.C.[Tomcat].[localhost].[/]       : Initializing Spring embedded WebApplicationContext
2023-09-29 23:27:10.274  INFO 21608 --- [    Test worker] w.s.c.ServletWebServerApplicationContext : Root WebApplicationContext: initialization completed in 1249 ms
2023-09-29 23:27:10.543  INFO 21608 --- [    Test worker] o.hibernate.jpa.internal.util.LogHelper  : HHH000204: Processing PersistenceUnitInfo [name: default]
2023-09-29 23:27:10.554  INFO 21608 --- [    Test worker] com.zaxxer.hikari.HikariDataSource       : HikariPool-2 - Starting...
2023-09-29 23:27:10.556  INFO 21608 --- [    Test worker] com.zaxxer.hikari.HikariDataSource       : HikariPool-2 - Start completed.
2023-09-29 23:27:10.557  INFO 21608 --- [    Test worker] org.hibernate.dialect.Dialect            : HHH000400: Using dialect: org.hibernate.dialect.H2Dialect
2023-09-29 23:27:10.639  INFO 21608 --- [    Test worker] o.h.e.t.j.p.i.JtaPlatformInitiator       : HHH000490: Using JtaPlatform implementation: [org.hibernate.engine.transaction.jta.platform.internal.NoJtaPlatform]
2023-09-29 23:27:10.640  INFO 21608 --- [    Test worker] j.LocalContainerEntityManagerFactoryBean : Initialized JPA EntityManagerFactory for persistence unit 'default'
2023-09-29 23:27:10.875  WARN 21608 --- [    Test worker] JpaBaseConfiguration$JpaWebConfiguration : spring.jpa.open-in-view is enabled by default. Therefore, database queries may be performed during view rendering. Explicitly configure spring.jpa.open-in-view to disable this warning
2023-09-29 23:27:11.547  INFO 21608 --- [    Test worker] o.s.b.w.embedded.tomcat.TomcatWebServer  : Tomcat started on port(s): 62770 (http) with context path ''
2023-09-29 23:27:11.554  INFO 21608 --- [    Test worker] c.h.u.controller.EmpleadoControllerTest  : Started EmpleadoControllerTest in 2.606 seconds (JVM running for 16.462)
]]></system-out>
  <system-err><![CDATA[]]></system-err>
</testsuite>
