<?xml version="1.0" encoding="UTF-8"?>
<testsuite name="com.hrManagement.unit.logica.PerfilEmpleadoLogicaTest" tests="11" skipped="0" failures="0" errors="0" timestamp="2023-10-28T00:54:58" hostname="LAPTOP-MOFDOF3V" time="0.092">
  <properties/>
  <testcase name="testGuardarPerfilEmpleado()" classname="com.hrManagement.unit.logica.PerfilEmpleadoLogicaTest" time="0.008"/>
  <testcase name="testGuardarPerfilEmpleadoWithEmptyCertificaciones()" classname="com.hrManagement.unit.logica.PerfilEmpleadoLogicaTest" time="0.006"/>
  <testcase name="testObtenerPerfilEmpleadoPorIDWithNonexistentID()" classname="com.hrManagement.unit.logica.PerfilEmpleadoLogicaTest" time="0.006"/>
  <testcase name="testGuardarPerfilEmpleadoWithNonexistentEmpleado()" classname="com.hrManagement.unit.logica.PerfilEmpleadoLogicaTest" time="0.006"/>
  <testcase name="testObtenerPerfilEmpleadoPorID()" classname="com.hrManagement.unit.logica.PerfilEmpleadoLogicaTest" time="0.005"/>
  <testcase name="testObtenerTodosLosPerfilesDeEmpleados()" classname="com.hrManagement.unit.logica.PerfilEmpleadoLogicaTest" time="0.008"/>
  <testcase name="testEliminarPerfilEmpleado()" classname="com.hrManagement.unit.logica.PerfilEmpleadoLogicaTest" time="0.01"/>
  <testcase name="testGuardarPerfilEmpleadoWithEmptyExperiencia()" classname="com.hrManagement.unit.logica.PerfilEmpleadoLogicaTest" time="0.006"/>
  <testcase name="testEliminarPerfilEmpleadoWithNonexistentID()" classname="com.hrManagement.unit.logica.PerfilEmpleadoLogicaTest" time="0.006"/>
  <testcase name="testGuardarPerfilEmpleadoWithEmptyHabilidades()" classname="com.hrManagement.unit.logica.PerfilEmpleadoLogicaTest" time="0.005"/>
  <testcase name="testGuardarPerfilEmpleadoWithEmptyNombre()" classname="com.hrManagement.unit.logica.PerfilEmpleadoLogicaTest" time="0.005"/>
  <system-out><![CDATA[2023-10-27 19:54:58.170  INFO 35360 --- [    Test worker] .b.t.c.SpringBootTestContextBootstrapper : Neither @ContextConfiguration nor @ContextHierarchy found for test class [com.hrManagement.unit.logica.PerfilEmpleadoLogicaTest], using SpringBootContextLoader
2023-10-27 19:54:58.172  INFO 35360 --- [    Test worker] o.s.t.c.support.AbstractContextLoader    : Could not detect default resource locations for test class [com.hrManagement.unit.logica.PerfilEmpleadoLogicaTest]: no resource found for suffixes {-context.xml, Context.groovy}.
2023-10-27 19:54:58.173  INFO 35360 --- [    Test worker] t.c.s.AnnotationConfigContextLoaderUtils : Could not detect default configuration classes for test class [com.hrManagement.unit.logica.PerfilEmpleadoLogicaTest]: PerfilEmpleadoLogicaTest does not declare any static, non-private, non-final, nested classes annotated with @Configuration.
2023-10-27 19:54:58.176  INFO 35360 --- [    Test worker] .b.t.c.SpringBootTestContextBootstrapper : Found @SpringBootConfiguration com.hrManagement.HrmanamentApplication for test class com.hrManagement.unit.logica.PerfilEmpleadoLogicaTest
2023-10-27 19:54:58.178  INFO 35360 --- [    Test worker] .b.t.c.SpringBootTestContextBootstrapper : Loaded default TestExecutionListener class names from location [META-INF/spring.factories]: [org.springframework.boot.test.autoconfigure.restdocs.RestDocsTestExecutionListener, org.springframework.boot.test.autoconfigure.web.client.MockRestServiceServerResetTestExecutionListener, org.springframework.boot.test.autoconfigure.web.servlet.MockMvcPrintOnlyOnFailureTestExecutionListener, org.springframework.boot.test.autoconfigure.web.servlet.WebDriverTestExecutionListener, org.springframework.boot.test.autoconfigure.webservices.client.MockWebServiceServerTestExecutionListener, org.springframework.boot.test.mock.mockito.MockitoTestExecutionListener, org.springframework.boot.test.mock.mockito.ResetMocksTestExecutionListener, org.springframework.test.context.web.ServletTestExecutionListener, org.springframework.test.context.support.DirtiesContextBeforeModesTestExecutionListener, org.springframework.test.context.event.ApplicationEventsTestExecutionListener, org.springframework.test.context.support.DependencyInjectionTestExecutionListener, org.springframework.test.context.support.DirtiesContextTestExecutionListener, org.springframework.test.context.transaction.TransactionalTestExecutionListener, org.springframework.test.context.jdbc.SqlScriptsTestExecutionListener, org.springframework.test.context.event.EventPublishingTestExecutionListener]
2023-10-27 19:54:58.179  INFO 35360 --- [    Test worker] .b.t.c.SpringBootTestContextBootstrapper : Using TestExecutionListeners: [org.springframework.test.context.web.ServletTestExecutionListener@7a294c74, org.springframework.test.context.support.DirtiesContextBeforeModesTestExecutionListener@44c37ea, org.springframework.test.context.event.ApplicationEventsTestExecutionListener@151ff368, org.springframework.boot.test.mock.mockito.MockitoTestExecutionListener@34067e25, org.springframework.boot.test.autoconfigure.SpringBootDependencyInjectionTestExecutionListener@4fcce3d, org.springframework.test.context.support.DirtiesContextTestExecutionListener@61ea5a2f, org.springframework.test.context.transaction.TransactionalTestExecutionListener@b8471c9, org.springframework.test.context.jdbc.SqlScriptsTestExecutionListener@cf4d1ca, org.springframework.test.context.event.EventPublishingTestExecutionListener@6e9b6b4f, org.springframework.boot.test.autoconfigure.restdocs.RestDocsTestExecutionListener@5d137f91, org.springframework.boot.test.autoconfigure.web.client.MockRestServiceServerResetTestExecutionListener@753157c3, org.springframework.boot.test.autoconfigure.web.servlet.MockMvcPrintOnlyOnFailureTestExecutionListener@5f61b22e, org.springframework.boot.test.autoconfigure.web.servlet.WebDriverTestExecutionListener@6a157b9e, org.springframework.boot.test.autoconfigure.webservices.client.MockWebServiceServerTestExecutionListener@2cbc6eba, org.springframework.boot.test.mock.mockito.ResetMocksTestExecutionListener@534caba1]
]]></system-out>
  <system-err><![CDATA[]]></system-err>
</testsuite>
