<?xml version="1.0" encoding="UTF-8"?>
<testsuite name="com.hrManagement.integration.PerfilEmpleadoControllerITest" tests="5" skipped="0" failures="0" errors="0" timestamp="2023-11-09T23:23:06" hostname="LAPTOP-MOFDOF3V" time="0.115">
  <properties/>
  <testcase name="obtenerTodosLosPerfilesDeEmpleadosTest()" classname="com.hrManagement.integration.PerfilEmpleadoControllerITest" time="0.048"/>
  <testcase name="agregarPerfilEmpleadoConEmpleadoNoExisteTest()" classname="com.hrManagement.integration.PerfilEmpleadoControllerITest" time="0.02"/>
  <testcase name="eliminarPerfilEmpleadoTest()" classname="com.hrManagement.integration.PerfilEmpleadoControllerITest" time="0.018"/>
  <testcase name="obtenerDatosEmpleadoPorIDTest()" classname="com.hrManagement.integration.PerfilEmpleadoControllerITest" time="0.015"/>
  <testcase name="obtenerDatosEmpleadoPorIDNoExisteTest()" classname="com.hrManagement.integration.PerfilEmpleadoControllerITest" time="0.009"/>
  <system-out><![CDATA[2023-11-09 18:23:06.199  INFO 8916 --- [    Test worker] .b.t.c.SpringBootTestContextBootstrapper : Neither @ContextConfiguration nor @ContextHierarchy found for test class [com.hrManagement.integration.PerfilEmpleadoControllerITest], using SpringBootContextLoader
2023-11-09 18:23:06.200  INFO 8916 --- [    Test worker] o.s.t.c.support.AbstractContextLoader    : Could not detect default resource locations for test class [com.hrManagement.integration.PerfilEmpleadoControllerITest]: no resource found for suffixes {-context.xml, Context.groovy}.
2023-11-09 18:23:06.200  INFO 8916 --- [    Test worker] t.c.s.AnnotationConfigContextLoaderUtils : Could not detect default configuration classes for test class [com.hrManagement.integration.PerfilEmpleadoControllerITest]: PerfilEmpleadoControllerITest does not declare any static, non-private, non-final, nested classes annotated with @Configuration.
2023-11-09 18:23:06.205  INFO 8916 --- [    Test worker] .b.t.c.SpringBootTestContextBootstrapper : Found @SpringBootConfiguration com.hrManagement.HrmanamentApplication for test class com.hrManagement.integration.PerfilEmpleadoControllerITest
2023-11-09 18:23:06.207  INFO 8916 --- [    Test worker] .b.t.c.SpringBootTestContextBootstrapper : Loaded default TestExecutionListener class names from location [META-INF/spring.factories]: [org.springframework.boot.test.autoconfigure.restdocs.RestDocsTestExecutionListener, org.springframework.boot.test.autoconfigure.web.client.MockRestServiceServerResetTestExecutionListener, org.springframework.boot.test.autoconfigure.web.servlet.MockMvcPrintOnlyOnFailureTestExecutionListener, org.springframework.boot.test.autoconfigure.web.servlet.WebDriverTestExecutionListener, org.springframework.boot.test.autoconfigure.webservices.client.MockWebServiceServerTestExecutionListener, org.springframework.boot.test.mock.mockito.MockitoTestExecutionListener, org.springframework.boot.test.mock.mockito.ResetMocksTestExecutionListener, org.springframework.test.context.web.ServletTestExecutionListener, org.springframework.test.context.support.DirtiesContextBeforeModesTestExecutionListener, org.springframework.test.context.event.ApplicationEventsTestExecutionListener, org.springframework.test.context.support.DependencyInjectionTestExecutionListener, org.springframework.test.context.support.DirtiesContextTestExecutionListener, org.springframework.test.context.transaction.TransactionalTestExecutionListener, org.springframework.test.context.jdbc.SqlScriptsTestExecutionListener, org.springframework.test.context.event.EventPublishingTestExecutionListener]
2023-11-09 18:23:06.207  INFO 8916 --- [    Test worker] .b.t.c.SpringBootTestContextBootstrapper : Using TestExecutionListeners: [org.springframework.test.context.web.ServletTestExecutionListener@1445fca9, org.springframework.test.context.support.DirtiesContextBeforeModesTestExecutionListener@4d527116, org.springframework.test.context.event.ApplicationEventsTestExecutionListener@38d1cebc, org.springframework.boot.test.mock.mockito.MockitoTestExecutionListener@7c52f52a, org.springframework.boot.test.autoconfigure.SpringBootDependencyInjectionTestExecutionListener@47c9febd, org.springframework.test.context.support.DirtiesContextTestExecutionListener@19cdfd93, org.springframework.test.context.transaction.TransactionalTestExecutionListener@2f5f7438, org.springframework.test.context.jdbc.SqlScriptsTestExecutionListener@44cf2f5c, org.springframework.test.context.event.EventPublishingTestExecutionListener@4c7b0d6e, org.springframework.boot.test.autoconfigure.restdocs.RestDocsTestExecutionListener@3a2c5017, org.springframework.boot.test.autoconfigure.web.client.MockRestServiceServerResetTestExecutionListener@6e060dde, org.springframework.boot.test.autoconfigure.web.servlet.MockMvcPrintOnlyOnFailureTestExecutionListener@538e7a8d, org.springframework.boot.test.autoconfigure.web.servlet.WebDriverTestExecutionListener@478a1def, org.springframework.boot.test.autoconfigure.webservices.client.MockWebServiceServerTestExecutionListener@1ffe51e1, org.springframework.boot.test.mock.mockito.ResetMocksTestExecutionListener@41c8d73d]
]]></system-out>
  <system-err><![CDATA[]]></system-err>
</testsuite>
