<?xml version="1.0" encoding="UTF-8"?>
<testsuite name="com.hrManagement.unit.logica.PerfilEmpleadoLogicaTest" tests="11" skipped="0" failures="0" errors="0" timestamp="2023-10-26T01:53:07" hostname="DESKTOP-OJ4FGVN" time="0.064">
  <properties/>
  <testcase name="testGuardarPerfilEmpleado()" classname="com.hrManagement.unit.logica.PerfilEmpleadoLogicaTest" time="0.007"/>
  <testcase name="testGuardarPerfilEmpleadoWithEmptyCertificaciones()" classname="com.hrManagement.unit.logica.PerfilEmpleadoLogicaTest" time="0.007"/>
  <testcase name="testObtenerPerfilEmpleadoPorIDWithNonexistentID()" classname="com.hrManagement.unit.logica.PerfilEmpleadoLogicaTest" time="0.004"/>
  <testcase name="testGuardarPerfilEmpleadoWithNonexistentEmpleado()" classname="com.hrManagement.unit.logica.PerfilEmpleadoLogicaTest" time="0.005"/>
  <testcase name="testObtenerPerfilEmpleadoPorID()" classname="com.hrManagement.unit.logica.PerfilEmpleadoLogicaTest" time="0.003"/>
  <testcase name="testObtenerTodosLosPerfilesDeEmpleados()" classname="com.hrManagement.unit.logica.PerfilEmpleadoLogicaTest" time="0.003"/>
  <testcase name="testEliminarPerfilEmpleado()" classname="com.hrManagement.unit.logica.PerfilEmpleadoLogicaTest" time="0.004"/>
  <testcase name="testGuardarPerfilEmpleadoWithEmptyExperiencia()" classname="com.hrManagement.unit.logica.PerfilEmpleadoLogicaTest" time="0.003"/>
  <testcase name="testEliminarPerfilEmpleadoWithNonexistentID()" classname="com.hrManagement.unit.logica.PerfilEmpleadoLogicaTest" time="0.004"/>
  <testcase name="testGuardarPerfilEmpleadoWithEmptyHabilidades()" classname="com.hrManagement.unit.logica.PerfilEmpleadoLogicaTest" time="0.004"/>
  <testcase name="testGuardarPerfilEmpleadoWithEmptyNombre()" classname="com.hrManagement.unit.logica.PerfilEmpleadoLogicaTest" time="0.004"/>
  <system-out><![CDATA[2023-10-25 20:53:07.374  INFO 1628 --- [    Test worker] .b.t.c.SpringBootTestContextBootstrapper : Neither @ContextConfiguration nor @ContextHierarchy found for test class [com.hrManagement.unit.logica.PerfilEmpleadoLogicaTest], using SpringBootContextLoader
2023-10-25 20:53:07.376  INFO 1628 --- [    Test worker] o.s.t.c.support.AbstractContextLoader    : Could not detect default resource locations for test class [com.hrManagement.unit.logica.PerfilEmpleadoLogicaTest]: no resource found for suffixes {-context.xml, Context.groovy}.
2023-10-25 20:53:07.377  INFO 1628 --- [    Test worker] t.c.s.AnnotationConfigContextLoaderUtils : Could not detect default configuration classes for test class [com.hrManagement.unit.logica.PerfilEmpleadoLogicaTest]: PerfilEmpleadoLogicaTest does not declare any static, non-private, non-final, nested classes annotated with @Configuration.
2023-10-25 20:53:07.381  INFO 1628 --- [    Test worker] .b.t.c.SpringBootTestContextBootstrapper : Found @SpringBootConfiguration com.hrManagement.HrmanamentApplication for test class com.hrManagement.unit.logica.PerfilEmpleadoLogicaTest
2023-10-25 20:53:07.384  INFO 1628 --- [    Test worker] .b.t.c.SpringBootTestContextBootstrapper : Loaded default TestExecutionListener class names from location [META-INF/spring.factories]: [org.springframework.boot.test.autoconfigure.restdocs.RestDocsTestExecutionListener, org.springframework.boot.test.autoconfigure.web.client.MockRestServiceServerResetTestExecutionListener, org.springframework.boot.test.autoconfigure.web.servlet.MockMvcPrintOnlyOnFailureTestExecutionListener, org.springframework.boot.test.autoconfigure.web.servlet.WebDriverTestExecutionListener, org.springframework.boot.test.autoconfigure.webservices.client.MockWebServiceServerTestExecutionListener, org.springframework.boot.test.mock.mockito.MockitoTestExecutionListener, org.springframework.boot.test.mock.mockito.ResetMocksTestExecutionListener, org.springframework.test.context.web.ServletTestExecutionListener, org.springframework.test.context.support.DirtiesContextBeforeModesTestExecutionListener, org.springframework.test.context.event.ApplicationEventsTestExecutionListener, org.springframework.test.context.support.DependencyInjectionTestExecutionListener, org.springframework.test.context.support.DirtiesContextTestExecutionListener, org.springframework.test.context.transaction.TransactionalTestExecutionListener, org.springframework.test.context.jdbc.SqlScriptsTestExecutionListener, org.springframework.test.context.event.EventPublishingTestExecutionListener]
2023-10-25 20:53:07.386  INFO 1628 --- [    Test worker] .b.t.c.SpringBootTestContextBootstrapper : Using TestExecutionListeners: [org.springframework.test.context.web.ServletTestExecutionListener@3f4520c9, org.springframework.test.context.support.DirtiesContextBeforeModesTestExecutionListener@608df8ac, org.springframework.test.context.event.ApplicationEventsTestExecutionListener@6ee5cd06, org.springframework.boot.test.mock.mockito.MockitoTestExecutionListener@ead7f93, org.springframework.boot.test.autoconfigure.SpringBootDependencyInjectionTestExecutionListener@18f845e7, org.springframework.test.context.support.DirtiesContextTestExecutionListener@173f86cc, org.springframework.test.context.transaction.TransactionalTestExecutionListener@57f2f4d0, org.springframework.test.context.jdbc.SqlScriptsTestExecutionListener@3246485a, org.springframework.test.context.event.EventPublishingTestExecutionListener@68cbf488, org.springframework.boot.test.autoconfigure.restdocs.RestDocsTestExecutionListener@32906bb, org.springframework.boot.test.autoconfigure.web.client.MockRestServiceServerResetTestExecutionListener@43bd267a, org.springframework.boot.test.autoconfigure.web.servlet.MockMvcPrintOnlyOnFailureTestExecutionListener@4339a2cf, org.springframework.boot.test.autoconfigure.web.servlet.WebDriverTestExecutionListener@74e17194, org.springframework.boot.test.autoconfigure.webservices.client.MockWebServiceServerTestExecutionListener@3fb6ad6d, org.springframework.boot.test.mock.mockito.ResetMocksTestExecutionListener@1512c217]
]]></system-out>
  <system-err><![CDATA[]]></system-err>
</testsuite>
