<?xml version="1.0" encoding="UTF-8"?>
<testsuite name="com.hrManagement.integration.EmpleadoControllerITest" tests="4" skipped="0" failures="0" errors="0" timestamp="2023-11-09T23:49:40" hostname="LAPTOP-MOFDOF3V" time="1.169">
  <properties/>
  <testcase name="obtenerEmpleadoTest()" classname="com.hrManagement.integration.EmpleadoControllerITest" time="0.741"/>
  <testcase name="eliminarEmpleadoTest()" classname="com.hrManagement.integration.EmpleadoControllerITest" time="0.069"/>
  <testcase name="actualizarEmpleadoTest()" classname="com.hrManagement.integration.EmpleadoControllerITest" time="0.332"/>
  <testcase name="agregarEmpleadoTest()" classname="com.hrManagement.integration.EmpleadoControllerITest" time="0.015"/>
  <system-out><![CDATA[2023-11-09 18:49:37.858  INFO 10432 --- [    Test worker] .b.t.c.SpringBootTestContextBootstrapper : Neither @ContextConfiguration nor @ContextHierarchy found for test class [com.hrManagement.integration.EmpleadoControllerITest], using SpringBootContextLoader
2023-11-09 18:49:37.859  INFO 10432 --- [    Test worker] o.s.t.c.support.AbstractContextLoader    : Could not detect default resource locations for test class [com.hrManagement.integration.EmpleadoControllerITest]: no resource found for suffixes {-context.xml, Context.groovy}.
2023-11-09 18:49:37.859  INFO 10432 --- [    Test worker] t.c.s.AnnotationConfigContextLoaderUtils : Could not detect default configuration classes for test class [com.hrManagement.integration.EmpleadoControllerITest]: EmpleadoControllerITest does not declare any static, non-private, non-final, nested classes annotated with @Configuration.
2023-11-09 18:49:37.884  INFO 10432 --- [    Test worker] .b.t.c.SpringBootTestContextBootstrapper : Found @SpringBootConfiguration com.hrManagement.HrmanamentApplication for test class com.hrManagement.integration.EmpleadoControllerITest
2023-11-09 18:49:37.886  INFO 10432 --- [    Test worker] .b.t.c.SpringBootTestContextBootstrapper : Loaded default TestExecutionListener class names from location [META-INF/spring.factories]: [org.springframework.boot.test.autoconfigure.restdocs.RestDocsTestExecutionListener, org.springframework.boot.test.autoconfigure.web.client.MockRestServiceServerResetTestExecutionListener, org.springframework.boot.test.autoconfigure.web.servlet.MockMvcPrintOnlyOnFailureTestExecutionListener, org.springframework.boot.test.autoconfigure.web.servlet.WebDriverTestExecutionListener, org.springframework.boot.test.autoconfigure.webservices.client.MockWebServiceServerTestExecutionListener, org.springframework.boot.test.mock.mockito.MockitoTestExecutionListener, org.springframework.boot.test.mock.mockito.ResetMocksTestExecutionListener, org.springframework.test.context.web.ServletTestExecutionListener, org.springframework.test.context.support.DirtiesContextBeforeModesTestExecutionListener, org.springframework.test.context.event.ApplicationEventsTestExecutionListener, org.springframework.test.context.support.DependencyInjectionTestExecutionListener, org.springframework.test.context.support.DirtiesContextTestExecutionListener, org.springframework.test.context.transaction.TransactionalTestExecutionListener, org.springframework.test.context.jdbc.SqlScriptsTestExecutionListener, org.springframework.test.context.event.EventPublishingTestExecutionListener]
2023-11-09 18:49:37.887  INFO 10432 --- [    Test worker] .b.t.c.SpringBootTestContextBootstrapper : Using TestExecutionListeners: [org.springframework.test.context.web.ServletTestExecutionListener@76b328e9, org.springframework.test.context.support.DirtiesContextBeforeModesTestExecutionListener@431fc271, org.springframework.test.context.event.ApplicationEventsTestExecutionListener@6b02fa60, org.springframework.boot.test.mock.mockito.MockitoTestExecutionListener@4090f46c, org.springframework.boot.test.autoconfigure.SpringBootDependencyInjectionTestExecutionListener@2f8b78f7, org.springframework.test.context.support.DirtiesContextTestExecutionListener@123a3b3d, org.springframework.test.context.transaction.TransactionalTestExecutionListener@6e1702e0, org.springframework.test.context.jdbc.SqlScriptsTestExecutionListener@2963a8da, org.springframework.test.context.event.EventPublishingTestExecutionListener@5d5b21c1, org.springframework.boot.test.autoconfigure.restdocs.RestDocsTestExecutionListener@1efb1a84, org.springframework.boot.test.autoconfigure.web.client.MockRestServiceServerResetTestExecutionListener@482d1bb9, org.springframework.boot.test.autoconfigure.web.servlet.MockMvcPrintOnlyOnFailureTestExecutionListener@7c3c5f1e, org.springframework.boot.test.autoconfigure.web.servlet.WebDriverTestExecutionListener@78ed3c71, org.springframework.boot.test.autoconfigure.webservices.client.MockWebServiceServerTestExecutionListener@3e0426d2, org.springframework.boot.test.mock.mockito.ResetMocksTestExecutionListener@1e541278]

  .   ____          _            __ _ _
 /\\ / ___'_ __ _ _(_)_ __  __ _ \ \ \ \
( ( )\___ | '_ | '_| | '_ \/ _` | \ \ \ \
 \\/  ___)| |_)| | | | | || (_| |  ) ) ) )
  '  |____| .__|_| |_|_| |_\__, | / / / /
 =========|_|==============|___/=/_/_/_/
 :: Spring Boot ::               (v2.7.15)

2023-11-09 18:49:37.955  INFO 10432 --- [    Test worker] c.h.integration.EmpleadoControllerITest  : Starting EmpleadoControllerITest using Java 17.0.8 on LAPTOP-MOFDOF3V with PID 10432 (started by Juanes Villa in C:\Users\Juanes Villa\Downloads\HRManage)
2023-11-09 18:49:37.956  INFO 10432 --- [    Test worker] c.h.integration.EmpleadoControllerITest  : The following 1 profile is active: "test"
2023-11-09 18:49:38.347  INFO 10432 --- [    Test worker] .s.d.r.c.RepositoryConfigurationDelegate : Bootstrapping Spring Data JPA repositories in DEFAULT mode.
2023-11-09 18:49:38.368  INFO 10432 --- [    Test worker] .s.d.r.c.RepositoryConfigurationDelegate : Finished Spring Data repository scanning in 20 ms. Found 2 JPA repository interfaces.
2023-11-09 18:49:38.933  INFO 10432 --- [    Test worker] o.s.b.w.embedded.tomcat.TomcatWebServer  : Tomcat initialized with port(s): 0 (http)
2023-11-09 18:49:38.964  INFO 10432 --- [    Test worker] o.apache.catalina.core.StandardService   : Starting service [Tomcat]
2023-11-09 18:49:38.965  INFO 10432 --- [    Test worker] org.apache.catalina.core.StandardEngine  : Starting Servlet engine: [Apache Tomcat/9.0.79]
2023-11-09 18:49:39.249  INFO 10432 --- [    Test worker] o.a.c.c.C.[Tomcat].[localhost].[/]       : Initializing Spring embedded WebApplicationContext
2023-11-09 18:49:39.250  INFO 10432 --- [    Test worker] w.s.c.ServletWebServerApplicationContext : Root WebApplicationContext: initialization completed in 1290 ms
2023-11-09 18:49:39.592  INFO 10432 --- [    Test worker] o.hibernate.jpa.internal.util.LogHelper  : HHH000204: Processing PersistenceUnitInfo [name: default]
2023-11-09 18:49:39.603  INFO 10432 --- [    Test worker] com.zaxxer.hikari.HikariDataSource       : HikariPool-2 - Starting...
2023-11-09 18:49:39.604  INFO 10432 --- [    Test worker] com.zaxxer.hikari.HikariDataSource       : HikariPool-2 - Start completed.
2023-11-09 18:49:39.605  INFO 10432 --- [    Test worker] org.hibernate.dialect.Dialect            : HHH000400: Using dialect: org.hibernate.dialect.H2Dialect
2023-11-09 18:49:39.664  INFO 10432 --- [    Test worker] o.h.e.t.j.p.i.JtaPlatformInitiator       : HHH000490: Using JtaPlatform implementation: [org.hibernate.engine.transaction.jta.platform.internal.NoJtaPlatform]
2023-11-09 18:49:39.665  INFO 10432 --- [    Test worker] j.LocalContainerEntityManagerFactoryBean : Initialized JPA EntityManagerFactory for persistence unit 'default'
2023-11-09 18:49:39.956  INFO 10432 --- [    Test worker] o.s.s.web.DefaultSecurityFilterChain     : Will secure any request with [org.springframework.security.web.session.DisableEncodeUrlFilter@19fb7097, org.springframework.security.web.context.request.async.WebAsyncManagerIntegrationFilter@1aa959e2, org.springframework.security.web.context.SecurityContextPersistenceFilter@2f86dd2e, org.springframework.security.web.header.HeaderWriterFilter@5ee54d21, org.springframework.security.web.authentication.logout.LogoutFilter@7279e83f, org.springframework.security.web.savedrequest.RequestCacheAwareFilter@30f97281, org.springframework.security.web.servletapi.SecurityContextHolderAwareRequestFilter@4401bdfa, org.springframework.security.web.authentication.AnonymousAuthenticationFilter@10615dc8, org.springframework.security.web.session.SessionManagementFilter@47bd0384, org.springframework.security.web.access.ExceptionTranslationFilter@3c746295, org.springframework.security.web.access.intercept.FilterSecurityInterceptor@6f6e3748]
2023-11-09 18:49:40.116  WARN 10432 --- [    Test worker] JpaBaseConfiguration$JpaWebConfiguration : spring.jpa.open-in-view is enabled by default. Therefore, database queries may be performed during view rendering. Explicitly configure spring.jpa.open-in-view to disable this warning
2023-11-09 18:49:40.687  INFO 10432 --- [    Test worker] o.a.c.c.C.[Tomcat].[localhost].[/]       : Initializing Spring TestDispatcherServlet ''
2023-11-09 18:49:40.687  INFO 10432 --- [    Test worker] o.s.t.web.servlet.TestDispatcherServlet  : Initializing Servlet ''
2023-11-09 18:49:40.688  INFO 10432 --- [    Test worker] o.s.t.web.servlet.TestDispatcherServlet  : Completed initialization in 1 ms
2023-11-09 18:49:40.783  INFO 10432 --- [    Test worker] o.s.b.w.embedded.tomcat.TomcatWebServer  : Tomcat started on port(s): 62041 (http) with context path ''
2023-11-09 18:49:40.788  INFO 10432 --- [    Test worker] c.h.integration.EmpleadoControllerITest  : Started EmpleadoControllerITest in 2.897 seconds (JVM running for 20.005)
]]></system-out>
  <system-err><![CDATA[]]></system-err>
</testsuite>
