<?xml version="1.0" encoding="UTF-8"?>
<testsuite name="com.hrManagement.integration.integration.EmpleadoControllerITest" tests="4" skipped="0" failures="0" errors="0" timestamp="2023-10-27T18:59:31" hostname="LAPTOP-MOFDOF3V" time="1.135">
  <properties/>
  <testcase name="obtenerEmpleadoTest()" classname="com.hrManagement.integration.integration.EmpleadoControllerITest" time="0.768"/>
  <testcase name="eliminarEmpleadoTest()" classname="com.hrManagement.integration.integration.EmpleadoControllerITest" time="0.042"/>
  <testcase name="actualizarEmpleadoTest()" classname="com.hrManagement.integration.integration.EmpleadoControllerITest" time="0.289"/>
  <testcase name="agregarEmpleadoTest()" classname="com.hrManagement.integration.integration.EmpleadoControllerITest" time="0.027"/>
  <system-out><![CDATA[2023-10-27 13:59:27.880  INFO 32948 --- [    Test worker] .b.t.c.SpringBootTestContextBootstrapper : Neither @ContextConfiguration nor @ContextHierarchy found for test class [com.hrManagement.integration.integration.EmpleadoControllerITest], using SpringBootContextLoader
2023-10-27 13:59:27.881  INFO 32948 --- [    Test worker] o.s.t.c.support.AbstractContextLoader    : Could not detect default resource locations for test class [com.hrManagement.integration.integration.EmpleadoControllerITest]: no resource found for suffixes {-context.xml, Context.groovy}.
2023-10-27 13:59:27.881  INFO 32948 --- [    Test worker] t.c.s.AnnotationConfigContextLoaderUtils : Could not detect default configuration classes for test class [com.hrManagement.integration.integration.EmpleadoControllerITest]: EmpleadoControllerITest does not declare any static, non-private, non-final, nested classes annotated with @Configuration.
2023-10-27 13:59:27.911  INFO 32948 --- [    Test worker] .b.t.c.SpringBootTestContextBootstrapper : Found @SpringBootConfiguration com.hrManagement.HrmanamentApplication for test class com.hrManagement.integration.integration.EmpleadoControllerITest
2023-10-27 13:59:27.914  INFO 32948 --- [    Test worker] .b.t.c.SpringBootTestContextBootstrapper : Loaded default TestExecutionListener class names from location [META-INF/spring.factories]: [org.springframework.boot.test.autoconfigure.restdocs.RestDocsTestExecutionListener, org.springframework.boot.test.autoconfigure.web.client.MockRestServiceServerResetTestExecutionListener, org.springframework.boot.test.autoconfigure.web.servlet.MockMvcPrintOnlyOnFailureTestExecutionListener, org.springframework.boot.test.autoconfigure.web.servlet.WebDriverTestExecutionListener, org.springframework.boot.test.autoconfigure.webservices.client.MockWebServiceServerTestExecutionListener, org.springframework.boot.test.mock.mockito.MockitoTestExecutionListener, org.springframework.boot.test.mock.mockito.ResetMocksTestExecutionListener, org.springframework.test.context.web.ServletTestExecutionListener, org.springframework.test.context.support.DirtiesContextBeforeModesTestExecutionListener, org.springframework.test.context.event.ApplicationEventsTestExecutionListener, org.springframework.test.context.support.DependencyInjectionTestExecutionListener, org.springframework.test.context.support.DirtiesContextTestExecutionListener, org.springframework.test.context.transaction.TransactionalTestExecutionListener, org.springframework.test.context.jdbc.SqlScriptsTestExecutionListener, org.springframework.test.context.event.EventPublishingTestExecutionListener]
2023-10-27 13:59:27.914  INFO 32948 --- [    Test worker] .b.t.c.SpringBootTestContextBootstrapper : Using TestExecutionListeners: [org.springframework.test.context.web.ServletTestExecutionListener@7c52d599, org.springframework.test.context.support.DirtiesContextBeforeModesTestExecutionListener@fdacdbb, org.springframework.test.context.event.ApplicationEventsTestExecutionListener@5b9fe17d, org.springframework.boot.test.mock.mockito.MockitoTestExecutionListener@4af6e801, org.springframework.boot.test.autoconfigure.SpringBootDependencyInjectionTestExecutionListener@20e202db, org.springframework.test.context.support.DirtiesContextTestExecutionListener@798cb469, org.springframework.test.context.transaction.TransactionalTestExecutionListener@5dbc262c, org.springframework.test.context.jdbc.SqlScriptsTestExecutionListener@20f76b7a, org.springframework.test.context.event.EventPublishingTestExecutionListener@10b34165, org.springframework.boot.test.autoconfigure.restdocs.RestDocsTestExecutionListener@c8080e6, org.springframework.boot.test.autoconfigure.web.client.MockRestServiceServerResetTestExecutionListener@30315a1c, org.springframework.boot.test.autoconfigure.web.servlet.MockMvcPrintOnlyOnFailureTestExecutionListener@2b065bdb, org.springframework.boot.test.autoconfigure.web.servlet.WebDriverTestExecutionListener@21b48fb7, org.springframework.boot.test.autoconfigure.webservices.client.MockWebServiceServerTestExecutionListener@29bbbcd7, org.springframework.boot.test.mock.mockito.ResetMocksTestExecutionListener@1360f246]

  .   ____          _            __ _ _
 /\\ / ___'_ __ _ _(_)_ __  __ _ \ \ \ \
( ( )\___ | '_ | '_| | '_ \/ _` | \ \ \ \
 \\/  ___)| |_)| | | | | || (_| |  ) ) ) )
  '  |____| .__|_| |_|_| |_\__, | / / / /
 =========|_|==============|___/=/_/_/_/
 :: Spring Boot ::               (v2.7.15)

2023-10-27 13:59:27.999  INFO 32948 --- [    Test worker] c.h.i.i.EmpleadoControllerITest          : Starting EmpleadoControllerITest using Java 17.0.8 on LAPTOP-MOFDOF3V with PID 32948 (started by Juanes Villa in C:\Users\Juanes Villa\Downloads\HRManage)
2023-10-27 13:59:28.000  INFO 32948 --- [    Test worker] c.h.i.i.EmpleadoControllerITest          : The following 1 profile is active: "test"
2023-10-27 13:59:28.521  INFO 32948 --- [    Test worker] .s.d.r.c.RepositoryConfigurationDelegate : Bootstrapping Spring Data JPA repositories in DEFAULT mode.
2023-10-27 13:59:28.556  INFO 32948 --- [    Test worker] .s.d.r.c.RepositoryConfigurationDelegate : Finished Spring Data repository scanning in 34 ms. Found 2 JPA repository interfaces.
2023-10-27 13:59:29.233  INFO 32948 --- [    Test worker] o.s.b.w.embedded.tomcat.TomcatWebServer  : Tomcat initialized with port(s): 0 (http)
2023-10-27 13:59:29.269  INFO 32948 --- [    Test worker] o.apache.catalina.core.StandardService   : Starting service [Tomcat]
2023-10-27 13:59:29.270  INFO 32948 --- [    Test worker] org.apache.catalina.core.StandardEngine  : Starting Servlet engine: [Apache Tomcat/9.0.79]
2023-10-27 13:59:29.565  INFO 32948 --- [    Test worker] o.a.c.c.C.[Tomcat].[localhost].[/]       : Initializing Spring embedded WebApplicationContext
2023-10-27 13:59:29.565  INFO 32948 --- [    Test worker] w.s.c.ServletWebServerApplicationContext : Root WebApplicationContext: initialization completed in 1557 ms
2023-10-27 13:59:29.978  INFO 32948 --- [    Test worker] o.hibernate.jpa.internal.util.LogHelper  : HHH000204: Processing PersistenceUnitInfo [name: default]
2023-10-27 13:59:29.993  INFO 32948 --- [    Test worker] com.zaxxer.hikari.HikariDataSource       : HikariPool-2 - Starting...
2023-10-27 13:59:29.996  INFO 32948 --- [    Test worker] com.zaxxer.hikari.HikariDataSource       : HikariPool-2 - Start completed.
2023-10-27 13:59:29.996  INFO 32948 --- [    Test worker] org.hibernate.dialect.Dialect            : HHH000400: Using dialect: org.hibernate.dialect.H2Dialect
2023-10-27 13:59:30.076  INFO 32948 --- [    Test worker] o.h.e.t.j.p.i.JtaPlatformInitiator       : HHH000490: Using JtaPlatform implementation: [org.hibernate.engine.transaction.jta.platform.internal.NoJtaPlatform]
2023-10-27 13:59:30.076  INFO 32948 --- [    Test worker] j.LocalContainerEntityManagerFactoryBean : Initialized JPA EntityManagerFactory for persistence unit 'default'
2023-10-27 13:59:30.426  WARN 32948 --- [    Test worker] JpaBaseConfiguration$JpaWebConfiguration : spring.jpa.open-in-view is enabled by default. Therefore, database queries may be performed during view rendering. Explicitly configure spring.jpa.open-in-view to disable this warning
2023-10-27 13:59:31.193  INFO 32948 --- [    Test worker] o.a.c.c.C.[Tomcat].[localhost].[/]       : Initializing Spring TestDispatcherServlet ''
2023-10-27 13:59:31.193  INFO 32948 --- [    Test worker] o.s.t.web.servlet.TestDispatcherServlet  : Initializing Servlet ''
2023-10-27 13:59:31.195  INFO 32948 --- [    Test worker] o.s.t.web.servlet.TestDispatcherServlet  : Completed initialization in 2 ms
2023-10-27 13:59:31.311  INFO 32948 --- [    Test worker] o.s.b.w.embedded.tomcat.TomcatWebServer  : Tomcat started on port(s): 50597 (http) with context path ''
2023-10-27 13:59:31.319  INFO 32948 --- [    Test worker] c.h.i.i.EmpleadoControllerITest          : Started EmpleadoControllerITest in 3.402 seconds (JVM running for 18.948)
]]></system-out>
  <system-err><![CDATA[]]></system-err>
</testsuite>
