<?xml version="1.0" encoding="UTF-8"?>
<testsuite name="com.hrManagement.integration.EmpleadoControllerITest" tests="4" skipped="0" failures="0" errors="0" timestamp="2023-11-04T23:37:43" hostname="LAPTOP-MOFDOF3V" time="1.328">
  <properties/>
  <testcase name="obtenerEmpleadoTest()" classname="com.hrManagement.integration.EmpleadoControllerITest" time="0.951"/>
  <testcase name="eliminarEmpleadoTest()" classname="com.hrManagement.integration.EmpleadoControllerITest" time="0.044"/>
  <testcase name="actualizarEmpleadoTest()" classname="com.hrManagement.integration.EmpleadoControllerITest" time="0.303"/>
  <testcase name="agregarEmpleadoTest()" classname="com.hrManagement.integration.EmpleadoControllerITest" time="0.024"/>
  <system-out><![CDATA[2023-11-04 18:37:39.925  INFO 22020 --- [    Test worker] .b.t.c.SpringBootTestContextBootstrapper : Neither @ContextConfiguration nor @ContextHierarchy found for test class [com.hrManagement.integration.EmpleadoControllerITest], using SpringBootContextLoader
2023-11-04 18:37:39.926  INFO 22020 --- [    Test worker] o.s.t.c.support.AbstractContextLoader    : Could not detect default resource locations for test class [com.hrManagement.integration.EmpleadoControllerITest]: no resource found for suffixes {-context.xml, Context.groovy}.
2023-11-04 18:37:39.927  INFO 22020 --- [    Test worker] t.c.s.AnnotationConfigContextLoaderUtils : Could not detect default configuration classes for test class [com.hrManagement.integration.EmpleadoControllerITest]: EmpleadoControllerITest does not declare any static, non-private, non-final, nested classes annotated with @Configuration.
2023-11-04 18:37:39.963  INFO 22020 --- [    Test worker] .b.t.c.SpringBootTestContextBootstrapper : Found @SpringBootConfiguration com.hrManagement.HrmanamentApplication for test class com.hrManagement.integration.EmpleadoControllerITest
2023-11-04 18:37:39.966  INFO 22020 --- [    Test worker] .b.t.c.SpringBootTestContextBootstrapper : Loaded default TestExecutionListener class names from location [META-INF/spring.factories]: [org.springframework.boot.test.autoconfigure.restdocs.RestDocsTestExecutionListener, org.springframework.boot.test.autoconfigure.web.client.MockRestServiceServerResetTestExecutionListener, org.springframework.boot.test.autoconfigure.web.servlet.MockMvcPrintOnlyOnFailureTestExecutionListener, org.springframework.boot.test.autoconfigure.web.servlet.WebDriverTestExecutionListener, org.springframework.boot.test.autoconfigure.webservices.client.MockWebServiceServerTestExecutionListener, org.springframework.boot.test.mock.mockito.MockitoTestExecutionListener, org.springframework.boot.test.mock.mockito.ResetMocksTestExecutionListener, org.springframework.test.context.web.ServletTestExecutionListener, org.springframework.test.context.support.DirtiesContextBeforeModesTestExecutionListener, org.springframework.test.context.event.ApplicationEventsTestExecutionListener, org.springframework.test.context.support.DependencyInjectionTestExecutionListener, org.springframework.test.context.support.DirtiesContextTestExecutionListener, org.springframework.test.context.transaction.TransactionalTestExecutionListener, org.springframework.test.context.jdbc.SqlScriptsTestExecutionListener, org.springframework.test.context.event.EventPublishingTestExecutionListener]
2023-11-04 18:37:39.966  INFO 22020 --- [    Test worker] .b.t.c.SpringBootTestContextBootstrapper : Using TestExecutionListeners: [org.springframework.test.context.web.ServletTestExecutionListener@4d0af3c9, org.springframework.test.context.support.DirtiesContextBeforeModesTestExecutionListener@65a80c28, org.springframework.test.context.event.ApplicationEventsTestExecutionListener@545b28fa, org.springframework.boot.test.mock.mockito.MockitoTestExecutionListener@5e6545be, org.springframework.boot.test.autoconfigure.SpringBootDependencyInjectionTestExecutionListener@446b6100, org.springframework.test.context.support.DirtiesContextTestExecutionListener@6107fce9, org.springframework.test.context.transaction.TransactionalTestExecutionListener@6c9614cb, org.springframework.test.context.jdbc.SqlScriptsTestExecutionListener@18aaf452, org.springframework.test.context.event.EventPublishingTestExecutionListener@756e526, org.springframework.boot.test.autoconfigure.restdocs.RestDocsTestExecutionListener@59e8b191, org.springframework.boot.test.autoconfigure.web.client.MockRestServiceServerResetTestExecutionListener@584c62b, org.springframework.boot.test.autoconfigure.web.servlet.MockMvcPrintOnlyOnFailureTestExecutionListener@4a43aaad, org.springframework.boot.test.autoconfigure.web.servlet.WebDriverTestExecutionListener@7a8c1916, org.springframework.boot.test.autoconfigure.webservices.client.MockWebServiceServerTestExecutionListener@66f44bef, org.springframework.boot.test.mock.mockito.ResetMocksTestExecutionListener@45626c84]

  .   ____          _            __ _ _
 /\\ / ___'_ __ _ _(_)_ __  __ _ \ \ \ \
( ( )\___ | '_ | '_| | '_ \/ _` | \ \ \ \
 \\/  ___)| |_)| | | | | || (_| |  ) ) ) )
  '  |____| .__|_| |_|_| |_\__, | / / / /
 =========|_|==============|___/=/_/_/_/
 :: Spring Boot ::               (v2.7.15)

2023-11-04 18:37:40.061  INFO 22020 --- [    Test worker] c.h.integration.EmpleadoControllerITest  : Starting EmpleadoControllerITest using Java 17.0.8 on LAPTOP-MOFDOF3V with PID 22020 (started by Juanes Villa in C:\Users\Juanes Villa\Downloads\HRManage)
2023-11-04 18:37:40.061  INFO 22020 --- [    Test worker] c.h.integration.EmpleadoControllerITest  : The following 1 profile is active: "test"
2023-11-04 18:37:40.599  INFO 22020 --- [    Test worker] .s.d.r.c.RepositoryConfigurationDelegate : Bootstrapping Spring Data JPA repositories in DEFAULT mode.
2023-11-04 18:37:40.641  INFO 22020 --- [    Test worker] .s.d.r.c.RepositoryConfigurationDelegate : Finished Spring Data repository scanning in 40 ms. Found 2 JPA repository interfaces.
2023-11-04 18:37:41.457  INFO 22020 --- [    Test worker] o.s.b.w.embedded.tomcat.TomcatWebServer  : Tomcat initialized with port(s): 0 (http)
2023-11-04 18:37:41.485  INFO 22020 --- [    Test worker] o.apache.catalina.core.StandardService   : Starting service [Tomcat]
2023-11-04 18:37:41.486  INFO 22020 --- [    Test worker] org.apache.catalina.core.StandardEngine  : Starting Servlet engine: [Apache Tomcat/9.0.79]
2023-11-04 18:37:41.867  INFO 22020 --- [    Test worker] o.a.c.c.C.[Tomcat].[localhost].[/]       : Initializing Spring embedded WebApplicationContext
2023-11-04 18:37:41.867  INFO 22020 --- [    Test worker] w.s.c.ServletWebServerApplicationContext : Root WebApplicationContext: initialization completed in 1801 ms
2023-11-04 18:37:42.289  INFO 22020 --- [    Test worker] o.hibernate.jpa.internal.util.LogHelper  : HHH000204: Processing PersistenceUnitInfo [name: default]
2023-11-04 18:37:42.303  INFO 22020 --- [    Test worker] com.zaxxer.hikari.HikariDataSource       : HikariPool-2 - Starting...
2023-11-04 18:37:42.305  INFO 22020 --- [    Test worker] com.zaxxer.hikari.HikariDataSource       : HikariPool-2 - Start completed.
2023-11-04 18:37:42.306  INFO 22020 --- [    Test worker] org.hibernate.dialect.Dialect            : HHH000400: Using dialect: org.hibernate.dialect.H2Dialect
2023-11-04 18:37:42.402  INFO 22020 --- [    Test worker] o.h.e.t.j.p.i.JtaPlatformInitiator       : HHH000490: Using JtaPlatform implementation: [org.hibernate.engine.transaction.jta.platform.internal.NoJtaPlatform]
2023-11-04 18:37:42.403  INFO 22020 --- [    Test worker] j.LocalContainerEntityManagerFactoryBean : Initialized JPA EntityManagerFactory for persistence unit 'default'
2023-11-04 18:37:42.795  INFO 22020 --- [    Test worker] o.s.s.web.DefaultSecurityFilterChain     : Will secure any request with [org.springframework.security.web.session.DisableEncodeUrlFilter@17955761, org.springframework.security.web.context.request.async.WebAsyncManagerIntegrationFilter@55d82795, org.springframework.security.web.context.SecurityContextPersistenceFilter@7376bc08, org.springframework.security.web.header.HeaderWriterFilter@60d7f72d, org.springframework.security.web.authentication.logout.LogoutFilter@33d23057, org.springframework.security.web.savedrequest.RequestCacheAwareFilter@1ada2d53, org.springframework.security.web.servletapi.SecurityContextHolderAwareRequestFilter@45ebdfba, org.springframework.security.web.authentication.AnonymousAuthenticationFilter@5b0d2129, org.springframework.security.web.session.SessionManagementFilter@4d8fbace, org.springframework.security.web.access.ExceptionTranslationFilter@78d232ff, org.springframework.security.web.access.intercept.FilterSecurityInterceptor@26138f13]
2023-11-04 18:37:43.017  WARN 22020 --- [    Test worker] JpaBaseConfiguration$JpaWebConfiguration : spring.jpa.open-in-view is enabled by default. Therefore, database queries may be performed during view rendering. Explicitly configure spring.jpa.open-in-view to disable this warning
2023-11-04 18:37:43.803  INFO 22020 --- [    Test worker] o.a.c.c.C.[Tomcat].[localhost].[/]       : Initializing Spring TestDispatcherServlet ''
2023-11-04 18:37:43.803  INFO 22020 --- [    Test worker] o.s.t.web.servlet.TestDispatcherServlet  : Initializing Servlet ''
2023-11-04 18:37:43.805  INFO 22020 --- [    Test worker] o.s.t.web.servlet.TestDispatcherServlet  : Completed initialization in 1 ms
2023-11-04 18:37:43.930  INFO 22020 --- [    Test worker] o.s.b.w.embedded.tomcat.TomcatWebServer  : Tomcat started on port(s): 56729 (http) with context path ''
2023-11-04 18:37:43.937  INFO 22020 --- [    Test worker] c.h.integration.EmpleadoControllerITest  : Started EmpleadoControllerITest in 3.961 seconds (JVM running for 25.371)
]]></system-out>
  <system-err><![CDATA[]]></system-err>
</testsuite>
