<?xml version="1.0" encoding="UTF-8"?>
<testsuite name="com.hrManagement.unit.logica.PerfilEmpleadoLogicaTest" tests="11" skipped="0" failures="0" errors="0" timestamp="2023-11-09T23:49:45" hostname="LAPTOP-MOFDOF3V" time="0.089">
  <properties/>
  <testcase name="testGuardarPerfilEmpleado()" classname="com.hrManagement.unit.logica.PerfilEmpleadoLogicaTest" time="0.007"/>
  <testcase name="testGuardarPerfilEmpleadoWithEmptyCertificaciones()" classname="com.hrManagement.unit.logica.PerfilEmpleadoLogicaTest" time="0.008"/>
  <testcase name="testObtenerPerfilEmpleadoPorIDWithNonexistentID()" classname="com.hrManagement.unit.logica.PerfilEmpleadoLogicaTest" time="0.006"/>
  <testcase name="testGuardarPerfilEmpleadoWithNonexistentEmpleado()" classname="com.hrManagement.unit.logica.PerfilEmpleadoLogicaTest" time="0.005"/>
  <testcase name="testObtenerPerfilEmpleadoPorID()" classname="com.hrManagement.unit.logica.PerfilEmpleadoLogicaTest" time="0.005"/>
  <testcase name="testObtenerTodosLosPerfilesDeEmpleados()" classname="com.hrManagement.unit.logica.PerfilEmpleadoLogicaTest" time="0.005"/>
  <testcase name="testEliminarPerfilEmpleado()" classname="com.hrManagement.unit.logica.PerfilEmpleadoLogicaTest" time="0.006"/>
  <testcase name="testGuardarPerfilEmpleadoWithEmptyExperiencia()" classname="com.hrManagement.unit.logica.PerfilEmpleadoLogicaTest" time="0.005"/>
  <testcase name="testEliminarPerfilEmpleadoWithNonexistentID()" classname="com.hrManagement.unit.logica.PerfilEmpleadoLogicaTest" time="0.006"/>
  <testcase name="testGuardarPerfilEmpleadoWithEmptyHabilidades()" classname="com.hrManagement.unit.logica.PerfilEmpleadoLogicaTest" time="0.005"/>
  <testcase name="testGuardarPerfilEmpleadoWithEmptyNombre()" classname="com.hrManagement.unit.logica.PerfilEmpleadoLogicaTest" time="0.008"/>
  <system-out><![CDATA[2023-11-09 18:49:45.033  INFO 10432 --- [    Test worker] .b.t.c.SpringBootTestContextBootstrapper : Neither @ContextConfiguration nor @ContextHierarchy found for test class [com.hrManagement.unit.logica.PerfilEmpleadoLogicaTest], using SpringBootContextLoader
2023-11-09 18:49:45.034  INFO 10432 --- [    Test worker] o.s.t.c.support.AbstractContextLoader    : Could not detect default resource locations for test class [com.hrManagement.unit.logica.PerfilEmpleadoLogicaTest]: no resource found for suffixes {-context.xml, Context.groovy}.
2023-11-09 18:49:45.034  INFO 10432 --- [    Test worker] t.c.s.AnnotationConfigContextLoaderUtils : Could not detect default configuration classes for test class [com.hrManagement.unit.logica.PerfilEmpleadoLogicaTest]: PerfilEmpleadoLogicaTest does not declare any static, non-private, non-final, nested classes annotated with @Configuration.
2023-11-09 18:49:45.037  INFO 10432 --- [    Test worker] .b.t.c.SpringBootTestContextBootstrapper : Found @SpringBootConfiguration com.hrManagement.HrmanamentApplication for test class com.hrManagement.unit.logica.PerfilEmpleadoLogicaTest
2023-11-09 18:49:45.039  INFO 10432 --- [    Test worker] .b.t.c.SpringBootTestContextBootstrapper : Loaded default TestExecutionListener class names from location [META-INF/spring.factories]: [org.springframework.boot.test.autoconfigure.restdocs.RestDocsTestExecutionListener, org.springframework.boot.test.autoconfigure.web.client.MockRestServiceServerResetTestExecutionListener, org.springframework.boot.test.autoconfigure.web.servlet.MockMvcPrintOnlyOnFailureTestExecutionListener, org.springframework.boot.test.autoconfigure.web.servlet.WebDriverTestExecutionListener, org.springframework.boot.test.autoconfigure.webservices.client.MockWebServiceServerTestExecutionListener, org.springframework.boot.test.mock.mockito.MockitoTestExecutionListener, org.springframework.boot.test.mock.mockito.ResetMocksTestExecutionListener, org.springframework.test.context.web.ServletTestExecutionListener, org.springframework.test.context.support.DirtiesContextBeforeModesTestExecutionListener, org.springframework.test.context.event.ApplicationEventsTestExecutionListener, org.springframework.test.context.support.DependencyInjectionTestExecutionListener, org.springframework.test.context.support.DirtiesContextTestExecutionListener, org.springframework.test.context.transaction.TransactionalTestExecutionListener, org.springframework.test.context.jdbc.SqlScriptsTestExecutionListener, org.springframework.test.context.event.EventPublishingTestExecutionListener]
2023-11-09 18:49:45.040  INFO 10432 --- [    Test worker] .b.t.c.SpringBootTestContextBootstrapper : Using TestExecutionListeners: [org.springframework.test.context.web.ServletTestExecutionListener@31f11743, org.springframework.test.context.support.DirtiesContextBeforeModesTestExecutionListener@16e8ee25, org.springframework.test.context.event.ApplicationEventsTestExecutionListener@1ac56cb4, org.springframework.boot.test.mock.mockito.MockitoTestExecutionListener@7a4846b, org.springframework.boot.test.autoconfigure.SpringBootDependencyInjectionTestExecutionListener@3ed6d0d3, org.springframework.test.context.support.DirtiesContextTestExecutionListener@6f9e98ea, org.springframework.test.context.transaction.TransactionalTestExecutionListener@5e8ff961, org.springframework.test.context.jdbc.SqlScriptsTestExecutionListener@7dabb907, org.springframework.test.context.event.EventPublishingTestExecutionListener@75f3ae29, org.springframework.boot.test.autoconfigure.restdocs.RestDocsTestExecutionListener@6e3131b5, org.springframework.boot.test.autoconfigure.web.client.MockRestServiceServerResetTestExecutionListener@4fd499e3, org.springframework.boot.test.autoconfigure.web.servlet.MockMvcPrintOnlyOnFailureTestExecutionListener@6f97729f, org.springframework.boot.test.autoconfigure.web.servlet.WebDriverTestExecutionListener@7fd1ba2, org.springframework.boot.test.autoconfigure.webservices.client.MockWebServiceServerTestExecutionListener@60262e71, org.springframework.boot.test.mock.mockito.ResetMocksTestExecutionListener@bd6a817]
]]></system-out>
  <system-err><![CDATA[]]></system-err>
</testsuite>
