<?xml version="1.0" encoding="UTF-8"?>
<testsuite name="com.hrManagement.unit.logica.EmpleadoLogicaTest" tests="10" skipped="0" failures="0" errors="0" timestamp="2023-11-04T23:37:50" hostname="LAPTOP-MOFDOF3V" time="0.093">
  <properties/>
  <testcase name="testObtenerEmpleadoPorIDNotFound()" classname="com.hrManagement.unit.logica.EmpleadoLogicaTest" time="0.014"/>
  <testcase name="testObtenerEmpleadoPorID()" classname="com.hrManagement.unit.logica.EmpleadoLogicaTest" time="0.006"/>
  <testcase name="testEliminarEmpleado()" classname="com.hrManagement.unit.logica.EmpleadoLogicaTest" time="0.009"/>
  <testcase name="testObtenerTodosLosEmpleados()" classname="com.hrManagement.unit.logica.EmpleadoLogicaTest" time="0.005"/>
  <testcase name="testGuardarEmpleadoAlreadyExists()" classname="com.hrManagement.unit.logica.EmpleadoLogicaTest" time="0.006"/>
  <testcase name="testModificarEmpleado()" classname="com.hrManagement.unit.logica.EmpleadoLogicaTest" time="0.014"/>
  <testcase name="testObtenerEmpleadosPorCargo()" classname="com.hrManagement.unit.logica.EmpleadoLogicaTest" time="0.004"/>
  <testcase name="testEliminarEmpleadoNotFound()" classname="com.hrManagement.unit.logica.EmpleadoLogicaTest" time="0.006"/>
  <testcase name="testGuardarEmpleado()" classname="com.hrManagement.unit.logica.EmpleadoLogicaTest" time="0.007"/>
  <testcase name="testModificarEmpleadoNotFound()" classname="com.hrManagement.unit.logica.EmpleadoLogicaTest" time="0.006"/>
  <system-out><![CDATA[2023-11-04 18:37:50.287  INFO 22020 --- [    Test worker] .b.t.c.SpringBootTestContextBootstrapper : Neither @ContextConfiguration nor @ContextHierarchy found for test class [com.hrManagement.unit.logica.EmpleadoLogicaTest], using SpringBootContextLoader
2023-11-04 18:37:50.293  INFO 22020 --- [    Test worker] o.s.t.c.support.AbstractContextLoader    : Could not detect default resource locations for test class [com.hrManagement.unit.logica.EmpleadoLogicaTest]: no resource found for suffixes {-context.xml, Context.groovy}.
2023-11-04 18:37:50.293  INFO 22020 --- [    Test worker] t.c.s.AnnotationConfigContextLoaderUtils : Could not detect default configuration classes for test class [com.hrManagement.unit.logica.EmpleadoLogicaTest]: EmpleadoLogicaTest does not declare any static, non-private, non-final, nested classes annotated with @Configuration.
2023-11-04 18:37:50.307  INFO 22020 --- [    Test worker] .b.t.c.SpringBootTestContextBootstrapper : Found @SpringBootConfiguration com.hrManagement.HrmanamentApplication for test class com.hrManagement.unit.logica.EmpleadoLogicaTest
2023-11-04 18:37:50.309  INFO 22020 --- [    Test worker] .b.t.c.SpringBootTestContextBootstrapper : Loaded default TestExecutionListener class names from location [META-INF/spring.factories]: [org.springframework.boot.test.autoconfigure.restdocs.RestDocsTestExecutionListener, org.springframework.boot.test.autoconfigure.web.client.MockRestServiceServerResetTestExecutionListener, org.springframework.boot.test.autoconfigure.web.servlet.MockMvcPrintOnlyOnFailureTestExecutionListener, org.springframework.boot.test.autoconfigure.web.servlet.WebDriverTestExecutionListener, org.springframework.boot.test.autoconfigure.webservices.client.MockWebServiceServerTestExecutionListener, org.springframework.boot.test.mock.mockito.MockitoTestExecutionListener, org.springframework.boot.test.mock.mockito.ResetMocksTestExecutionListener, org.springframework.test.context.web.ServletTestExecutionListener, org.springframework.test.context.support.DirtiesContextBeforeModesTestExecutionListener, org.springframework.test.context.event.ApplicationEventsTestExecutionListener, org.springframework.test.context.support.DependencyInjectionTestExecutionListener, org.springframework.test.context.support.DirtiesContextTestExecutionListener, org.springframework.test.context.transaction.TransactionalTestExecutionListener, org.springframework.test.context.jdbc.SqlScriptsTestExecutionListener, org.springframework.test.context.event.EventPublishingTestExecutionListener]
2023-11-04 18:37:50.310  INFO 22020 --- [    Test worker] .b.t.c.SpringBootTestContextBootstrapper : Using TestExecutionListeners: [org.springframework.test.context.web.ServletTestExecutionListener@5b61e35b, org.springframework.test.context.support.DirtiesContextBeforeModesTestExecutionListener@4ef5223a, org.springframework.test.context.event.ApplicationEventsTestExecutionListener@425aa16f, org.springframework.boot.test.mock.mockito.MockitoTestExecutionListener@3eecb0e4, org.springframework.boot.test.autoconfigure.SpringBootDependencyInjectionTestExecutionListener@6ac3f759, org.springframework.test.context.support.DirtiesContextTestExecutionListener@dc0ecc9, org.springframework.test.context.transaction.TransactionalTestExecutionListener@1a8675c7, org.springframework.test.context.jdbc.SqlScriptsTestExecutionListener@41b69de3, org.springframework.test.context.event.EventPublishingTestExecutionListener@34bac3b3, org.springframework.boot.test.autoconfigure.restdocs.RestDocsTestExecutionListener@3e96d749, org.springframework.boot.test.autoconfigure.web.client.MockRestServiceServerResetTestExecutionListener@1717b511, org.springframework.boot.test.autoconfigure.web.servlet.MockMvcPrintOnlyOnFailureTestExecutionListener@623b7b95, org.springframework.boot.test.autoconfigure.web.servlet.WebDriverTestExecutionListener@fe9b3a, org.springframework.boot.test.autoconfigure.webservices.client.MockWebServiceServerTestExecutionListener@85a38f3, org.springframework.boot.test.mock.mockito.ResetMocksTestExecutionListener@22cfbbd4]
]]></system-out>
  <system-err><![CDATA[]]></system-err>
</testsuite>
