<?xml version="1.0" encoding="UTF-8"?>
<testsuite name="com.hrManagement.unit.controller.PerfilEmpleadoControllerTest" tests="9" skipped="0" failures="0" errors="0" timestamp="2023-09-30T04:27:11" hostname="DESKTOP-53GP9KA" time="0.087">
  <properties/>
  <testcase name="eliminarPerfilEmpleado_EmpleadoNoExisteException()" classname="com.hrManagement.unit.controller.PerfilEmpleadoControllerTest" time="0.023"/>
  <testcase name="eliminarPerfilEmpleado_Success()" classname="com.hrManagement.unit.controller.PerfilEmpleadoControllerTest" time="0.006"/>
  <testcase name="obtenerDatosEmpleadoPorID_NotFound()" classname="com.hrManagement.unit.controller.PerfilEmpleadoControllerTest" time="0.006"/>
  <testcase name="obtenerDatosEmpleadoPorID_Success()" classname="com.hrManagement.unit.controller.PerfilEmpleadoControllerTest" time="0.006"/>
  <testcase name="eliminarPerfilEmpleado_InternalServerError()" classname="com.hrManagement.unit.controller.PerfilEmpleadoControllerTest" time="0.005"/>
  <testcase name="agregarPerfilEmpleado_EmpleadoNoExisteException()" classname="com.hrManagement.unit.controller.PerfilEmpleadoControllerTest" time="0.007"/>
  <testcase name="obtenerTodosLosPerfilesDeEmpleados_Success()" classname="com.hrManagement.unit.controller.PerfilEmpleadoControllerTest" time="0.005"/>
  <testcase name="agregarPerfilEmpleado_InternalServerError()" classname="com.hrManagement.unit.controller.PerfilEmpleadoControllerTest" time="0.007"/>
  <testcase name="agregarPerfilEmpleado_Success()" classname="com.hrManagement.unit.controller.PerfilEmpleadoControllerTest" time="0.006"/>
  <system-out><![CDATA[2023-09-29 23:27:11.696  INFO 21608 --- [    Test worker] .b.t.c.SpringBootTestContextBootstrapper : Neither @ContextConfiguration nor @ContextHierarchy found for test class [com.hrManagement.unit.controller.PerfilEmpleadoControllerTest], using SpringBootContextLoader
2023-09-29 23:27:11.697  INFO 21608 --- [    Test worker] o.s.t.c.support.AbstractContextLoader    : Could not detect default resource locations for test class [com.hrManagement.unit.controller.PerfilEmpleadoControllerTest]: no resource found for suffixes {-context.xml, Context.groovy}.
2023-09-29 23:27:11.698  INFO 21608 --- [    Test worker] t.c.s.AnnotationConfigContextLoaderUtils : Could not detect default configuration classes for test class [com.hrManagement.unit.controller.PerfilEmpleadoControllerTest]: PerfilEmpleadoControllerTest does not declare any static, non-private, non-final, nested classes annotated with @Configuration.
2023-09-29 23:27:11.701  INFO 21608 --- [    Test worker] .b.t.c.SpringBootTestContextBootstrapper : Found @SpringBootConfiguration com.hrManagement.HrmanamentApplication for test class com.hrManagement.unit.controller.PerfilEmpleadoControllerTest
2023-09-29 23:27:11.703  INFO 21608 --- [    Test worker] .b.t.c.SpringBootTestContextBootstrapper : Loaded default TestExecutionListener class names from location [META-INF/spring.factories]: [org.springframework.boot.test.autoconfigure.restdocs.RestDocsTestExecutionListener, org.springframework.boot.test.autoconfigure.web.client.MockRestServiceServerResetTestExecutionListener, org.springframework.boot.test.autoconfigure.web.servlet.MockMvcPrintOnlyOnFailureTestExecutionListener, org.springframework.boot.test.autoconfigure.web.servlet.WebDriverTestExecutionListener, org.springframework.boot.test.autoconfigure.webservices.client.MockWebServiceServerTestExecutionListener, org.springframework.boot.test.mock.mockito.MockitoTestExecutionListener, org.springframework.boot.test.mock.mockito.ResetMocksTestExecutionListener, org.springframework.test.context.web.ServletTestExecutionListener, org.springframework.test.context.support.DirtiesContextBeforeModesTestExecutionListener, org.springframework.test.context.event.ApplicationEventsTestExecutionListener, org.springframework.test.context.support.DependencyInjectionTestExecutionListener, org.springframework.test.context.support.DirtiesContextTestExecutionListener, org.springframework.test.context.transaction.TransactionalTestExecutionListener, org.springframework.test.context.jdbc.SqlScriptsTestExecutionListener, org.springframework.test.context.event.EventPublishingTestExecutionListener]
2023-09-29 23:27:11.704  INFO 21608 --- [    Test worker] .b.t.c.SpringBootTestContextBootstrapper : Using TestExecutionListeners: [org.springframework.test.context.web.ServletTestExecutionListener@52c1775c, org.springframework.test.context.support.DirtiesContextBeforeModesTestExecutionListener@1e81c8c5, org.springframework.test.context.event.ApplicationEventsTestExecutionListener@32ec0814, org.springframework.boot.test.mock.mockito.MockitoTestExecutionListener@51fae493, org.springframework.boot.test.autoconfigure.SpringBootDependencyInjectionTestExecutionListener@8581267, org.springframework.test.context.support.DirtiesContextTestExecutionListener@188f3449, org.springframework.test.context.transaction.TransactionalTestExecutionListener@4af133e4, org.springframework.test.context.jdbc.SqlScriptsTestExecutionListener@4c298855, org.springframework.test.context.event.EventPublishingTestExecutionListener@42a709d, org.springframework.boot.test.autoconfigure.restdocs.RestDocsTestExecutionListener@6566212d, org.springframework.boot.test.autoconfigure.web.client.MockRestServiceServerResetTestExecutionListener@264b5076, org.springframework.boot.test.autoconfigure.web.servlet.MockMvcPrintOnlyOnFailureTestExecutionListener@26a01fca, org.springframework.boot.test.autoconfigure.web.servlet.WebDriverTestExecutionListener@71593d1b, org.springframework.boot.test.autoconfigure.webservices.client.MockWebServiceServerTestExecutionListener@25620554, org.springframework.boot.test.mock.mockito.ResetMocksTestExecutionListener@59d6396e]
]]></system-out>
  <system-err><![CDATA[]]></system-err>
</testsuite>
