<?xml version="1.0" encoding="UTF-8"?>
<testsuite name="com.hrManagement.unit.controller.EmpleadoControllerTest" tests="6" skipped="0" failures="0" errors="0" timestamp="2023-10-28T00:54:57" hostname="LAPTOP-MOFDOF3V" time="0.179">
  <properties/>
  <testcase name="testEliminarEmpleado()" classname="com.hrManagement.unit.controller.EmpleadoControllerTest" time="0.097"/>
  <testcase name="testObtenerTodosLosEmpleados()" classname="com.hrManagement.unit.controller.EmpleadoControllerTest" time="0.006"/>
  <testcase name="testAgregarEmpleado()" classname="com.hrManagement.unit.controller.EmpleadoControllerTest" time="0.024"/>
  <testcase name="testModificarEmpleado()" classname="com.hrManagement.unit.controller.EmpleadoControllerTest" time="0.011"/>
  <testcase name="testObtenerEmpleadosPorCargo()" classname="com.hrManagement.unit.controller.EmpleadoControllerTest" time="0.011"/>
  <testcase name="testObtenerDatosEmpleadoPorID()" classname="com.hrManagement.unit.controller.EmpleadoControllerTest" time="0.01"/>
  <system-out><![CDATA[2023-10-27 19:54:53.809  INFO 35360 --- [    Test worker] .b.t.c.SpringBootTestContextBootstrapper : Neither @ContextConfiguration nor @ContextHierarchy found for test class [com.hrManagement.unit.controller.EmpleadoControllerTest], using SpringBootContextLoader
2023-10-27 19:54:53.811  INFO 35360 --- [    Test worker] o.s.t.c.support.AbstractContextLoader    : Could not detect default resource locations for test class [com.hrManagement.unit.controller.EmpleadoControllerTest]: no resource found for suffixes {-context.xml, Context.groovy}.
2023-10-27 19:54:53.811  INFO 35360 --- [    Test worker] t.c.s.AnnotationConfigContextLoaderUtils : Could not detect default configuration classes for test class [com.hrManagement.unit.controller.EmpleadoControllerTest]: EmpleadoControllerTest does not declare any static, non-private, non-final, nested classes annotated with @Configuration.
2023-10-27 19:54:53.828  INFO 35360 --- [    Test worker] .b.t.c.SpringBootTestContextBootstrapper : Found @SpringBootConfiguration com.hrManagement.HrmanamentApplication for test class com.hrManagement.unit.controller.EmpleadoControllerTest
2023-10-27 19:54:53.831  INFO 35360 --- [    Test worker] .b.t.c.SpringBootTestContextBootstrapper : Loaded default TestExecutionListener class names from location [META-INF/spring.factories]: [org.springframework.boot.test.autoconfigure.restdocs.RestDocsTestExecutionListener, org.springframework.boot.test.autoconfigure.web.client.MockRestServiceServerResetTestExecutionListener, org.springframework.boot.test.autoconfigure.web.servlet.MockMvcPrintOnlyOnFailureTestExecutionListener, org.springframework.boot.test.autoconfigure.web.servlet.WebDriverTestExecutionListener, org.springframework.boot.test.autoconfigure.webservices.client.MockWebServiceServerTestExecutionListener, org.springframework.boot.test.mock.mockito.MockitoTestExecutionListener, org.springframework.boot.test.mock.mockito.ResetMocksTestExecutionListener, org.springframework.test.context.web.ServletTestExecutionListener, org.springframework.test.context.support.DirtiesContextBeforeModesTestExecutionListener, org.springframework.test.context.event.ApplicationEventsTestExecutionListener, org.springframework.test.context.support.DependencyInjectionTestExecutionListener, org.springframework.test.context.support.DirtiesContextTestExecutionListener, org.springframework.test.context.transaction.TransactionalTestExecutionListener, org.springframework.test.context.jdbc.SqlScriptsTestExecutionListener, org.springframework.test.context.event.EventPublishingTestExecutionListener]
2023-10-27 19:54:53.832  INFO 35360 --- [    Test worker] .b.t.c.SpringBootTestContextBootstrapper : Using TestExecutionListeners: [org.springframework.test.context.web.ServletTestExecutionListener@6d64aa05, org.springframework.test.context.support.DirtiesContextBeforeModesTestExecutionListener@6655decb, org.springframework.test.context.event.ApplicationEventsTestExecutionListener@5342b1e9, org.springframework.boot.test.mock.mockito.MockitoTestExecutionListener@4fe30669, org.springframework.boot.test.autoconfigure.SpringBootDependencyInjectionTestExecutionListener@71fa912, org.springframework.test.context.support.DirtiesContextTestExecutionListener@4f748cbc, org.springframework.test.context.transaction.TransactionalTestExecutionListener@97fa142, org.springframework.test.context.jdbc.SqlScriptsTestExecutionListener@5e783e4a, org.springframework.test.context.event.EventPublishingTestExecutionListener@24d54bae, org.springframework.boot.test.autoconfigure.restdocs.RestDocsTestExecutionListener@4faf32e4, org.springframework.boot.test.autoconfigure.web.client.MockRestServiceServerResetTestExecutionListener@3b2effe2, org.springframework.boot.test.autoconfigure.web.servlet.MockMvcPrintOnlyOnFailureTestExecutionListener@24bb0ca3, org.springframework.boot.test.autoconfigure.web.servlet.WebDriverTestExecutionListener@2abdaba1, org.springframework.boot.test.autoconfigure.webservices.client.MockWebServiceServerTestExecutionListener@1cb38400, org.springframework.boot.test.mock.mockito.ResetMocksTestExecutionListener@50aeb99b]

  .   ____          _            __ _ _
 /\\ / ___'_ __ _ _(_)_ __  __ _ \ \ \ \
( ( )\___ | '_ | '_| | '_ \/ _` | \ \ \ \
 \\/  ___)| |_)| | | | | || (_| |  ) ) ) )
  '  |____| .__|_| |_|_| |_\__, | / / / /
 =========|_|==============|___/=/_/_/_/
 :: Spring Boot ::               (v2.7.15)

2023-10-27 19:54:54.412  INFO 35360 --- [    Test worker] c.h.u.controller.EmpleadoControllerTest  : Starting EmpleadoControllerTest using Java 17.0.8 on LAPTOP-MOFDOF3V with PID 35360 (started by Juanes Villa in C:\Users\Juanes Villa\Downloads\HRManage)
2023-10-27 19:54:54.413  INFO 35360 --- [    Test worker] c.h.u.controller.EmpleadoControllerTest  : The following 1 profile is active: "test"
2023-10-27 19:54:55.357  INFO 35360 --- [    Test worker] .s.d.r.c.RepositoryConfigurationDelegate : Bootstrapping Spring Data JPA repositories in DEFAULT mode.
2023-10-27 19:54:55.476  INFO 35360 --- [    Test worker] .s.d.r.c.RepositoryConfigurationDelegate : Finished Spring Data repository scanning in 118 ms. Found 2 JPA repository interfaces.
2023-10-27 19:54:55.769  INFO 35360 --- [    Test worker] o.s.b.w.embedded.tomcat.TomcatWebServer  : Tomcat initialized with port(s): 0 (http)
2023-10-27 19:54:55.771  INFO 35360 --- [    Test worker] o.apache.catalina.core.StandardService   : Starting service [Tomcat]
2023-10-27 19:54:55.772  INFO 35360 --- [    Test worker] org.apache.catalina.core.StandardEngine  : Starting Servlet engine: [Apache Tomcat/9.0.79]
2023-10-27 19:54:55.860  INFO 35360 --- [    Test worker] o.a.c.c.C.[Tomcat-1].[localhost].[/]     : Initializing Spring embedded WebApplicationContext
2023-10-27 19:54:55.861  INFO 35360 --- [    Test worker] w.s.c.ServletWebServerApplicationContext : Root WebApplicationContext: initialization completed in 1444 ms
2023-10-27 19:54:56.157  INFO 35360 --- [    Test worker] o.hibernate.jpa.internal.util.LogHelper  : HHH000204: Processing PersistenceUnitInfo [name: default]
2023-10-27 19:54:56.170  INFO 35360 --- [    Test worker] com.zaxxer.hikari.HikariDataSource       : HikariPool-3 - Starting...
2023-10-27 19:54:56.173  INFO 35360 --- [    Test worker] com.zaxxer.hikari.HikariDataSource       : HikariPool-3 - Start completed.
2023-10-27 19:54:56.174  INFO 35360 --- [    Test worker] org.hibernate.dialect.Dialect            : HHH000400: Using dialect: org.hibernate.dialect.H2Dialect
2023-10-27 19:54:56.311  INFO 35360 --- [    Test worker] o.h.e.t.j.p.i.JtaPlatformInitiator       : HHH000490: Using JtaPlatform implementation: [org.hibernate.engine.transaction.jta.platform.internal.NoJtaPlatform]
2023-10-27 19:54:56.312  INFO 35360 --- [    Test worker] j.LocalContainerEntityManagerFactoryBean : Initialized JPA EntityManagerFactory for persistence unit 'default'
2023-10-27 19:54:56.627  WARN 35360 --- [    Test worker] JpaBaseConfiguration$JpaWebConfiguration : spring.jpa.open-in-view is enabled by default. Therefore, database queries may be performed during view rendering. Explicitly configure spring.jpa.open-in-view to disable this warning
2023-10-27 19:54:57.511  INFO 35360 --- [    Test worker] o.s.b.w.embedded.tomcat.TomcatWebServer  : Tomcat started on port(s): 59454 (http) with context path ''
2023-10-27 19:54:57.516  INFO 35360 --- [    Test worker] c.h.u.controller.EmpleadoControllerTest  : Started EmpleadoControllerTest in 3.268 seconds (JVM running for 41.153)
]]></system-out>
  <system-err><![CDATA[]]></system-err>
</testsuite>
