<?xml version="1.0" encoding="UTF-8"?>
<testsuite name="com.hrManagement.integration.PerfilEmpleadoControllerITest" tests="5" skipped="0" failures="0" errors="0" timestamp="2023-11-04T23:37:45" hostname="LAPTOP-MOFDOF3V" time="0.204">
  <properties/>
  <testcase name="obtenerTodosLosPerfilesDeEmpleadosTest()" classname="com.hrManagement.integration.PerfilEmpleadoControllerITest" time="0.085"/>
  <testcase name="agregarPerfilEmpleadoConEmpleadoNoExisteTest()" classname="com.hrManagement.integration.PerfilEmpleadoControllerITest" time="0.038"/>
  <testcase name="eliminarPerfilEmpleadoTest()" classname="com.hrManagement.integration.PerfilEmpleadoControllerITest" time="0.036"/>
  <testcase name="obtenerDatosEmpleadoPorIDTest()" classname="com.hrManagement.integration.PerfilEmpleadoControllerITest" time="0.025"/>
  <testcase name="obtenerDatosEmpleadoPorIDNoExisteTest()" classname="com.hrManagement.integration.PerfilEmpleadoControllerITest" time="0.012"/>
  <system-out><![CDATA[2023-11-04 18:37:45.283  INFO 22020 --- [    Test worker] .b.t.c.SpringBootTestContextBootstrapper : Neither @ContextConfiguration nor @ContextHierarchy found for test class [com.hrManagement.integration.PerfilEmpleadoControllerITest], using SpringBootContextLoader
2023-11-04 18:37:45.286  INFO 22020 --- [    Test worker] o.s.t.c.support.AbstractContextLoader    : Could not detect default resource locations for test class [com.hrManagement.integration.PerfilEmpleadoControllerITest]: no resource found for suffixes {-context.xml, Context.groovy}.
2023-11-04 18:37:45.286  INFO 22020 --- [    Test worker] t.c.s.AnnotationConfigContextLoaderUtils : Could not detect default configuration classes for test class [com.hrManagement.integration.PerfilEmpleadoControllerITest]: PerfilEmpleadoControllerITest does not declare any static, non-private, non-final, nested classes annotated with @Configuration.
2023-11-04 18:37:45.291  INFO 22020 --- [    Test worker] .b.t.c.SpringBootTestContextBootstrapper : Found @SpringBootConfiguration com.hrManagement.HrmanamentApplication for test class com.hrManagement.integration.PerfilEmpleadoControllerITest
2023-11-04 18:37:45.293  INFO 22020 --- [    Test worker] .b.t.c.SpringBootTestContextBootstrapper : Loaded default TestExecutionListener class names from location [META-INF/spring.factories]: [org.springframework.boot.test.autoconfigure.restdocs.RestDocsTestExecutionListener, org.springframework.boot.test.autoconfigure.web.client.MockRestServiceServerResetTestExecutionListener, org.springframework.boot.test.autoconfigure.web.servlet.MockMvcPrintOnlyOnFailureTestExecutionListener, org.springframework.boot.test.autoconfigure.web.servlet.WebDriverTestExecutionListener, org.springframework.boot.test.autoconfigure.webservices.client.MockWebServiceServerTestExecutionListener, org.springframework.boot.test.mock.mockito.MockitoTestExecutionListener, org.springframework.boot.test.mock.mockito.ResetMocksTestExecutionListener, org.springframework.test.context.web.ServletTestExecutionListener, org.springframework.test.context.support.DirtiesContextBeforeModesTestExecutionListener, org.springframework.test.context.event.ApplicationEventsTestExecutionListener, org.springframework.test.context.support.DependencyInjectionTestExecutionListener, org.springframework.test.context.support.DirtiesContextTestExecutionListener, org.springframework.test.context.transaction.TransactionalTestExecutionListener, org.springframework.test.context.jdbc.SqlScriptsTestExecutionListener, org.springframework.test.context.event.EventPublishingTestExecutionListener]
2023-11-04 18:37:45.294  INFO 22020 --- [    Test worker] .b.t.c.SpringBootTestContextBootstrapper : Using TestExecutionListeners: [org.springframework.test.context.web.ServletTestExecutionListener@696d34b5, org.springframework.test.context.support.DirtiesContextBeforeModesTestExecutionListener@3e6ab97b, org.springframework.test.context.event.ApplicationEventsTestExecutionListener@5549c878, org.springframework.boot.test.mock.mockito.MockitoTestExecutionListener@96733c7, org.springframework.boot.test.autoconfigure.SpringBootDependencyInjectionTestExecutionListener@92f66c2, org.springframework.test.context.support.DirtiesContextTestExecutionListener@62e5b7fd, org.springframework.test.context.transaction.TransactionalTestExecutionListener@79f4a9d1, org.springframework.test.context.jdbc.SqlScriptsTestExecutionListener@493d4423, org.springframework.test.context.event.EventPublishingTestExecutionListener@3bd632b0, org.springframework.boot.test.autoconfigure.restdocs.RestDocsTestExecutionListener@74433068, org.springframework.boot.test.autoconfigure.web.client.MockRestServiceServerResetTestExecutionListener@28a5b510, org.springframework.boot.test.autoconfigure.web.servlet.MockMvcPrintOnlyOnFailureTestExecutionListener@b9ae07b, org.springframework.boot.test.autoconfigure.web.servlet.WebDriverTestExecutionListener@153000a, org.springframework.boot.test.autoconfigure.webservices.client.MockWebServiceServerTestExecutionListener@6c7eb038, org.springframework.boot.test.mock.mockito.ResetMocksTestExecutionListener@69f69592]
]]></system-out>
  <system-err><![CDATA[]]></system-err>
</testsuite>
