<?xml version="1.0" encoding="UTF-8"?>
<testsuite name="com.hrManagement.unit.logica.EmpleadoLogicaTest" tests="10" skipped="0" failures="0" errors="0" timestamp="2023-10-27T18:59:35" hostname="LAPTOP-MOFDOF3V" time="0.087">
  <properties/>
  <testcase name="testObtenerEmpleadoPorIDNotFound()" classname="com.hrManagement.unit.logica.EmpleadoLogicaTest" time="0.011"/>
  <testcase name="testObtenerEmpleadoPorID()" classname="com.hrManagement.unit.logica.EmpleadoLogicaTest" time="0.005"/>
  <testcase name="testEliminarEmpleado()" classname="com.hrManagement.unit.logica.EmpleadoLogicaTest" time="0.011"/>
  <testcase name="testObtenerTodosLosEmpleados()" classname="com.hrManagement.unit.logica.EmpleadoLogicaTest" time="0.008"/>
  <testcase name="testGuardarEmpleadoAlreadyExists()" classname="com.hrManagement.unit.logica.EmpleadoLogicaTest" time="0.008"/>
  <testcase name="testModificarEmpleado()" classname="com.hrManagement.unit.logica.EmpleadoLogicaTest" time="0.006"/>
  <testcase name="testObtenerEmpleadosPorCargo()" classname="com.hrManagement.unit.logica.EmpleadoLogicaTest" time="0.004"/>
  <testcase name="testEliminarEmpleadoNotFound()" classname="com.hrManagement.unit.logica.EmpleadoLogicaTest" time="0.005"/>
  <testcase name="testGuardarEmpleado()" classname="com.hrManagement.unit.logica.EmpleadoLogicaTest" time="0.006"/>
  <testcase name="testModificarEmpleadoNotFound()" classname="com.hrManagement.unit.logica.EmpleadoLogicaTest" time="0.006"/>
  <system-out><![CDATA[2023-10-27 13:59:35.056  INFO 32948 --- [    Test worker] .b.t.c.SpringBootTestContextBootstrapper : Neither @ContextConfiguration nor @ContextHierarchy found for test class [com.hrManagement.unit.logica.EmpleadoLogicaTest], using SpringBootContextLoader
2023-10-27 13:59:35.058  INFO 32948 --- [    Test worker] o.s.t.c.support.AbstractContextLoader    : Could not detect default resource locations for test class [com.hrManagement.unit.logica.EmpleadoLogicaTest]: no resource found for suffixes {-context.xml, Context.groovy}.
2023-10-27 13:59:35.058  INFO 32948 --- [    Test worker] t.c.s.AnnotationConfigContextLoaderUtils : Could not detect default configuration classes for test class [com.hrManagement.unit.logica.EmpleadoLogicaTest]: EmpleadoLogicaTest does not declare any static, non-private, non-final, nested classes annotated with @Configuration.
2023-10-27 13:59:35.071  INFO 32948 --- [    Test worker] .b.t.c.SpringBootTestContextBootstrapper : Found @SpringBootConfiguration com.hrManagement.HrmanamentApplication for test class com.hrManagement.unit.logica.EmpleadoLogicaTest
2023-10-27 13:59:35.073  INFO 32948 --- [    Test worker] .b.t.c.SpringBootTestContextBootstrapper : Loaded default TestExecutionListener class names from location [META-INF/spring.factories]: [org.springframework.boot.test.autoconfigure.restdocs.RestDocsTestExecutionListener, org.springframework.boot.test.autoconfigure.web.client.MockRestServiceServerResetTestExecutionListener, org.springframework.boot.test.autoconfigure.web.servlet.MockMvcPrintOnlyOnFailureTestExecutionListener, org.springframework.boot.test.autoconfigure.web.servlet.WebDriverTestExecutionListener, org.springframework.boot.test.autoconfigure.webservices.client.MockWebServiceServerTestExecutionListener, org.springframework.boot.test.mock.mockito.MockitoTestExecutionListener, org.springframework.boot.test.mock.mockito.ResetMocksTestExecutionListener, org.springframework.test.context.web.ServletTestExecutionListener, org.springframework.test.context.support.DirtiesContextBeforeModesTestExecutionListener, org.springframework.test.context.event.ApplicationEventsTestExecutionListener, org.springframework.test.context.support.DependencyInjectionTestExecutionListener, org.springframework.test.context.support.DirtiesContextTestExecutionListener, org.springframework.test.context.transaction.TransactionalTestExecutionListener, org.springframework.test.context.jdbc.SqlScriptsTestExecutionListener, org.springframework.test.context.event.EventPublishingTestExecutionListener]
2023-10-27 13:59:35.073  INFO 32948 --- [    Test worker] .b.t.c.SpringBootTestContextBootstrapper : Using TestExecutionListeners: [org.springframework.test.context.web.ServletTestExecutionListener@2c0a5ae6, org.springframework.test.context.support.DirtiesContextBeforeModesTestExecutionListener@66d1d247, org.springframework.test.context.event.ApplicationEventsTestExecutionListener@248e24b, org.springframework.boot.test.mock.mockito.MockitoTestExecutionListener@7aa8fbb2, org.springframework.boot.test.autoconfigure.SpringBootDependencyInjectionTestExecutionListener@40b436b, org.springframework.test.context.support.DirtiesContextTestExecutionListener@6ca0ea47, org.springframework.test.context.transaction.TransactionalTestExecutionListener@293f1722, org.springframework.test.context.jdbc.SqlScriptsTestExecutionListener@14770cdc, org.springframework.test.context.event.EventPublishingTestExecutionListener@4a390522, org.springframework.boot.test.autoconfigure.restdocs.RestDocsTestExecutionListener@21202cf0, org.springframework.boot.test.autoconfigure.web.client.MockRestServiceServerResetTestExecutionListener@7077b9f1, org.springframework.boot.test.autoconfigure.web.servlet.MockMvcPrintOnlyOnFailureTestExecutionListener@5cca4acf, org.springframework.boot.test.autoconfigure.web.servlet.WebDriverTestExecutionListener@5e585461, org.springframework.boot.test.autoconfigure.webservices.client.MockWebServiceServerTestExecutionListener@7ebfb4f6, org.springframework.boot.test.mock.mockito.ResetMocksTestExecutionListener@33ca22e1]
]]></system-out>
  <system-err><![CDATA[]]></system-err>
</testsuite>
